<?xml version="1.0" encoding="utf-8" standalone="no"?>
<test-run id="2" testcasecount="69" result="Passed" total="69" passed="69" failed="0" inconclusive="0" skipped="0" asserts="91" engine-version="3.7.0.0" clr-version="4.0.30319.42000" start-time="2017-08-07 10:09:20Z" end-time="2017-08-07 10:09:26Z" duration="5.769237">
  <command-line><![CDATA["C:\Users\golubev.dmitriy\Documents\Visual Studio 2015\Projects\Task 1\Task 1.Tests\..\packages\NUnit.ConsoleRunner.3.7.0\tools\nunit3-console.exe" "bin\Debug\Task 1.Tests.dll" --result:test-results.xml;format=nunit3 --workers=1]]></command-line>
  <test-suite type="Assembly" id="0-1075" name="Task 1.Tests.dll" fullname="C:\Users\golubev.dmitriy\Documents\Visual Studio 2015\Projects\Task 1\Task 1.Tests\bin\Debug\Task 1.Tests.dll" runstate="Runnable" testcasecount="69" result="Passed" start-time="2017-08-07 10:09:24Z" end-time="2017-08-07 10:09:26Z" duration="1.918354" total="69" passed="69" failed="0" warnings="0" inconclusive="0" skipped="0" asserts="91">
    <environment framework-version="3.7.1.0" clr-version="4.0.30319.42000" os-version="Microsoft Windows NT 6.1.7601 Service Pack 1" platform="Win32NT" cwd="C:\Users\golubev.dmitriy\Documents\Visual Studio 2015\Projects\Task 1\Task 1.Tests" machine-name="ITM90000916" user="golubev.dmitriy" user-domain="CORP" culture="ru-RU" uiculture="ru-RU" os-architecture="x64" />
    <settings>
      <setting name="DisposeRunners" value="True" />
      <setting name="WorkDirectory" value="C:\Users\golubev.dmitriy\Documents\Visual Studio 2015\Projects\Task 1\Task 1.Tests" />
      <setting name="NumberOfTestWorkers" value="1" />
      <setting name="ImageRuntimeVersion" value="4.0.30319" />
      <setting name="ImageTargetFrameworkName" value=".NETFramework,Version=v4.5.2" />
      <setting name="ImageRequiresX86" value="False" />
      <setting name="ImageRequiresDefaultAppDomainAssemblyResolver" value="False" />
    </settings>
    <properties>
      <property name="_PID" value="7448" />
      <property name="_APPDOMAIN" value="domain-" />
    </properties>
    <test-suite type="TestSuite" id="0-1082" name="DomainModel" fullname="DomainModel" runstate="Runnable" testcasecount="19" result="Passed" start-time="2017-08-07 10:09:24Z" end-time="2017-08-07 10:09:25Z" duration="1.259161" total="19" passed="19" failed="0" warnings="0" inconclusive="0" skipped="0" asserts="20">
      <test-suite type="TestSuite" id="0-1085" name="Models" fullname="DomainModel.Models" runstate="Runnable" testcasecount="8" result="Passed" start-time="2017-08-07 10:09:24Z" end-time="2017-08-07 10:09:24Z" duration="0.105539" total="8" passed="8" failed="0" warnings="0" inconclusive="0" skipped="0" asserts="9">
        <test-suite type="TestSuite" id="0-1086" name="Tests" fullname="DomainModel.Models.Tests" runstate="Runnable" testcasecount="8" result="Passed" start-time="2017-08-07 10:09:24Z" end-time="2017-08-07 10:09:24Z" duration="0.104656" total="8" passed="8" failed="0" warnings="0" inconclusive="0" skipped="0" asserts="9">
          <test-suite type="TestFixture" id="0-1066" name="ValidationLogTests" fullname="DomainModel.Models.Tests.ValidationLogTests" classname="DomainModel.Models.Tests.ValidationLogTests" runstate="Runnable" testcasecount="8" result="Passed" start-time="2017-08-07 10:09:24Z" end-time="2017-08-07 10:09:24Z" duration="0.102100" total="8" passed="8" failed="0" warnings="0" inconclusive="0" skipped="0" asserts="9">
            <test-case id="0-1072" name="ToString_AddressInvalid_Success" fullname="DomainModel.Models.Tests.ValidationLogTests.ToString_AddressInvalid_Success" methodname="ToString_AddressInvalid_Success" classname="DomainModel.Models.Tests.ValidationLogTests" runstate="Runnable" seed="1457787565" result="Passed" start-time="2017-08-07 10:09:24Z" end-time="2017-08-07 10:09:24Z" duration="0.060734" asserts="1" />
            <test-case id="0-1074" name="ToString_EverythingIsFine_Success" fullname="DomainModel.Models.Tests.ValidationLogTests.ToString_EverythingIsFine_Success" methodname="ToString_EverythingIsFine_Success" classname="DomainModel.Models.Tests.ValidationLogTests" runstate="Runnable" seed="362870772" result="Passed" start-time="2017-08-07 10:09:24Z" end-time="2017-08-07 10:09:24Z" duration="0.000489" asserts="1" />
            <test-case id="0-1071" name="ToString_IdInvalid_Success" fullname="DomainModel.Models.Tests.ValidationLogTests.ToString_IdInvalid_Success" methodname="ToString_IdInvalid_Success" classname="DomainModel.Models.Tests.ValidationLogTests" runstate="Runnable" seed="91058567" result="Passed" start-time="2017-08-07 10:09:24Z" end-time="2017-08-07 10:09:24Z" duration="0.000364" asserts="1" />
            <test-case id="0-1068" name="ToString_IdNoErrors_Success" fullname="DomainModel.Models.Tests.ValidationLogTests.ToString_IdNoErrors_Success" methodname="ToString_IdNoErrors_Success" classname="DomainModel.Models.Tests.ValidationLogTests" runstate="Runnable" seed="1515965455" result="Passed" start-time="2017-08-07 10:09:24Z" end-time="2017-08-07 10:09:24Z" duration="0.000466" asserts="1" />
            <test-case id="0-1070" name="ToString_IdNotExists_Success" fullname="DomainModel.Models.Tests.ValidationLogTests.ToString_IdNotExists_Success" methodname="ToString_IdNotExists_Success" classname="DomainModel.Models.Tests.ValidationLogTests" runstate="Runnable" seed="808947964" result="Passed" start-time="2017-08-07 10:09:24Z" end-time="2017-08-07 10:09:24Z" duration="0.000719" asserts="1" />
            <test-case id="0-1069" name="ToString_IdNotUnique_Success" fullname="DomainModel.Models.Tests.ValidationLogTests.ToString_IdNotUnique_Success" methodname="ToString_IdNotUnique_Success" classname="DomainModel.Models.Tests.ValidationLogTests" runstate="Runnable" seed="1838104320" result="Passed" start-time="2017-08-07 10:09:24Z" end-time="2017-08-07 10:09:24Z" duration="0.000391" asserts="1" />
            <test-case id="0-1073" name="ToString_MaskInvalid_Success" fullname="DomainModel.Models.Tests.ValidationLogTests.ToString_MaskInvalid_Success" methodname="ToString_MaskInvalid_Success" classname="DomainModel.Models.Tests.ValidationLogTests" runstate="Runnable" seed="1466243803" result="Passed" start-time="2017-08-07 10:09:24Z" end-time="2017-08-07 10:09:24Z" duration="0.000339" asserts="1" />
            <test-case id="0-1067" name="ValidationLog_ValidParams_Success" fullname="DomainModel.Models.Tests.ValidationLogTests.ValidationLog_ValidParams_Success" methodname="ValidationLog_ValidParams_Success" classname="DomainModel.Models.Tests.ValidationLogTests" runstate="Runnable" seed="1834265587" result="Passed" start-time="2017-08-07 10:09:24Z" end-time="2017-08-07 10:09:24Z" duration="0.003422" asserts="2" />
          </test-suite>
        </test-suite>
      </test-suite>
      <test-suite type="TestSuite" id="0-1083" name="Repository" fullname="DomainModel.Repository" runstate="Runnable" testcasecount="11" result="Passed" start-time="2017-08-07 10:09:24Z" end-time="2017-08-07 10:09:25Z" duration="1.148564" total="11" passed="11" failed="0" warnings="0" inconclusive="0" skipped="0" asserts="11">
        <test-suite type="TestSuite" id="0-1084" name="Tests" fullname="DomainModel.Repository.Tests" runstate="Runnable" testcasecount="11" result="Passed" start-time="2017-08-07 10:09:24Z" end-time="2017-08-07 10:09:25Z" duration="1.147148" total="11" passed="11" failed="0" warnings="0" inconclusive="0" skipped="0" asserts="11">
          <test-suite type="TestFixture" id="0-1054" name="DBRepositoryTests" fullname="DomainModel.Repository.Tests.DBRepositoryTests" classname="DomainModel.Repository.Tests.DBRepositoryTests" runstate="Runnable" testcasecount="11" result="Passed" start-time="2017-08-07 10:09:24Z" end-time="2017-08-07 10:09:25Z" duration="1.145143" total="11" passed="11" failed="0" warnings="0" inconclusive="0" skipped="0" asserts="11">
            <test-case id="0-1058" name="Create_NullId_ThrowsException" fullname="DomainModel.Repository.Tests.DBRepositoryTests.Create_NullId_ThrowsException" methodname="Create_NullId_ThrowsException" classname="DomainModel.Repository.Tests.DBRepositoryTests" runstate="Runnable" seed="1596764745" result="Passed" start-time="2017-08-07 10:09:25Z" end-time="2017-08-07 10:09:25Z" duration="0.129145" asserts="1" />
            <test-case id="0-1059" name="Create_NullSubnet_ThrowsException" fullname="DomainModel.Repository.Tests.DBRepositoryTests.Create_NullSubnet_ThrowsException" methodname="Create_NullSubnet_ThrowsException" classname="DomainModel.Repository.Tests.DBRepositoryTests" runstate="Runnable" seed="526284325" result="Passed" start-time="2017-08-07 10:09:25Z" end-time="2017-08-07 10:09:25Z" duration="0.018953" asserts="1" />
            <test-case id="0-1057" name="Create_ValidData_Success" fullname="DomainModel.Repository.Tests.DBRepositoryTests.Create_ValidData_Success" methodname="Create_ValidData_Success" classname="DomainModel.Repository.Tests.DBRepositoryTests" runstate="Runnable" seed="1473220044" result="Passed" start-time="2017-08-07 10:09:25Z" end-time="2017-08-07 10:09:25Z" duration="0.068857" asserts="1" />
            <test-case id="0-1055" name="DBRepository_RightConnectionString_Success" fullname="DomainModel.Repository.Tests.DBRepositoryTests.DBRepository_RightConnectionString_Success" methodname="DBRepository_RightConnectionString_Success" classname="DomainModel.Repository.Tests.DBRepositoryTests" runstate="Runnable" seed="1080221317" result="Passed" start-time="2017-08-07 10:09:25Z" end-time="2017-08-07 10:09:25Z" duration="0.036807" asserts="1" />
            <test-case id="0-1056" name="DBRepository_WrongConnectionString_Fail" fullname="DomainModel.Repository.Tests.DBRepositoryTests.DBRepository_WrongConnectionString_Fail" methodname="DBRepository_WrongConnectionString_Fail" classname="DomainModel.Repository.Tests.DBRepositoryTests" runstate="Runnable" seed="741690833" result="Passed" start-time="2017-08-07 10:09:25Z" end-time="2017-08-07 10:09:25Z" duration="0.003009" asserts="1" />
            <test-case id="0-1061" name="Delete_NullId_ThrowsException" fullname="DomainModel.Repository.Tests.DBRepositoryTests.Delete_NullId_ThrowsException" methodname="Delete_NullId_ThrowsException" classname="DomainModel.Repository.Tests.DBRepositoryTests" runstate="Runnable" seed="863294943" result="Passed" start-time="2017-08-07 10:09:25Z" end-time="2017-08-07 10:09:25Z" duration="0.029785" asserts="1" />
            <test-case id="0-1060" name="Delete_ValidData_Success" fullname="DomainModel.Repository.Tests.DBRepositoryTests.Delete_ValidData_Success" methodname="Delete_ValidData_Success" classname="DomainModel.Repository.Tests.DBRepositoryTests" runstate="Runnable" seed="1077841203" result="Passed" start-time="2017-08-07 10:09:25Z" end-time="2017-08-07 10:09:25Z" duration="0.176279" asserts="1" />
            <test-case id="0-1064" name="Edit_NullNewId_ThrowsException" fullname="DomainModel.Repository.Tests.DBRepositoryTests.Edit_NullNewId_ThrowsException" methodname="Edit_NullNewId_ThrowsException" classname="DomainModel.Repository.Tests.DBRepositoryTests" runstate="Runnable" seed="1374068154" result="Passed" start-time="2017-08-07 10:09:25Z" end-time="2017-08-07 10:09:25Z" duration="0.021429" asserts="1" />
            <test-case id="0-1063" name="Edit_NullOldId_ThrowsException" fullname="DomainModel.Repository.Tests.DBRepositoryTests.Edit_NullOldId_ThrowsException" methodname="Edit_NullOldId_ThrowsException" classname="DomainModel.Repository.Tests.DBRepositoryTests" runstate="Runnable" seed="725457891" result="Passed" start-time="2017-08-07 10:09:25Z" end-time="2017-08-07 10:09:25Z" duration="0.021625" asserts="1" />
            <test-case id="0-1065" name="Edit_NullSubnet_ThrowsException" fullname="DomainModel.Repository.Tests.DBRepositoryTests.Edit_NullSubnet_ThrowsException" methodname="Edit_NullSubnet_ThrowsException" classname="DomainModel.Repository.Tests.DBRepositoryTests" runstate="Runnable" seed="245024375" result="Passed" start-time="2017-08-07 10:09:25Z" end-time="2017-08-07 10:09:25Z" duration="0.022636" asserts="1" />
            <test-case id="0-1062" name="Edit_ValidData_Success" fullname="DomainModel.Repository.Tests.DBRepositoryTests.Edit_ValidData_Success" methodname="Edit_ValidData_Success" classname="DomainModel.Repository.Tests.DBRepositoryTests" runstate="Runnable" seed="22017175" result="Passed" start-time="2017-08-07 10:09:25Z" end-time="2017-08-07 10:09:25Z" duration="0.078095" asserts="1" />
          </test-suite>
        </test-suite>
      </test-suite>
    </test-suite>
    <test-suite type="TestSuite" id="0-1076" name="Task_1" fullname="Task_1" runstate="Runnable" testcasecount="50" result="Passed" start-time="2017-08-07 10:09:25Z" end-time="2017-08-07 10:09:26Z" duration="0.641019" total="50" passed="50" failed="0" warnings="0" inconclusive="0" skipped="0" asserts="71">
      <test-suite type="TestSuite" id="0-1077" name="DomainModel" fullname="Task_1.DomainModel" runstate="Runnable" testcasecount="40" result="Passed" start-time="2017-08-07 10:09:25Z" end-time="2017-08-07 10:09:26Z" duration="0.611007" total="40" passed="40" failed="0" warnings="0" inconclusive="0" skipped="0" asserts="58">
        <test-suite type="TestSuite" id="0-1078" name="Service" fullname="Task_1.DomainModel.Service" runstate="Runnable" testcasecount="40" result="Passed" start-time="2017-08-07 10:09:25Z" end-time="2017-08-07 10:09:26Z" duration="0.609004" total="40" passed="40" failed="0" warnings="0" inconclusive="0" skipped="0" asserts="58">
          <test-suite type="TestSuite" id="0-1079" name="Tests" fullname="Task_1.DomainModel.Service.Tests" runstate="Runnable" testcasecount="40" result="Passed" start-time="2017-08-07 10:09:25Z" end-time="2017-08-07 10:09:26Z" duration="0.607023" total="40" passed="40" failed="0" warnings="0" inconclusive="0" skipped="0" asserts="58">
            <test-suite type="TestFixture" id="0-1020" name="SubnetContainerManagerTests" fullname="Task_1.DomainModel.Service.Tests.SubnetContainerManagerTests" classname="Task_1.DomainModel.Service.Tests.SubnetContainerManagerTests" runstate="Runnable" testcasecount="22" result="Passed" start-time="2017-08-07 10:09:25Z" end-time="2017-08-07 10:09:26Z" duration="0.552030" total="22" passed="22" failed="0" warnings="0" inconclusive="0" skipped="0" asserts="26">
              <test-case id="0-1028" name="Create_ExistingIdSubnet_RepositoryMethodNotCalled" fullname="Task_1.DomainModel.Service.Tests.SubnetContainerManagerTests.Create_ExistingIdSubnet_RepositoryMethodNotCalled" methodname="Create_ExistingIdSubnet_RepositoryMethodNotCalled" classname="Task_1.DomainModel.Service.Tests.SubnetContainerManagerTests" runstate="Runnable" seed="1404004160" result="Passed" start-time="2017-08-07 10:09:25Z" end-time="2017-08-07 10:09:26Z" duration="0.440951" asserts="0" />
              <test-case id="0-1031" name="Create_LongId_RepositoryMethodNotCalled" fullname="Task_1.DomainModel.Service.Tests.SubnetContainerManagerTests.Create_LongId_RepositoryMethodNotCalled" methodname="Create_LongId_RepositoryMethodNotCalled" classname="Task_1.DomainModel.Service.Tests.SubnetContainerManagerTests" runstate="Runnable" seed="1457612309" result="Passed" start-time="2017-08-07 10:09:26Z" end-time="2017-08-07 10:09:26Z" duration="0.004469" asserts="0" />
              <test-case id="0-1026" name="Create_NullId_ThrowsException" fullname="Task_1.DomainModel.Service.Tests.SubnetContainerManagerTests.Create_NullId_ThrowsException" methodname="Create_NullId_ThrowsException" classname="Task_1.DomainModel.Service.Tests.SubnetContainerManagerTests" runstate="Runnable" seed="1357248970" result="Passed" start-time="2017-08-07 10:09:26Z" end-time="2017-08-07 10:09:26Z" duration="0.000900" asserts="1" />
              <test-case id="0-1027" name="Create_NullSubnet_ThrowsException" fullname="Task_1.DomainModel.Service.Tests.SubnetContainerManagerTests.Create_NullSubnet_ThrowsException" methodname="Create_NullSubnet_ThrowsException" classname="Task_1.DomainModel.Service.Tests.SubnetContainerManagerTests" runstate="Runnable" seed="83413837" result="Passed" start-time="2017-08-07 10:09:26Z" end-time="2017-08-07 10:09:26Z" duration="0.000872" asserts="1" />
              <test-case id="0-1025" name="Create_ValidSubnet_RepositoryMethodCalled" fullname="Task_1.DomainModel.Service.Tests.SubnetContainerManagerTests.Create_ValidSubnet_RepositoryMethodCalled" methodname="Create_ValidSubnet_RepositoryMethodCalled" classname="Task_1.DomainModel.Service.Tests.SubnetContainerManagerTests" runstate="Runnable" seed="1127849406" result="Passed" start-time="2017-08-07 10:09:26Z" end-time="2017-08-07 10:09:26Z" duration="0.006257" asserts="0" />
              <test-case id="0-1029" name="Create_WrongAddressSubnet_RepositoryMethodNotCalled" fullname="Task_1.DomainModel.Service.Tests.SubnetContainerManagerTests.Create_WrongAddressSubnet_RepositoryMethodNotCalled" methodname="Create_WrongAddressSubnet_RepositoryMethodNotCalled" classname="Task_1.DomainModel.Service.Tests.SubnetContainerManagerTests" runstate="Runnable" seed="1789135694" result="Passed" start-time="2017-08-07 10:09:26Z" end-time="2017-08-07 10:09:26Z" duration="0.005182" asserts="2" />
              <test-case id="0-1030" name="Create_WrongMaskSubnet_RepositoryMethodNotCalled" fullname="Task_1.DomainModel.Service.Tests.SubnetContainerManagerTests.Create_WrongMaskSubnet_RepositoryMethodNotCalled" methodname="Create_WrongMaskSubnet_RepositoryMethodNotCalled" classname="Task_1.DomainModel.Service.Tests.SubnetContainerManagerTests" runstate="Runnable" seed="1158907372" result="Passed" start-time="2017-08-07 10:09:26Z" end-time="2017-08-07 10:09:26Z" duration="0.003936" asserts="2" />
              <test-case id="0-1034" name="Delete_EmptyId_ThrowsException" fullname="Task_1.DomainModel.Service.Tests.SubnetContainerManagerTests.Delete_EmptyId_ThrowsException" methodname="Delete_EmptyId_ThrowsException" classname="Task_1.DomainModel.Service.Tests.SubnetContainerManagerTests" runstate="Runnable" seed="482383397" result="Passed" start-time="2017-08-07 10:09:26Z" end-time="2017-08-07 10:09:26Z" duration="0.001449" asserts="1" />
              <test-case id="0-1035" name="Delete_LongId_RepositoryMethodNotCalled" fullname="Task_1.DomainModel.Service.Tests.SubnetContainerManagerTests.Delete_LongId_RepositoryMethodNotCalled" methodname="Delete_LongId_RepositoryMethodNotCalled" classname="Task_1.DomainModel.Service.Tests.SubnetContainerManagerTests" runstate="Runnable" seed="1825901069" result="Passed" start-time="2017-08-07 10:09:26Z" end-time="2017-08-07 10:09:26Z" duration="0.003332" asserts="0" />
              <test-case id="0-1033" name="Delete_NullId_ThrowsException" fullname="Task_1.DomainModel.Service.Tests.SubnetContainerManagerTests.Delete_NullId_ThrowsException" methodname="Delete_NullId_ThrowsException" classname="Task_1.DomainModel.Service.Tests.SubnetContainerManagerTests" runstate="Runnable" seed="2015801554" result="Passed" start-time="2017-08-07 10:09:26Z" end-time="2017-08-07 10:09:26Z" duration="0.005449" asserts="1" />
              <test-case id="0-1032" name="Delete_ValidId_RepositoryMethodCalled" fullname="Task_1.DomainModel.Service.Tests.SubnetContainerManagerTests.Delete_ValidId_RepositoryMethodCalled" methodname="Delete_ValidId_RepositoryMethodCalled" classname="Task_1.DomainModel.Service.Tests.SubnetContainerManagerTests" runstate="Runnable" seed="1440722542" result="Passed" start-time="2017-08-07 10:09:26Z" end-time="2017-08-07 10:09:26Z" duration="0.003423" asserts="0" />
              <test-case id="0-1040" name="Edit_IDsAreSame_RepositoryMethodCalled" fullname="Task_1.DomainModel.Service.Tests.SubnetContainerManagerTests.Edit_IDsAreSame_RepositoryMethodCalled" methodname="Edit_IDsAreSame_RepositoryMethodCalled" classname="Task_1.DomainModel.Service.Tests.SubnetContainerManagerTests" runstate="Runnable" seed="215736358" result="Passed" start-time="2017-08-07 10:09:26Z" end-time="2017-08-07 10:09:26Z" duration="0.006024" asserts="0" />
              <test-case id="0-1042" name="Edit_InvalidNewId_RepositoryMethodNotCalled" fullname="Task_1.DomainModel.Service.Tests.SubnetContainerManagerTests.Edit_InvalidNewId_RepositoryMethodNotCalled" methodname="Edit_InvalidNewId_RepositoryMethodNotCalled" classname="Task_1.DomainModel.Service.Tests.SubnetContainerManagerTests" runstate="Runnable" seed="575479575" result="Passed" start-time="2017-08-07 10:09:26Z" end-time="2017-08-07 10:09:26Z" duration="0.005138" asserts="0" />
              <test-case id="0-1041" name="Edit_NotExistingOldId_RepositoryMethodNotCalled" fullname="Task_1.DomainModel.Service.Tests.SubnetContainerManagerTests.Edit_NotExistingOldId_RepositoryMethodNotCalled" methodname="Edit_NotExistingOldId_RepositoryMethodNotCalled" classname="Task_1.DomainModel.Service.Tests.SubnetContainerManagerTests" runstate="Runnable" seed="874841641" result="Passed" start-time="2017-08-07 10:09:26Z" end-time="2017-08-07 10:09:26Z" duration="0.004593" asserts="2" />
              <test-case id="0-1038" name="Edit_NullNewId_ThrowsException" fullname="Task_1.DomainModel.Service.Tests.SubnetContainerManagerTests.Edit_NullNewId_ThrowsException" methodname="Edit_NullNewId_ThrowsException" classname="Task_1.DomainModel.Service.Tests.SubnetContainerManagerTests" runstate="Runnable" seed="229753540" result="Passed" start-time="2017-08-07 10:09:26Z" end-time="2017-08-07 10:09:26Z" duration="0.001007" asserts="1" />
              <test-case id="0-1037" name="Edit_NullOldId_ThrowsException" fullname="Task_1.DomainModel.Service.Tests.SubnetContainerManagerTests.Edit_NullOldId_ThrowsException" methodname="Edit_NullOldId_ThrowsException" classname="Task_1.DomainModel.Service.Tests.SubnetContainerManagerTests" runstate="Runnable" seed="1839055679" result="Passed" start-time="2017-08-07 10:09:26Z" end-time="2017-08-07 10:09:26Z" duration="0.000954" asserts="1" />
              <test-case id="0-1039" name="Edit_NullSubnet_ThrowsException" fullname="Task_1.DomainModel.Service.Tests.SubnetContainerManagerTests.Edit_NullSubnet_ThrowsException" methodname="Edit_NullSubnet_ThrowsException" classname="Task_1.DomainModel.Service.Tests.SubnetContainerManagerTests" runstate="Runnable" seed="952870630" result="Passed" start-time="2017-08-07 10:09:26Z" end-time="2017-08-07 10:09:26Z" duration="0.001706" asserts="1" />
              <test-case id="0-1036" name="Edit_ValidIds_RepositoryMethodCalled" fullname="Task_1.DomainModel.Service.Tests.SubnetContainerManagerTests.Edit_ValidIds_RepositoryMethodCalled" methodname="Edit_ValidIds_RepositoryMethodCalled" classname="Task_1.DomainModel.Service.Tests.SubnetContainerManagerTests" runstate="Runnable" seed="1532785177" result="Passed" start-time="2017-08-07 10:09:26Z" end-time="2017-08-07 10:09:26Z" duration="0.004458" asserts="0" />
              <test-case id="0-1022" name="GetTest_CollectionsOfDifferentCount" fullname="Task_1.DomainModel.Service.Tests.SubnetContainerManagerTests.GetTest_CollectionsOfDifferentCount" methodname="GetTest_CollectionsOfDifferentCount" classname="Task_1.DomainModel.Service.Tests.SubnetContainerManagerTests" runstate="Runnable" seed="2044444900" result="Passed" start-time="2017-08-07 10:09:26Z" end-time="2017-08-07 10:09:26Z" duration="0.008115" asserts="1" />
              <test-case id="0-1023" name="GetTest_CollectionsOfDifferentElementsId" fullname="Task_1.DomainModel.Service.Tests.SubnetContainerManagerTests.GetTest_CollectionsOfDifferentElementsId" methodname="GetTest_CollectionsOfDifferentElementsId" classname="Task_1.DomainModel.Service.Tests.SubnetContainerManagerTests" runstate="Runnable" seed="1573023120" result="Passed" start-time="2017-08-07 10:09:26Z" end-time="2017-08-07 10:09:26Z" duration="0.004006" asserts="4" />
              <test-case id="0-1024" name="GetTest_CollectionsOfDifferentElementsNetworks" fullname="Task_1.DomainModel.Service.Tests.SubnetContainerManagerTests.GetTest_CollectionsOfDifferentElementsNetworks" methodname="GetTest_CollectionsOfDifferentElementsNetworks" classname="Task_1.DomainModel.Service.Tests.SubnetContainerManagerTests" runstate="Runnable" seed="1102688352" result="Passed" start-time="2017-08-07 10:09:26Z" end-time="2017-08-07 10:09:26Z" duration="0.002038" asserts="4" />
              <test-case id="0-1021" name="GetTest_SameCollections" fullname="Task_1.DomainModel.Service.Tests.SubnetContainerManagerTests.GetTest_SameCollections" methodname="GetTest_SameCollections" classname="Task_1.DomainModel.Service.Tests.SubnetContainerManagerTests" runstate="Runnable" seed="249474866" result="Passed" start-time="2017-08-07 10:09:26Z" end-time="2017-08-07 10:09:26Z" duration="0.002231" asserts="4" />
            </test-suite>
            <test-suite type="TestFixture" id="0-1000" name="SubnetCoverageManagerTests" fullname="Task_1.DomainModel.Service.Tests.SubnetCoverageManagerTests" classname="Task_1.DomainModel.Service.Tests.SubnetCoverageManagerTests" runstate="Runnable" testcasecount="5" result="Passed" start-time="2017-08-07 10:09:26Z" end-time="2017-08-07 10:09:26Z" duration="0.023032" total="5" passed="5" failed="0" warnings="0" inconclusive="0" skipped="0" asserts="6">
              <test-case id="0-1001" name="GetMinimalCoverage_OneCoversAnother_Success" fullname="Task_1.DomainModel.Service.Tests.SubnetCoverageManagerTests.GetMinimalCoverage_OneCoversAnother_Success" methodname="GetMinimalCoverage_OneCoversAnother_Success" classname="Task_1.DomainModel.Service.Tests.SubnetCoverageManagerTests" runstate="Runnable" seed="27181785" result="Passed" start-time="2017-08-07 10:09:26Z" end-time="2017-08-07 10:09:26Z" duration="0.009841" asserts="1" />
              <test-case id="0-1002" name="GetMinimalCoverage_OneCoversAnotherTwo_Success" fullname="Task_1.DomainModel.Service.Tests.SubnetCoverageManagerTests.GetMinimalCoverage_OneCoversAnotherTwo_Success" methodname="GetMinimalCoverage_OneCoversAnotherTwo_Success" classname="Task_1.DomainModel.Service.Tests.SubnetCoverageManagerTests" runstate="Runnable" seed="895145640" result="Passed" start-time="2017-08-07 10:09:26Z" end-time="2017-08-07 10:09:26Z" duration="0.000968" asserts="1" />
              <test-case id="0-1005" name="GetMinimalCoverage_SameNetwork_CoverBoth" fullname="Task_1.DomainModel.Service.Tests.SubnetCoverageManagerTests.GetMinimalCoverage_SameNetwork_CoverBoth" methodname="GetMinimalCoverage_SameNetwork_CoverBoth" classname="Task_1.DomainModel.Service.Tests.SubnetCoverageManagerTests" runstate="Runnable" seed="1856725534" result="Passed" start-time="2017-08-07 10:09:26Z" end-time="2017-08-07 10:09:26Z" duration="0.000849" asserts="1" />
              <test-case id="0-1004" name="GetMinimalCoverage_TransitiveCoverage_OneCoversAll" fullname="Task_1.DomainModel.Service.Tests.SubnetCoverageManagerTests.GetMinimalCoverage_TransitiveCoverage_OneCoversAll" methodname="GetMinimalCoverage_TransitiveCoverage_OneCoversAll" classname="Task_1.DomainModel.Service.Tests.SubnetCoverageManagerTests" runstate="Runnable" seed="1423572550" result="Passed" start-time="2017-08-07 10:09:26Z" end-time="2017-08-07 10:09:26Z" duration="0.000997" asserts="1" />
              <test-case id="0-1003" name="GetMinimalCoverage_TwoCoverages_Success" fullname="Task_1.DomainModel.Service.Tests.SubnetCoverageManagerTests.GetMinimalCoverage_TwoCoverages_Success" methodname="GetMinimalCoverage_TwoCoverages_Success" classname="Task_1.DomainModel.Service.Tests.SubnetCoverageManagerTests" runstate="Runnable" seed="1049767557" result="Passed" start-time="2017-08-07 10:09:26Z" end-time="2017-08-07 10:09:26Z" duration="0.003005" asserts="2" />
            </test-suite>
            <test-suite type="TestFixture" id="0-1006" name="SubnetValidatorTests" fullname="Task_1.DomainModel.Service.Tests.SubnetValidatorTests" classname="Task_1.DomainModel.Service.Tests.SubnetValidatorTests" runstate="Runnable" testcasecount="13" result="Passed" start-time="2017-08-07 10:09:26Z" end-time="2017-08-07 10:09:26Z" duration="0.026031" total="13" passed="13" failed="0" warnings="0" inconclusive="0" skipped="0" asserts="26">
              <test-case id="0-1012" name="IsValidAddress_NegativeAddress_Fail" fullname="Task_1.DomainModel.Service.Tests.SubnetValidatorTests.IsValidAddress_NegativeAddress_Fail" methodname="IsValidAddress_NegativeAddress_Fail" classname="Task_1.DomainModel.Service.Tests.SubnetValidatorTests" runstate="Runnable" seed="1311742340" result="Passed" start-time="2017-08-07 10:09:26Z" end-time="2017-08-07 10:09:26Z" duration="0.000689" asserts="2" />
              <test-case id="0-1010" name="IsValidAddress_NotAnAddress_Fail" fullname="Task_1.DomainModel.Service.Tests.SubnetValidatorTests.IsValidAddress_NotAnAddress_Fail" methodname="IsValidAddress_NotAnAddress_Fail" classname="Task_1.DomainModel.Service.Tests.SubnetValidatorTests" runstate="Runnable" seed="1128450636" result="Passed" start-time="2017-08-07 10:09:26Z" end-time="2017-08-07 10:09:26Z" duration="0.000383" asserts="2" />
              <test-case id="0-1007" name="IsValidAddress_RightAddress_Success" fullname="Task_1.DomainModel.Service.Tests.SubnetValidatorTests.IsValidAddress_RightAddress_Success" methodname="IsValidAddress_RightAddress_Success" classname="Task_1.DomainModel.Service.Tests.SubnetValidatorTests" runstate="Runnable" seed="562902658" result="Passed" start-time="2017-08-07 10:09:26Z" end-time="2017-08-07 10:09:26Z" duration="0.000367" asserts="2" />
              <test-case id="0-1009" name="IsValidAddress_RightMaskedAddress_Success" fullname="Task_1.DomainModel.Service.Tests.SubnetValidatorTests.IsValidAddress_RightMaskedAddress_Success" methodname="IsValidAddress_RightMaskedAddress_Success" classname="Task_1.DomainModel.Service.Tests.SubnetValidatorTests" runstate="Runnable" seed="1570907263" result="Passed" start-time="2017-08-07 10:09:26Z" end-time="2017-08-07 10:09:26Z" duration="0.000396" asserts="2" />
              <test-case id="0-1011" name="IsValidAddress_WrongMaskedAddress_Fail" fullname="Task_1.DomainModel.Service.Tests.SubnetValidatorTests.IsValidAddress_WrongMaskedAddress_Fail" methodname="IsValidAddress_WrongMaskedAddress_Fail" classname="Task_1.DomainModel.Service.Tests.SubnetValidatorTests" runstate="Runnable" seed="623422731" result="Passed" start-time="2017-08-07 10:09:26Z" end-time="2017-08-07 10:09:26Z" duration="0.000393" asserts="2" />
              <test-case id="0-1008" name="IsValidAddress_ZeroAddress_Success" fullname="Task_1.DomainModel.Service.Tests.SubnetValidatorTests.IsValidAddress_ZeroAddress_Success" methodname="IsValidAddress_ZeroAddress_Success" classname="Task_1.DomainModel.Service.Tests.SubnetValidatorTests" runstate="Runnable" seed="2133585326" result="Passed" start-time="2017-08-07 10:09:26Z" end-time="2017-08-07 10:09:26Z" duration="0.000470" asserts="2" />
              <test-case id="0-1016" name="IsValidMask_AddressNotAStartForMask_Success" fullname="Task_1.DomainModel.Service.Tests.SubnetValidatorTests.IsValidMask_AddressNotAStartForMask_Success" methodname="IsValidMask_AddressNotAStartForMask_Success" classname="Task_1.DomainModel.Service.Tests.SubnetValidatorTests" runstate="Runnable" seed="1599676002" result="Passed" start-time="2017-08-07 10:09:26Z" end-time="2017-08-07 10:09:26Z" duration="0.000377" asserts="2" />
              <test-case id="0-1019" name="IsValidMask_EmptyMask_Fail" fullname="Task_1.DomainModel.Service.Tests.SubnetValidatorTests.IsValidMask_EmptyMask_Fail" methodname="IsValidMask_EmptyMask_Fail" classname="Task_1.DomainModel.Service.Tests.SubnetValidatorTests" runstate="Runnable" seed="1063414573" result="Passed" start-time="2017-08-07 10:09:26Z" end-time="2017-08-07 10:09:26Z" duration="0.000374" asserts="2" />
              <test-case id="0-1017" name="IsValidMask_LargeMask_Fail" fullname="Task_1.DomainModel.Service.Tests.SubnetValidatorTests.IsValidMask_LargeMask_Fail" methodname="IsValidMask_LargeMask_Fail" classname="Task_1.DomainModel.Service.Tests.SubnetValidatorTests" runstate="Runnable" seed="1735308716" result="Passed" start-time="2017-08-07 10:09:26Z" end-time="2017-08-07 10:09:26Z" duration="0.000403" asserts="2" />
              <test-case id="0-1018" name="IsValidMask_MoreThanTwoDigitMask_Fail" fullname="Task_1.DomainModel.Service.Tests.SubnetValidatorTests.IsValidMask_MoreThanTwoDigitMask_Fail" methodname="IsValidMask_MoreThanTwoDigitMask_Fail" classname="Task_1.DomainModel.Service.Tests.SubnetValidatorTests" runstate="Runnable" seed="1306324949" result="Passed" start-time="2017-08-07 10:09:26Z" end-time="2017-08-07 10:09:26Z" duration="0.000387" asserts="2" />
              <test-case id="0-1015" name="IsValidMask_NegativeMask_Fail" fullname="Task_1.DomainModel.Service.Tests.SubnetValidatorTests.IsValidMask_NegativeMask_Fail" methodname="IsValidMask_NegativeMask_Fail" classname="Task_1.DomainModel.Service.Tests.SubnetValidatorTests" runstate="Runnable" seed="754882994" result="Passed" start-time="2017-08-07 10:09:26Z" end-time="2017-08-07 10:09:26Z" duration="0.000430" asserts="2" />
              <test-case id="0-1013" name="IsValidMask_RightMask_Success" fullname="Task_1.DomainModel.Service.Tests.SubnetValidatorTests.IsValidMask_RightMask_Success" methodname="IsValidMask_RightMask_Success" classname="Task_1.DomainModel.Service.Tests.SubnetValidatorTests" runstate="Runnable" seed="398714085" result="Passed" start-time="2017-08-07 10:09:26Z" end-time="2017-08-07 10:09:26Z" duration="0.000420" asserts="2" />
              <test-case id="0-1014" name="IsValidMask_ZeroMask_Success" fullname="Task_1.DomainModel.Service.Tests.SubnetValidatorTests.IsValidMask_ZeroMask_Success" methodname="IsValidMask_ZeroMask_Success" classname="Task_1.DomainModel.Service.Tests.SubnetValidatorTests" runstate="Runnable" seed="566261837" result="Passed" start-time="2017-08-07 10:09:26Z" end-time="2017-08-07 10:09:26Z" duration="0.000376" asserts="2" />
            </test-suite>
          </test-suite>
        </test-suite>
      </test-suite>
      <test-suite type="TestSuite" id="0-1080" name="Models" fullname="Task_1.Models" runstate="Runnable" testcasecount="10" result="Passed" start-time="2017-08-07 10:09:26Z" end-time="2017-08-07 10:09:26Z" duration="0.026018" total="10" passed="10" failed="0" warnings="0" inconclusive="0" skipped="0" asserts="13">
        <test-suite type="TestSuite" id="0-1081" name="Tests" fullname="Task_1.Models.Tests" runstate="Runnable" testcasecount="10" result="Passed" start-time="2017-08-07 10:09:26Z" end-time="2017-08-07 10:09:26Z" duration="0.024023" total="10" passed="10" failed="0" warnings="0" inconclusive="0" skipped="0" asserts="13">
          <test-suite type="TestFixture" id="0-1043" name="SubnetTests" fullname="Task_1.Models.Tests.SubnetTests" classname="Task_1.Models.Tests.SubnetTests" runstate="Runnable" testcasecount="10" result="Passed" start-time="2017-08-07 10:09:26Z" end-time="2017-08-07 10:09:26Z" duration="0.022027" total="10" passed="10" failed="0" warnings="0" inconclusive="0" skipped="0" asserts="13">
            <test-case id="0-1047" name="Equals_DifferentIds_Fail" fullname="Task_1.Models.Tests.SubnetTests.Equals_DifferentIds_Fail" methodname="Equals_DifferentIds_Fail" classname="Task_1.Models.Tests.SubnetTests" runstate="Runnable" seed="1654357015" result="Passed" start-time="2017-08-07 10:09:26Z" end-time="2017-08-07 10:09:26Z" duration="0.000440" asserts="1" />
            <test-case id="0-1048" name="Equals_DifferentNetworks_Fail" fullname="Task_1.Models.Tests.SubnetTests.Equals_DifferentNetworks_Fail" methodname="Equals_DifferentNetworks_Fail" classname="Task_1.Models.Tests.SubnetTests" runstate="Runnable" seed="1074975639" result="Passed" start-time="2017-08-07 10:09:26Z" end-time="2017-08-07 10:09:26Z" duration="0.000408" asserts="1" />
            <test-case id="0-1046" name="Equals_EqualSubnets_Success" fullname="Task_1.Models.Tests.SubnetTests.Equals_EqualSubnets_Success" methodname="Equals_EqualSubnets_Success" classname="Task_1.Models.Tests.SubnetTests" runstate="Runnable" seed="659902764" result="Passed" start-time="2017-08-07 10:09:26Z" end-time="2017-08-07 10:09:26Z" duration="0.000399" asserts="1" />
            <test-case id="0-1049" name="Equals_NotASubnet_Fail" fullname="Task_1.Models.Tests.SubnetTests.Equals_NotASubnet_Fail" methodname="Equals_NotASubnet_Fail" classname="Task_1.Models.Tests.SubnetTests" runstate="Runnable" seed="1067277664" result="Passed" start-time="2017-08-07 10:09:26Z" end-time="2017-08-07 10:09:26Z" duration="0.002010" asserts="1" />
            <test-case id="0-1045" name="GetHashCode_SomeString_GivesIdHashCode" fullname="Task_1.Models.Tests.SubnetTests.GetHashCode_SomeString_GivesIdHashCode" methodname="GetHashCode_SomeString_GivesIdHashCode" classname="Task_1.Models.Tests.SubnetTests" runstate="Runnable" seed="148859986" result="Passed" start-time="2017-08-07 10:09:26Z" end-time="2017-08-07 10:09:26Z" duration="0.000469" asserts="1" />
            <test-case id="0-1050" name="IsCovering_LargeSoversSmall_Success" fullname="Task_1.Models.Tests.SubnetTests.IsCovering_LargeSoversSmall_Success" methodname="IsCovering_LargeSoversSmall_Success" classname="Task_1.Models.Tests.SubnetTests" runstate="Runnable" seed="543781523" result="Passed" start-time="2017-08-07 10:09:26Z" end-time="2017-08-07 10:09:26Z" duration="0.000460" asserts="1" />
            <test-case id="0-1052" name="IsCovering_SameSubnets_Success" fullname="Task_1.Models.Tests.SubnetTests.IsCovering_SameSubnets_Success" methodname="IsCovering_SameSubnets_Success" classname="Task_1.Models.Tests.SubnetTests" runstate="Runnable" seed="1383822197" result="Passed" start-time="2017-08-07 10:09:26Z" end-time="2017-08-07 10:09:26Z" duration="0.000346" asserts="1" />
            <test-case id="0-1051" name="IsCovering_SmallCoveringLarge_Fail" fullname="Task_1.Models.Tests.SubnetTests.IsCovering_SmallCoveringLarge_Fail" methodname="IsCovering_SmallCoveringLarge_Fail" classname="Task_1.Models.Tests.SubnetTests" runstate="Runnable" seed="1201669306" result="Passed" start-time="2017-08-07 10:09:26Z" end-time="2017-08-07 10:09:26Z" duration="0.000401" asserts="1" />
            <test-case id="0-1053" name="IsCovering_TransitiveCover_Success" fullname="Task_1.Models.Tests.SubnetTests.IsCovering_TransitiveCover_Success" methodname="IsCovering_TransitiveCover_Success" classname="Task_1.Models.Tests.SubnetTests" runstate="Runnable" seed="1521202227" result="Passed" start-time="2017-08-07 10:09:26Z" end-time="2017-08-07 10:09:26Z" duration="0.000516" asserts="3" />
            <test-case id="0-1044" name="Subnet_FixedParams_CreatedInstance" fullname="Task_1.Models.Tests.SubnetTests.Subnet_FixedParams_CreatedInstance" methodname="Subnet_FixedParams_CreatedInstance" classname="Task_1.Models.Tests.SubnetTests" runstate="Runnable" seed="46067115" result="Passed" start-time="2017-08-07 10:09:26Z" end-time="2017-08-07 10:09:26Z" duration="0.000515" asserts="2" />
          </test-suite>
        </test-suite>
      </test-suite>
    </test-suite>
  </test-suite>
</test-run>