<?xml version="1.0" encoding="utf-8" standalone="no"?>
<test-run id="2" testcasecount="77" result="Passed" total="77" passed="77" failed="0" inconclusive="0" skipped="0" asserts="101" engine-version="3.7.0.0" clr-version="4.0.30319.42000" start-time="2017-08-08 10:53:26Z" end-time="2017-08-08 10:53:33Z" duration="6.591577">
  <command-line><![CDATA["C:\Users\golubev.dmitriy\Documents\Visual Studio 2015\Projects\Task 1\Task 1.Tests\..\packages\NUnit.ConsoleRunner.3.7.0\tools\nunit3-console.exe" "bin\Debug\Task 1.Tests.dll" --result:test-results.xml;format=nunit3 --workers=1]]></command-line>
  <test-suite type="Assembly" id="0-1083" name="Task 1.Tests.dll" fullname="C:\Users\golubev.dmitriy\Documents\Visual Studio 2015\Projects\Task 1\Task 1.Tests\bin\Debug\Task 1.Tests.dll" runstate="Runnable" testcasecount="77" result="Passed" start-time="2017-08-08 10:53:29Z" end-time="2017-08-08 10:53:32Z" duration="2.956885" total="77" passed="77" failed="0" warnings="0" inconclusive="0" skipped="0" asserts="101">
    <environment framework-version="3.7.1.0" clr-version="4.0.30319.42000" os-version="Microsoft Windows NT 6.1.7601 Service Pack 1" platform="Win32NT" cwd="C:\Users\golubev.dmitriy\Documents\Visual Studio 2015\Projects\Task 1\Task 1.Tests" machine-name="ITM90000916" user="golubev.dmitriy" user-domain="CORP" culture="ru-RU" uiculture="ru-RU" os-architecture="x64" />
    <settings>
      <setting name="DisposeRunners" value="True" />
      <setting name="WorkDirectory" value="C:\Users\golubev.dmitriy\Documents\Visual Studio 2015\Projects\Task 1\Task 1.Tests" />
      <setting name="NumberOfTestWorkers" value="1" />
      <setting name="ImageRuntimeVersion" value="4.0.30319" />
      <setting name="ImageTargetFrameworkName" value=".NETFramework,Version=v4.5.2" />
      <setting name="ImageRequiresX86" value="False" />
      <setting name="ImageRequiresDefaultAppDomainAssemblyResolver" value="False" />
    </settings>
    <properties>
      <property name="_PID" value="7668" />
      <property name="_APPDOMAIN" value="domain-" />
    </properties>
    <test-suite type="TestSuite" id="0-1090" name="DomainModel" fullname="DomainModel" runstate="Runnable" testcasecount="21" result="Passed" start-time="2017-08-08 10:53:29Z" end-time="2017-08-08 10:53:32Z" duration="2.924491" total="21" passed="21" failed="0" warnings="0" inconclusive="0" skipped="0" asserts="22">
      <test-suite type="TestSuite" id="0-1091" name="Repository" fullname="DomainModel.Repository" runstate="Runnable" testcasecount="13" result="Passed" start-time="2017-08-08 10:53:29Z" end-time="2017-08-08 10:53:32Z" duration="2.067121" total="13" passed="13" failed="0" warnings="0" inconclusive="0" skipped="0" asserts="13">
        <test-suite type="TestSuite" id="0-1092" name="Tests" fullname="DomainModel.Repository.Tests" runstate="Runnable" testcasecount="13" result="Passed" start-time="2017-08-08 10:53:29Z" end-time="2017-08-08 10:53:32Z" duration="2.065654" total="13" passed="13" failed="0" warnings="0" inconclusive="0" skipped="0" asserts="13">
          <test-suite type="TestFixture" id="0-1060" name="DBRepositoryTests" fullname="DomainModel.Repository.Tests.DBRepositoryTests" classname="DomainModel.Repository.Tests.DBRepositoryTests" runstate="Runnable" testcasecount="13" result="Passed" start-time="2017-08-08 10:53:29Z" end-time="2017-08-08 10:53:32Z" duration="2.063271" total="13" passed="13" failed="0" warnings="0" inconclusive="0" skipped="0" asserts="13">
            <test-case id="0-1066" name="Create_NullId_ThrowsException" fullname="DomainModel.Repository.Tests.DBRepositoryTests.Create_NullId_ThrowsException" methodname="Create_NullId_ThrowsException" classname="DomainModel.Repository.Tests.DBRepositoryTests" runstate="Runnable" seed="1021295847" result="Passed" start-time="2017-08-08 10:53:30Z" end-time="2017-08-08 10:53:30Z" duration="0.166639" asserts="1" />
            <test-case id="0-1067" name="Create_NullSubnet_ThrowsException" fullname="DomainModel.Repository.Tests.DBRepositoryTests.Create_NullSubnet_ThrowsException" methodname="Create_NullSubnet_ThrowsException" classname="DomainModel.Repository.Tests.DBRepositoryTests" runstate="Runnable" seed="32835701" result="Passed" start-time="2017-08-08 10:53:30Z" end-time="2017-08-08 10:53:30Z" duration="0.050705" asserts="1" />
            <test-case id="0-1065" name="Create_ValidData_Success" fullname="DomainModel.Repository.Tests.DBRepositoryTests.Create_ValidData_Success" methodname="Create_ValidData_Success" classname="DomainModel.Repository.Tests.DBRepositoryTests" runstate="Runnable" seed="967067099" result="Passed" start-time="2017-08-08 10:53:30Z" end-time="2017-08-08 10:53:30Z" duration="0.085777" asserts="1" />
            <test-case id="0-1064" name="DBRepository_NullConnectionString_ThrowsException" fullname="DomainModel.Repository.Tests.DBRepositoryTests.DBRepository_NullConnectionString_ThrowsException" methodname="DBRepository_NullConnectionString_ThrowsException" classname="DomainModel.Repository.Tests.DBRepositoryTests" runstate="Runnable" seed="1817765750" result="Passed" start-time="2017-08-08 10:53:30Z" end-time="2017-08-08 10:53:30Z" duration="0.001889" asserts="1" />
            <test-case id="0-1063" name="DBRepository_NullTableName_ThrowsException" fullname="DomainModel.Repository.Tests.DBRepositoryTests.DBRepository_NullTableName_ThrowsException" methodname="DBRepository_NullTableName_ThrowsException" classname="DomainModel.Repository.Tests.DBRepositoryTests" runstate="Runnable" seed="563831216" result="Passed" start-time="2017-08-08 10:53:30Z" end-time="2017-08-08 10:53:30Z" duration="0.001608" asserts="1" />
            <test-case id="0-1061" name="DBRepository_RightConnectionString_Success" fullname="DomainModel.Repository.Tests.DBRepositoryTests.DBRepository_RightConnectionString_Success" methodname="DBRepository_RightConnectionString_Success" classname="DomainModel.Repository.Tests.DBRepositoryTests" runstate="Runnable" seed="390579328" result="Passed" start-time="2017-08-08 10:53:30Z" end-time="2017-08-08 10:53:30Z" duration="0.030519" asserts="1" />
            <test-case id="0-1062" name="DBRepository_WrongConnectionString_ThrowsException" fullname="DomainModel.Repository.Tests.DBRepositoryTests.DBRepository_WrongConnectionString_ThrowsException" methodname="DBRepository_WrongConnectionString_ThrowsException" classname="DomainModel.Repository.Tests.DBRepositoryTests" runstate="Runnable" seed="2060743620" result="Passed" start-time="2017-08-08 10:53:30Z" end-time="2017-08-08 10:53:30Z" duration="0.003822" asserts="1" />
            <test-case id="0-1069" name="Delete_NullId_ThrowsException" fullname="DomainModel.Repository.Tests.DBRepositoryTests.Delete_NullId_ThrowsException" methodname="Delete_NullId_ThrowsException" classname="DomainModel.Repository.Tests.DBRepositoryTests" runstate="Runnable" seed="30001425" result="Passed" start-time="2017-08-08 10:53:30Z" end-time="2017-08-08 10:53:30Z" duration="0.035123" asserts="1" />
            <test-case id="0-1068" name="Delete_ValidData_Success" fullname="DomainModel.Repository.Tests.DBRepositoryTests.Delete_ValidData_Success" methodname="Delete_ValidData_Success" classname="DomainModel.Repository.Tests.DBRepositoryTests" runstate="Runnable" seed="1652196926" result="Passed" start-time="2017-08-08 10:53:30Z" end-time="2017-08-08 10:53:31Z" duration="0.804976" asserts="1" />
            <test-case id="0-1072" name="Edit_NullNewId_ThrowsException" fullname="DomainModel.Repository.Tests.DBRepositoryTests.Edit_NullNewId_ThrowsException" methodname="Edit_NullNewId_ThrowsException" classname="DomainModel.Repository.Tests.DBRepositoryTests" runstate="Runnable" seed="219075991" result="Passed" start-time="2017-08-08 10:53:31Z" end-time="2017-08-08 10:53:31Z" duration="0.027788" asserts="1" />
            <test-case id="0-1071" name="Edit_NullOldId_ThrowsException" fullname="DomainModel.Repository.Tests.DBRepositoryTests.Edit_NullOldId_ThrowsException" methodname="Edit_NullOldId_ThrowsException" classname="DomainModel.Repository.Tests.DBRepositoryTests" runstate="Runnable" seed="347393513" result="Passed" start-time="2017-08-08 10:53:31Z" end-time="2017-08-08 10:53:31Z" duration="0.023492" asserts="1" />
            <test-case id="0-1073" name="Edit_NullSubnet_ThrowsException" fullname="DomainModel.Repository.Tests.DBRepositoryTests.Edit_NullSubnet_ThrowsException" methodname="Edit_NullSubnet_ThrowsException" classname="DomainModel.Repository.Tests.DBRepositoryTests" runstate="Runnable" seed="1221943568" result="Passed" start-time="2017-08-08 10:53:31Z" end-time="2017-08-08 10:53:31Z" duration="0.024643" asserts="1" />
            <test-case id="0-1070" name="Edit_ValidData_Success" fullname="DomainModel.Repository.Tests.DBRepositoryTests.Edit_ValidData_Success" methodname="Edit_ValidData_Success" classname="DomainModel.Repository.Tests.DBRepositoryTests" runstate="Runnable" seed="288353747" result="Passed" start-time="2017-08-08 10:53:31Z" end-time="2017-08-08 10:53:32Z" duration="0.194408" asserts="1" />
          </test-suite>
        </test-suite>
      </test-suite>
      <test-suite type="TestSuite" id="0-1093" name="Models" fullname="DomainModel.Models" runstate="Runnable" testcasecount="8" result="Passed" start-time="2017-08-08 10:53:29Z" end-time="2017-08-08 10:53:32Z" duration="2.922331" total="8" passed="8" failed="0" warnings="0" inconclusive="0" skipped="0" asserts="9">
        <test-suite type="TestSuite" id="0-1094" name="Tests" fullname="DomainModel.Models.Tests" runstate="Runnable" testcasecount="8" result="Passed" start-time="2017-08-08 10:53:29Z" end-time="2017-08-08 10:53:32Z" duration="2.920393" total="8" passed="8" failed="0" warnings="0" inconclusive="0" skipped="0" asserts="9">
          <test-suite type="TestFixture" id="0-1074" name="ValidationLogTests" fullname="DomainModel.Models.Tests.ValidationLogTests" classname="DomainModel.Models.Tests.ValidationLogTests" runstate="Runnable" testcasecount="8" result="Passed" start-time="2017-08-08 10:53:32Z" end-time="2017-08-08 10:53:32Z" duration="0.839119" total="8" passed="8" failed="0" warnings="0" inconclusive="0" skipped="0" asserts="9">
            <properties>
              <property name="ParallelScope" value="Self" />
            </properties>
            <test-case id="0-1080" name="ToString_AddressInvalid_Success" fullname="DomainModel.Models.Tests.ValidationLogTests.ToString_AddressInvalid_Success" methodname="ToString_AddressInvalid_Success" classname="DomainModel.Models.Tests.ValidationLogTests" runstate="Runnable" seed="230346426" result="Passed" start-time="2017-08-08 10:53:32Z" end-time="2017-08-08 10:53:32Z" duration="0.005143" asserts="1" />
            <test-case id="0-1082" name="ToString_EverythingIsFine_Success" fullname="DomainModel.Models.Tests.ValidationLogTests.ToString_EverythingIsFine_Success" methodname="ToString_EverythingIsFine_Success" classname="DomainModel.Models.Tests.ValidationLogTests" runstate="Runnable" seed="2116457776" result="Passed" start-time="2017-08-08 10:53:32Z" end-time="2017-08-08 10:53:32Z" duration="0.012200" asserts="1" />
            <test-case id="0-1079" name="ToString_IdInvalid_Success" fullname="DomainModel.Models.Tests.ValidationLogTests.ToString_IdInvalid_Success" methodname="ToString_IdInvalid_Success" classname="DomainModel.Models.Tests.ValidationLogTests" runstate="Runnable" seed="423164692" result="Passed" start-time="2017-08-08 10:53:32Z" end-time="2017-08-08 10:53:32Z" duration="0.002566" asserts="1" />
            <test-case id="0-1076" name="ToString_IdNoErrors_Success" fullname="DomainModel.Models.Tests.ValidationLogTests.ToString_IdNoErrors_Success" methodname="ToString_IdNoErrors_Success" classname="DomainModel.Models.Tests.ValidationLogTests" runstate="Runnable" seed="115607204" result="Passed" start-time="2017-08-08 10:53:32Z" end-time="2017-08-08 10:53:32Z" duration="0.003020" asserts="1" />
            <test-case id="0-1078" name="ToString_IdNotExists_Success" fullname="DomainModel.Models.Tests.ValidationLogTests.ToString_IdNotExists_Success" methodname="ToString_IdNotExists_Success" classname="DomainModel.Models.Tests.ValidationLogTests" runstate="Runnable" seed="769612902" result="Passed" start-time="2017-08-08 10:53:32Z" end-time="2017-08-08 10:53:32Z" duration="0.001284" asserts="1" />
            <test-case id="0-1077" name="ToString_IdNotUnique_Success" fullname="DomainModel.Models.Tests.ValidationLogTests.ToString_IdNotUnique_Success" methodname="ToString_IdNotUnique_Success" classname="DomainModel.Models.Tests.ValidationLogTests" runstate="Runnable" seed="647706996" result="Passed" start-time="2017-08-08 10:53:32Z" end-time="2017-08-08 10:53:32Z" duration="0.002607" asserts="1" />
            <test-case id="0-1081" name="ToString_MaskInvalid_Success" fullname="DomainModel.Models.Tests.ValidationLogTests.ToString_MaskInvalid_Success" methodname="ToString_MaskInvalid_Success" classname="DomainModel.Models.Tests.ValidationLogTests" runstate="Runnable" seed="944474669" result="Passed" start-time="2017-08-08 10:53:32Z" end-time="2017-08-08 10:53:32Z" duration="0.002483" asserts="1" />
            <test-case id="0-1075" name="ValidationLog_ValidParams_Success" fullname="DomainModel.Models.Tests.ValidationLogTests.ValidationLog_ValidParams_Success" methodname="ValidationLog_ValidParams_Success" classname="DomainModel.Models.Tests.ValidationLogTests" runstate="Runnable" seed="779886575" result="Passed" start-time="2017-08-08 10:53:32Z" end-time="2017-08-08 10:53:32Z" duration="0.001149" asserts="2" />
          </test-suite>
        </test-suite>
      </test-suite>
    </test-suite>
    <test-suite type="TestSuite" id="0-1084" name="Task_1" fullname="Task_1" runstate="Runnable" testcasecount="56" result="Passed" start-time="2017-08-08 10:53:32Z" end-time="2017-08-08 10:53:32Z" duration="0.868362" total="56" passed="56" failed="0" warnings="0" inconclusive="0" skipped="0" asserts="79">
      <test-suite type="TestSuite" id="0-1085" name="DomainModel" fullname="Task_1.DomainModel" runstate="Runnable" testcasecount="44" result="Passed" start-time="2017-08-08 10:53:32Z" end-time="2017-08-08 10:53:32Z" duration="0.856199" total="44" passed="44" failed="0" warnings="0" inconclusive="0" skipped="0" asserts="64">
        <test-suite type="TestSuite" id="0-1086" name="Service" fullname="Task_1.DomainModel.Service" runstate="Runnable" testcasecount="44" result="Passed" start-time="2017-08-08 10:53:32Z" end-time="2017-08-08 10:53:32Z" duration="0.854372" total="44" passed="44" failed="0" warnings="0" inconclusive="0" skipped="0" asserts="64">
          <test-suite type="TestSuite" id="0-1087" name="Tests" fullname="Task_1.DomainModel.Service.Tests" runstate="Runnable" testcasecount="44" result="Passed" start-time="2017-08-08 10:53:32Z" end-time="2017-08-08 10:53:32Z" duration="0.852086" total="44" passed="44" failed="0" warnings="0" inconclusive="0" skipped="0" asserts="64">
            <test-suite type="TestFixture" id="0-1023" name="SubnetContainerManagerTests" fullname="Task_1.DomainModel.Service.Tests.SubnetContainerManagerTests" classname="Task_1.DomainModel.Service.Tests.SubnetContainerManagerTests" runstate="Runnable" testcasecount="23" result="Passed" start-time="2017-08-08 10:53:32Z" end-time="2017-08-08 10:53:32Z" duration="0.779028" total="23" passed="23" failed="0" warnings="0" inconclusive="0" skipped="0" asserts="27">
              <properties>
                <property name="ParallelScope" value="Self" />
              </properties>
              <test-case id="0-1032" name="Create_ExistingIdSubnet_RepositoryMethodNotCalled" fullname="Task_1.DomainModel.Service.Tests.SubnetContainerManagerTests.Create_ExistingIdSubnet_RepositoryMethodNotCalled" methodname="Create_ExistingIdSubnet_RepositoryMethodNotCalled" classname="Task_1.DomainModel.Service.Tests.SubnetContainerManagerTests" runstate="Runnable" seed="191737358" result="Passed" start-time="2017-08-08 10:53:32Z" end-time="2017-08-08 10:53:32Z" duration="0.462414" asserts="0" />
              <test-case id="0-1035" name="Create_LongId_RepositoryMethodNotCalled" fullname="Task_1.DomainModel.Service.Tests.SubnetContainerManagerTests.Create_LongId_RepositoryMethodNotCalled" methodname="Create_LongId_RepositoryMethodNotCalled" classname="Task_1.DomainModel.Service.Tests.SubnetContainerManagerTests" runstate="Runnable" seed="1713483301" result="Passed" start-time="2017-08-08 10:53:32Z" end-time="2017-08-08 10:53:32Z" duration="0.007137" asserts="0" />
              <test-case id="0-1030" name="Create_NullId_ThrowsException" fullname="Task_1.DomainModel.Service.Tests.SubnetContainerManagerTests.Create_NullId_ThrowsException" methodname="Create_NullId_ThrowsException" classname="Task_1.DomainModel.Service.Tests.SubnetContainerManagerTests" runstate="Runnable" seed="1449737453" result="Passed" start-time="2017-08-08 10:53:32Z" end-time="2017-08-08 10:53:32Z" duration="0.005839" asserts="1" />
              <test-case id="0-1031" name="Create_NullSubnet_ThrowsException" fullname="Task_1.DomainModel.Service.Tests.SubnetContainerManagerTests.Create_NullSubnet_ThrowsException" methodname="Create_NullSubnet_ThrowsException" classname="Task_1.DomainModel.Service.Tests.SubnetContainerManagerTests" runstate="Runnable" seed="520476002" result="Passed" start-time="2017-08-08 10:53:32Z" end-time="2017-08-08 10:53:32Z" duration="0.002882" asserts="1" />
              <test-case id="0-1029" name="Create_ValidSubnet_RepositoryMethodCalled" fullname="Task_1.DomainModel.Service.Tests.SubnetContainerManagerTests.Create_ValidSubnet_RepositoryMethodCalled" methodname="Create_ValidSubnet_RepositoryMethodCalled" classname="Task_1.DomainModel.Service.Tests.SubnetContainerManagerTests" runstate="Runnable" seed="619841045" result="Passed" start-time="2017-08-08 10:53:32Z" end-time="2017-08-08 10:53:32Z" duration="0.007527" asserts="0" />
              <test-case id="0-1033" name="Create_WrongAddressSubnet_RepositoryMethodNotCalled" fullname="Task_1.DomainModel.Service.Tests.SubnetContainerManagerTests.Create_WrongAddressSubnet_RepositoryMethodNotCalled" methodname="Create_WrongAddressSubnet_RepositoryMethodNotCalled" classname="Task_1.DomainModel.Service.Tests.SubnetContainerManagerTests" runstate="Runnable" seed="1329914317" result="Passed" start-time="2017-08-08 10:53:32Z" end-time="2017-08-08 10:53:32Z" duration="0.005342" asserts="2" />
              <test-case id="0-1034" name="Create_WrongMaskSubnet_RepositoryMethodNotCalled" fullname="Task_1.DomainModel.Service.Tests.SubnetContainerManagerTests.Create_WrongMaskSubnet_RepositoryMethodNotCalled" methodname="Create_WrongMaskSubnet_RepositoryMethodNotCalled" classname="Task_1.DomainModel.Service.Tests.SubnetContainerManagerTests" runstate="Runnable" seed="467653893" result="Passed" start-time="2017-08-08 10:53:32Z" end-time="2017-08-08 10:53:32Z" duration="0.004776" asserts="2" />
              <test-case id="0-1038" name="Delete_EmptyId_ThrowsException" fullname="Task_1.DomainModel.Service.Tests.SubnetContainerManagerTests.Delete_EmptyId_ThrowsException" methodname="Delete_EmptyId_ThrowsException" classname="Task_1.DomainModel.Service.Tests.SubnetContainerManagerTests" runstate="Runnable" seed="1971657871" result="Passed" start-time="2017-08-08 10:53:32Z" end-time="2017-08-08 10:53:32Z" duration="0.003943" asserts="1" />
              <test-case id="0-1039" name="Delete_LongId_RepositoryMethodNotCalled" fullname="Task_1.DomainModel.Service.Tests.SubnetContainerManagerTests.Delete_LongId_RepositoryMethodNotCalled" methodname="Delete_LongId_RepositoryMethodNotCalled" classname="Task_1.DomainModel.Service.Tests.SubnetContainerManagerTests" runstate="Runnable" seed="1194564871" result="Passed" start-time="2017-08-08 10:53:32Z" end-time="2017-08-08 10:53:32Z" duration="0.004246" asserts="0" />
              <test-case id="0-1037" name="Delete_NullId_ThrowsException" fullname="Task_1.DomainModel.Service.Tests.SubnetContainerManagerTests.Delete_NullId_ThrowsException" methodname="Delete_NullId_ThrowsException" classname="Task_1.DomainModel.Service.Tests.SubnetContainerManagerTests" runstate="Runnable" seed="990825035" result="Passed" start-time="2017-08-08 10:53:32Z" end-time="2017-08-08 10:53:32Z" duration="0.003868" asserts="1" />
              <test-case id="0-1036" name="Delete_ValidId_RepositoryMethodCalled" fullname="Task_1.DomainModel.Service.Tests.SubnetContainerManagerTests.Delete_ValidId_RepositoryMethodCalled" methodname="Delete_ValidId_RepositoryMethodCalled" classname="Task_1.DomainModel.Service.Tests.SubnetContainerManagerTests" runstate="Runnable" seed="1155296769" result="Passed" start-time="2017-08-08 10:53:32Z" end-time="2017-08-08 10:53:32Z" duration="0.004415" asserts="0" />
              <test-case id="0-1044" name="Edit_IDsAreSame_RepositoryMethodCalled" fullname="Task_1.DomainModel.Service.Tests.SubnetContainerManagerTests.Edit_IDsAreSame_RepositoryMethodCalled" methodname="Edit_IDsAreSame_RepositoryMethodCalled" classname="Task_1.DomainModel.Service.Tests.SubnetContainerManagerTests" runstate="Runnable" seed="436748435" result="Passed" start-time="2017-08-08 10:53:32Z" end-time="2017-08-08 10:53:32Z" duration="0.006225" asserts="0" />
              <test-case id="0-1046" name="Edit_InvalidNewId_RepositoryMethodNotCalled" fullname="Task_1.DomainModel.Service.Tests.SubnetContainerManagerTests.Edit_InvalidNewId_RepositoryMethodNotCalled" methodname="Edit_InvalidNewId_RepositoryMethodNotCalled" classname="Task_1.DomainModel.Service.Tests.SubnetContainerManagerTests" runstate="Runnable" seed="1058314279" result="Passed" start-time="2017-08-08 10:53:32Z" end-time="2017-08-08 10:53:32Z" duration="0.006205" asserts="0" />
              <test-case id="0-1045" name="Edit_NotExistingOldId_RepositoryMethodNotCalled" fullname="Task_1.DomainModel.Service.Tests.SubnetContainerManagerTests.Edit_NotExistingOldId_RepositoryMethodNotCalled" methodname="Edit_NotExistingOldId_RepositoryMethodNotCalled" classname="Task_1.DomainModel.Service.Tests.SubnetContainerManagerTests" runstate="Runnable" seed="1947746077" result="Passed" start-time="2017-08-08 10:53:32Z" end-time="2017-08-08 10:53:32Z" duration="0.006952" asserts="2" />
              <test-case id="0-1042" name="Edit_NullNewId_ThrowsException" fullname="Task_1.DomainModel.Service.Tests.SubnetContainerManagerTests.Edit_NullNewId_ThrowsException" methodname="Edit_NullNewId_ThrowsException" classname="Task_1.DomainModel.Service.Tests.SubnetContainerManagerTests" runstate="Runnable" seed="1047274722" result="Passed" start-time="2017-08-08 10:53:32Z" end-time="2017-08-08 10:53:32Z" duration="0.003878" asserts="1" />
              <test-case id="0-1041" name="Edit_NullOldId_ThrowsException" fullname="Task_1.DomainModel.Service.Tests.SubnetContainerManagerTests.Edit_NullOldId_ThrowsException" methodname="Edit_NullOldId_ThrowsException" classname="Task_1.DomainModel.Service.Tests.SubnetContainerManagerTests" runstate="Runnable" seed="1522084695" result="Passed" start-time="2017-08-08 10:53:32Z" end-time="2017-08-08 10:53:32Z" duration="0.001361" asserts="1" />
              <test-case id="0-1043" name="Edit_NullSubnet_ThrowsException" fullname="Task_1.DomainModel.Service.Tests.SubnetContainerManagerTests.Edit_NullSubnet_ThrowsException" methodname="Edit_NullSubnet_ThrowsException" classname="Task_1.DomainModel.Service.Tests.SubnetContainerManagerTests" runstate="Runnable" seed="1078542163" result="Passed" start-time="2017-08-08 10:53:32Z" end-time="2017-08-08 10:53:32Z" duration="0.001987" asserts="1" />
              <test-case id="0-1040" name="Edit_ValidIds_RepositoryMethodCalled" fullname="Task_1.DomainModel.Service.Tests.SubnetContainerManagerTests.Edit_ValidIds_RepositoryMethodCalled" methodname="Edit_ValidIds_RepositoryMethodCalled" classname="Task_1.DomainModel.Service.Tests.SubnetContainerManagerTests" runstate="Runnable" seed="328192405" result="Passed" start-time="2017-08-08 10:53:32Z" end-time="2017-08-08 10:53:32Z" duration="0.004741" asserts="0" />
              <test-case id="0-1026" name="GetTest_CollectionsOfDifferentCount" fullname="Task_1.DomainModel.Service.Tests.SubnetContainerManagerTests.GetTest_CollectionsOfDifferentCount" methodname="GetTest_CollectionsOfDifferentCount" classname="Task_1.DomainModel.Service.Tests.SubnetContainerManagerTests" runstate="Runnable" seed="1383455399" result="Passed" start-time="2017-08-08 10:53:32Z" end-time="2017-08-08 10:53:32Z" duration="0.016165" asserts="1" />
              <test-case id="0-1027" name="GetTest_CollectionsOfDifferentElementsId" fullname="Task_1.DomainModel.Service.Tests.SubnetContainerManagerTests.GetTest_CollectionsOfDifferentElementsId" methodname="GetTest_CollectionsOfDifferentElementsId" classname="Task_1.DomainModel.Service.Tests.SubnetContainerManagerTests" runstate="Runnable" seed="858130436" result="Passed" start-time="2017-08-08 10:53:32Z" end-time="2017-08-08 10:53:32Z" duration="0.004351" asserts="4" />
              <test-case id="0-1028" name="GetTest_CollectionsOfDifferentElementsNetworks" fullname="Task_1.DomainModel.Service.Tests.SubnetContainerManagerTests.GetTest_CollectionsOfDifferentElementsNetworks" methodname="GetTest_CollectionsOfDifferentElementsNetworks" classname="Task_1.DomainModel.Service.Tests.SubnetContainerManagerTests" runstate="Runnable" seed="1626965030" result="Passed" start-time="2017-08-08 10:53:32Z" end-time="2017-08-08 10:53:32Z" duration="0.003058" asserts="4" />
              <test-case id="0-1025" name="GetTest_SameCollections" fullname="Task_1.DomainModel.Service.Tests.SubnetContainerManagerTests.GetTest_SameCollections" methodname="GetTest_SameCollections" classname="Task_1.DomainModel.Service.Tests.SubnetContainerManagerTests" runstate="Runnable" seed="1049383240" result="Passed" start-time="2017-08-08 10:53:32Z" end-time="2017-08-08 10:53:32Z" duration="0.004083" asserts="4" />
              <test-case id="0-1024" name="SubnetContainerManager_NullRepository_ThrowsException" fullname="Task_1.DomainModel.Service.Tests.SubnetContainerManagerTests.SubnetContainerManager_NullRepository_ThrowsException" methodname="SubnetContainerManager_NullRepository_ThrowsException" classname="Task_1.DomainModel.Service.Tests.SubnetContainerManagerTests" runstate="Runnable" seed="164312283" result="Passed" start-time="2017-08-08 10:53:32Z" end-time="2017-08-08 10:53:32Z" duration="0.003815" asserts="1" />
            </test-suite>
            <test-suite type="TestFixture" id="0-1000" name="SubnetCoverageManagerTests" fullname="Task_1.DomainModel.Service.Tests.SubnetCoverageManagerTests" classname="Task_1.DomainModel.Service.Tests.SubnetCoverageManagerTests" runstate="Runnable" testcasecount="6" result="Passed" start-time="2017-08-08 10:53:32Z" end-time="2017-08-08 10:53:32Z" duration="0.154042" total="6" passed="6" failed="0" warnings="0" inconclusive="0" skipped="0" asserts="7">
              <properties>
                <property name="ParallelScope" value="Self" />
              </properties>
              <test-case id="0-1001" name="GetMinimalCoverage_NullArgument_ThrowsException" fullname="Task_1.DomainModel.Service.Tests.SubnetCoverageManagerTests.GetMinimalCoverage_NullArgument_ThrowsException" methodname="GetMinimalCoverage_NullArgument_ThrowsException" classname="Task_1.DomainModel.Service.Tests.SubnetCoverageManagerTests" runstate="Runnable" seed="716601317" result="Passed" start-time="2017-08-08 10:53:32Z" end-time="2017-08-08 10:53:32Z" duration="0.006025" asserts="1" />
              <test-case id="0-1002" name="GetMinimalCoverage_OneCoversAnother_Success" fullname="Task_1.DomainModel.Service.Tests.SubnetCoverageManagerTests.GetMinimalCoverage_OneCoversAnother_Success" methodname="GetMinimalCoverage_OneCoversAnother_Success" classname="Task_1.DomainModel.Service.Tests.SubnetCoverageManagerTests" runstate="Runnable" seed="1066653228" result="Passed" start-time="2017-08-08 10:53:32Z" end-time="2017-08-08 10:53:32Z" duration="0.015077" asserts="1" />
              <test-case id="0-1003" name="GetMinimalCoverage_OneCoversAnotherTwo_Success" fullname="Task_1.DomainModel.Service.Tests.SubnetCoverageManagerTests.GetMinimalCoverage_OneCoversAnotherTwo_Success" methodname="GetMinimalCoverage_OneCoversAnotherTwo_Success" classname="Task_1.DomainModel.Service.Tests.SubnetCoverageManagerTests" runstate="Runnable" seed="1940487043" result="Passed" start-time="2017-08-08 10:53:32Z" end-time="2017-08-08 10:53:32Z" duration="0.001573" asserts="1" />
              <test-case id="0-1006" name="GetMinimalCoverage_SameNetwork_CoverBoth" fullname="Task_1.DomainModel.Service.Tests.SubnetCoverageManagerTests.GetMinimalCoverage_SameNetwork_CoverBoth" methodname="GetMinimalCoverage_SameNetwork_CoverBoth" classname="Task_1.DomainModel.Service.Tests.SubnetCoverageManagerTests" runstate="Runnable" seed="114575576" result="Passed" start-time="2017-08-08 10:53:32Z" end-time="2017-08-08 10:53:32Z" duration="0.003294" asserts="1" />
              <test-case id="0-1005" name="GetMinimalCoverage_TransitiveCoverage_OneCoversAll" fullname="Task_1.DomainModel.Service.Tests.SubnetCoverageManagerTests.GetMinimalCoverage_TransitiveCoverage_OneCoversAll" methodname="GetMinimalCoverage_TransitiveCoverage_OneCoversAll" classname="Task_1.DomainModel.Service.Tests.SubnetCoverageManagerTests" runstate="Runnable" seed="1034019523" result="Passed" start-time="2017-08-08 10:53:32Z" end-time="2017-08-08 10:53:32Z" duration="0.001681" asserts="1" />
              <test-case id="0-1004" name="GetMinimalCoverage_TwoCoverages_Success" fullname="Task_1.DomainModel.Service.Tests.SubnetCoverageManagerTests.GetMinimalCoverage_TwoCoverages_Success" methodname="GetMinimalCoverage_TwoCoverages_Success" classname="Task_1.DomainModel.Service.Tests.SubnetCoverageManagerTests" runstate="Runnable" seed="1894345973" result="Passed" start-time="2017-08-08 10:53:32Z" end-time="2017-08-08 10:53:32Z" duration="0.002986" asserts="2" />
            </test-suite>
            <test-suite type="TestFixture" id="0-1007" name="SubnetValidatorTests" fullname="Task_1.DomainModel.Service.Tests.SubnetValidatorTests" classname="Task_1.DomainModel.Service.Tests.SubnetValidatorTests" runstate="Runnable" testcasecount="15" result="Passed" start-time="2017-08-08 10:53:32Z" end-time="2017-08-08 10:53:32Z" duration="0.108979" total="15" passed="15" failed="0" warnings="0" inconclusive="0" skipped="0" asserts="30">
              <properties>
                <property name="ParallelScope" value="Self" />
              </properties>
              <test-case id="0-1014" name="IsValidAddress_NegativeAddress_Fail" fullname="Task_1.DomainModel.Service.Tests.SubnetValidatorTests.IsValidAddress_NegativeAddress_Fail" methodname="IsValidAddress_NegativeAddress_Fail" classname="Task_1.DomainModel.Service.Tests.SubnetValidatorTests" runstate="Runnable" seed="95775382" result="Passed" start-time="2017-08-08 10:53:32Z" end-time="2017-08-08 10:53:32Z" duration="0.001691" asserts="2" />
              <test-case id="0-1012" name="IsValidAddress_NotAnAddress_Fail" fullname="Task_1.DomainModel.Service.Tests.SubnetValidatorTests.IsValidAddress_NotAnAddress_Fail" methodname="IsValidAddress_NotAnAddress_Fail" classname="Task_1.DomainModel.Service.Tests.SubnetValidatorTests" runstate="Runnable" seed="963025768" result="Passed" start-time="2017-08-08 10:53:32Z" end-time="2017-08-08 10:53:32Z" duration="0.001009" asserts="2" />
              <test-case id="0-1008" name="IsValidAddress_NullAddress_Fail" fullname="Task_1.DomainModel.Service.Tests.SubnetValidatorTests.IsValidAddress_NullAddress_Fail" methodname="IsValidAddress_NullAddress_Fail" classname="Task_1.DomainModel.Service.Tests.SubnetValidatorTests" runstate="Runnable" seed="906954283" result="Passed" start-time="2017-08-08 10:53:32Z" end-time="2017-08-08 10:53:32Z" duration="0.001881" asserts="2" />
              <test-case id="0-1009" name="IsValidAddress_RightAddress_Success" fullname="Task_1.DomainModel.Service.Tests.SubnetValidatorTests.IsValidAddress_RightAddress_Success" methodname="IsValidAddress_RightAddress_Success" classname="Task_1.DomainModel.Service.Tests.SubnetValidatorTests" runstate="Runnable" seed="1609249375" result="Passed" start-time="2017-08-08 10:53:32Z" end-time="2017-08-08 10:53:32Z" duration="0.002514" asserts="2" />
              <test-case id="0-1011" name="IsValidAddress_RightMaskedAddress_Success" fullname="Task_1.DomainModel.Service.Tests.SubnetValidatorTests.IsValidAddress_RightMaskedAddress_Success" methodname="IsValidAddress_RightMaskedAddress_Success" classname="Task_1.DomainModel.Service.Tests.SubnetValidatorTests" runstate="Runnable" seed="655180697" result="Passed" start-time="2017-08-08 10:53:32Z" end-time="2017-08-08 10:53:32Z" duration="0.000760" asserts="2" />
              <test-case id="0-1013" name="IsValidAddress_WrongMaskedAddress_Fail" fullname="Task_1.DomainModel.Service.Tests.SubnetValidatorTests.IsValidAddress_WrongMaskedAddress_Fail" methodname="IsValidAddress_WrongMaskedAddress_Fail" classname="Task_1.DomainModel.Service.Tests.SubnetValidatorTests" runstate="Runnable" seed="1219085211" result="Passed" start-time="2017-08-08 10:53:32Z" end-time="2017-08-08 10:53:32Z" duration="0.002353" asserts="2" />
              <test-case id="0-1010" name="IsValidAddress_ZeroAddress_Success" fullname="Task_1.DomainModel.Service.Tests.SubnetValidatorTests.IsValidAddress_ZeroAddress_Success" methodname="IsValidAddress_ZeroAddress_Success" classname="Task_1.DomainModel.Service.Tests.SubnetValidatorTests" runstate="Runnable" seed="94173406" result="Passed" start-time="2017-08-08 10:53:32Z" end-time="2017-08-08 10:53:32Z" duration="0.002103" asserts="2" />
              <test-case id="0-1019" name="IsValidMask_AddressNotAStartForMask_Success" fullname="Task_1.DomainModel.Service.Tests.SubnetValidatorTests.IsValidMask_AddressNotAStartForMask_Success" methodname="IsValidMask_AddressNotAStartForMask_Success" classname="Task_1.DomainModel.Service.Tests.SubnetValidatorTests" runstate="Runnable" seed="1060200852" result="Passed" start-time="2017-08-08 10:53:32Z" end-time="2017-08-08 10:53:32Z" duration="0.001871" asserts="2" />
              <test-case id="0-1022" name="IsValidMask_EmptyMask_Fail" fullname="Task_1.DomainModel.Service.Tests.SubnetValidatorTests.IsValidMask_EmptyMask_Fail" methodname="IsValidMask_EmptyMask_Fail" classname="Task_1.DomainModel.Service.Tests.SubnetValidatorTests" runstate="Runnable" seed="870125512" result="Passed" start-time="2017-08-08 10:53:32Z" end-time="2017-08-08 10:53:32Z" duration="0.000644" asserts="2" />
              <test-case id="0-1020" name="IsValidMask_LargeMask_Fail" fullname="Task_1.DomainModel.Service.Tests.SubnetValidatorTests.IsValidMask_LargeMask_Fail" methodname="IsValidMask_LargeMask_Fail" classname="Task_1.DomainModel.Service.Tests.SubnetValidatorTests" runstate="Runnable" seed="834194656" result="Passed" start-time="2017-08-08 10:53:32Z" end-time="2017-08-08 10:53:32Z" duration="0.001854" asserts="2" />
              <test-case id="0-1021" name="IsValidMask_MoreThanTwoDigitMask_Fail" fullname="Task_1.DomainModel.Service.Tests.SubnetValidatorTests.IsValidMask_MoreThanTwoDigitMask_Fail" methodname="IsValidMask_MoreThanTwoDigitMask_Fail" classname="Task_1.DomainModel.Service.Tests.SubnetValidatorTests" runstate="Runnable" seed="1355301724" result="Passed" start-time="2017-08-08 10:53:32Z" end-time="2017-08-08 10:53:32Z" duration="0.000654" asserts="2" />
              <test-case id="0-1018" name="IsValidMask_NegativeMask_Fail" fullname="Task_1.DomainModel.Service.Tests.SubnetValidatorTests.IsValidMask_NegativeMask_Fail" methodname="IsValidMask_NegativeMask_Fail" classname="Task_1.DomainModel.Service.Tests.SubnetValidatorTests" runstate="Runnable" seed="474250743" result="Passed" start-time="2017-08-08 10:53:32Z" end-time="2017-08-08 10:53:32Z" duration="0.002900" asserts="2" />
              <test-case id="0-1015" name="IsValidMask_NullArgument_Fail" fullname="Task_1.DomainModel.Service.Tests.SubnetValidatorTests.IsValidMask_NullArgument_Fail" methodname="IsValidMask_NullArgument_Fail" classname="Task_1.DomainModel.Service.Tests.SubnetValidatorTests" runstate="Runnable" seed="2146049448" result="Passed" start-time="2017-08-08 10:53:32Z" end-time="2017-08-08 10:53:32Z" duration="0.002693" asserts="2" />
              <test-case id="0-1016" name="IsValidMask_RightMask_Success" fullname="Task_1.DomainModel.Service.Tests.SubnetValidatorTests.IsValidMask_RightMask_Success" methodname="IsValidMask_RightMask_Success" classname="Task_1.DomainModel.Service.Tests.SubnetValidatorTests" runstate="Runnable" seed="105485403" result="Passed" start-time="2017-08-08 10:53:32Z" end-time="2017-08-08 10:53:32Z" duration="0.001202" asserts="2" />
              <test-case id="0-1017" name="IsValidMask_ZeroMask_Success" fullname="Task_1.DomainModel.Service.Tests.SubnetValidatorTests.IsValidMask_ZeroMask_Success" methodname="IsValidMask_ZeroMask_Success" classname="Task_1.DomainModel.Service.Tests.SubnetValidatorTests" runstate="Runnable" seed="1766923295" result="Passed" start-time="2017-08-08 10:53:32Z" end-time="2017-08-08 10:53:32Z" duration="0.000815" asserts="2" />
            </test-suite>
          </test-suite>
        </test-suite>
      </test-suite>
      <test-suite type="TestSuite" id="0-1088" name="Models" fullname="Task_1.Models" runstate="Runnable" testcasecount="12" result="Passed" start-time="2017-08-08 10:53:32Z" end-time="2017-08-08 10:53:32Z" duration="0.862138" total="12" passed="12" failed="0" warnings="0" inconclusive="0" skipped="0" asserts="15">
        <test-suite type="TestSuite" id="0-1089" name="Tests" fullname="Task_1.Models.Tests" runstate="Runnable" testcasecount="12" result="Passed" start-time="2017-08-08 10:53:32Z" end-time="2017-08-08 10:53:32Z" duration="0.860900" total="12" passed="12" failed="0" warnings="0" inconclusive="0" skipped="0" asserts="15">
          <test-suite type="TestFixture" id="0-1047" name="SubnetTests" fullname="Task_1.Models.Tests.SubnetTests" classname="Task_1.Models.Tests.SubnetTests" runstate="Runnable" testcasecount="12" result="Passed" start-time="2017-08-08 10:53:32Z" end-time="2017-08-08 10:53:32Z" duration="0.062539" total="12" passed="12" failed="0" warnings="0" inconclusive="0" skipped="0" asserts="15">
            <properties>
              <property name="ParallelScope" value="Self" />
            </properties>
            <test-case id="0-1053" name="Equals_DifferentIds_Fail" fullname="Task_1.Models.Tests.SubnetTests.Equals_DifferentIds_Fail" methodname="Equals_DifferentIds_Fail" classname="Task_1.Models.Tests.SubnetTests" runstate="Runnable" seed="1248915194" result="Passed" start-time="2017-08-08 10:53:32Z" end-time="2017-08-08 10:53:32Z" duration="0.001789" asserts="1" />
            <test-case id="0-1054" name="Equals_DifferentNetworks_Fail" fullname="Task_1.Models.Tests.SubnetTests.Equals_DifferentNetworks_Fail" methodname="Equals_DifferentNetworks_Fail" classname="Task_1.Models.Tests.SubnetTests" runstate="Runnable" seed="11902892" result="Passed" start-time="2017-08-08 10:53:32Z" end-time="2017-08-08 10:53:32Z" duration="0.001843" asserts="1" />
            <test-case id="0-1052" name="Equals_EqualSubnets_Success" fullname="Task_1.Models.Tests.SubnetTests.Equals_EqualSubnets_Success" methodname="Equals_EqualSubnets_Success" classname="Task_1.Models.Tests.SubnetTests" runstate="Runnable" seed="411097445" result="Passed" start-time="2017-08-08 10:53:32Z" end-time="2017-08-08 10:53:32Z" duration="0.002179" asserts="1" />
            <test-case id="0-1055" name="Equals_NotASubnet_Fail" fullname="Task_1.Models.Tests.SubnetTests.Equals_NotASubnet_Fail" methodname="Equals_NotASubnet_Fail" classname="Task_1.Models.Tests.SubnetTests" runstate="Runnable" seed="280309831" result="Passed" start-time="2017-08-08 10:53:32Z" end-time="2017-08-08 10:53:32Z" duration="0.002305" asserts="1" />
            <test-case id="0-1051" name="GetHashCode_SomeString_GivesIdHashCode" fullname="Task_1.Models.Tests.SubnetTests.GetHashCode_SomeString_GivesIdHashCode" methodname="GetHashCode_SomeString_GivesIdHashCode" classname="Task_1.Models.Tests.SubnetTests" runstate="Runnable" seed="239638873" result="Passed" start-time="2017-08-08 10:53:32Z" end-time="2017-08-08 10:53:32Z" duration="0.000810" asserts="1" />
            <test-case id="0-1056" name="IsCovering_LargeSoversSmall_Success" fullname="Task_1.Models.Tests.SubnetTests.IsCovering_LargeSoversSmall_Success" methodname="IsCovering_LargeSoversSmall_Success" classname="Task_1.Models.Tests.SubnetTests" runstate="Runnable" seed="896521578" result="Passed" start-time="2017-08-08 10:53:32Z" end-time="2017-08-08 10:53:32Z" duration="0.001447" asserts="1" />
            <test-case id="0-1058" name="IsCovering_SameSubnets_Success" fullname="Task_1.Models.Tests.SubnetTests.IsCovering_SameSubnets_Success" methodname="IsCovering_SameSubnets_Success" classname="Task_1.Models.Tests.SubnetTests" runstate="Runnable" seed="573194644" result="Passed" start-time="2017-08-08 10:53:32Z" end-time="2017-08-08 10:53:32Z" duration="0.001026" asserts="1" />
            <test-case id="0-1057" name="IsCovering_SmallCoveringLarge_Fail" fullname="Task_1.Models.Tests.SubnetTests.IsCovering_SmallCoveringLarge_Fail" methodname="IsCovering_SmallCoveringLarge_Fail" classname="Task_1.Models.Tests.SubnetTests" runstate="Runnable" seed="160681663" result="Passed" start-time="2017-08-08 10:53:32Z" end-time="2017-08-08 10:53:32Z" duration="0.002342" asserts="1" />
            <test-case id="0-1059" name="IsCovering_TransitiveCover_Success" fullname="Task_1.Models.Tests.SubnetTests.IsCovering_TransitiveCover_Success" methodname="IsCovering_TransitiveCover_Success" classname="Task_1.Models.Tests.SubnetTests" runstate="Runnable" seed="790169712" result="Passed" start-time="2017-08-08 10:53:32Z" end-time="2017-08-08 10:53:32Z" duration="0.003209" asserts="3" />
            <test-case id="0-1048" name="Subnet_FixedParams_CreatedInstance" fullname="Task_1.Models.Tests.SubnetTests.Subnet_FixedParams_CreatedInstance" methodname="Subnet_FixedParams_CreatedInstance" classname="Task_1.Models.Tests.SubnetTests" runstate="Runnable" seed="1454949641" result="Passed" start-time="2017-08-08 10:53:32Z" end-time="2017-08-08 10:53:32Z" duration="0.001883" asserts="2" />
            <test-case id="0-1049" name="Subnet_NullId_ThrowsException" fullname="Task_1.Models.Tests.SubnetTests.Subnet_NullId_ThrowsException" methodname="Subnet_NullId_ThrowsException" classname="Task_1.Models.Tests.SubnetTests" runstate="Runnable" seed="817785963" result="Passed" start-time="2017-08-08 10:53:32Z" end-time="2017-08-08 10:53:32Z" duration="0.002406" asserts="1" />
            <test-case id="0-1050" name="Subnet_NullSubnet_ThrowsException" fullname="Task_1.Models.Tests.SubnetTests.Subnet_NullSubnet_ThrowsException" methodname="Subnet_NullSubnet_ThrowsException" classname="Task_1.Models.Tests.SubnetTests" runstate="Runnable" seed="914853471" result="Passed" start-time="2017-08-08 10:53:32Z" end-time="2017-08-08 10:53:32Z" duration="0.001973" asserts="1" />
          </test-suite>
        </test-suite>
      </test-suite>
    </test-suite>
  </test-suite>
</test-run>