<?xml version="1.0" encoding="utf-8" standalone="no"?>
<test-run id="2" testcasecount="38" result="Passed" total="38" passed="38" failed="0" inconclusive="0" skipped="0" asserts="44" engine-version="3.7.0.0" clr-version="4.0.30319.42000" start-time="2017-07-24 13:13:21Z" end-time="2017-07-24 13:13:26Z" duration="5.867857">
  <command-line><![CDATA["C:\Users\golubev.dmitriy\Documents\Visual Studio 2015\Projects\Task 1\Task 1.Tests\..\packages\NUnit.ConsoleRunner.3.7.0\tools\nunit3-console.exe" "bin\Debug\Task 1.Tests.dll" --result:test-results.xml;format=nunit3]]></command-line>
  <test-suite type="Assembly" id="0-1042" name="Task 1.Tests.dll" fullname="C:\Users\golubev.dmitriy\Documents\Visual Studio 2015\Projects\Task 1\Task 1.Tests\bin\Debug\Task 1.Tests.dll" runstate="Runnable" testcasecount="38" result="Passed" start-time="2017-07-24 13:13:24Z" end-time="2017-07-24 13:13:26Z" duration="2.343556" total="38" passed="38" failed="0" warnings="0" inconclusive="0" skipped="0" asserts="44">
    <environment framework-version="3.7.1.0" clr-version="4.0.30319.42000" os-version="Microsoft Windows NT 6.1.7601 Service Pack 1" platform="Win32NT" cwd="C:\Users\golubev.dmitriy\Documents\Visual Studio 2015\Projects\Task 1\Task 1.Tests" machine-name="ITM90000916" user="golubev.dmitriy" user-domain="CORP" culture="ru-RU" uiculture="ru-RU" os-architecture="x64" />
    <settings>
      <setting name="DisposeRunners" value="True" />
      <setting name="WorkDirectory" value="C:\Users\golubev.dmitriy\Documents\Visual Studio 2015\Projects\Task 1\Task 1.Tests" />
      <setting name="ImageRuntimeVersion" value="4.0.30319" />
      <setting name="ImageTargetFrameworkName" value=".NETFramework,Version=v4.5.2" />
      <setting name="ImageRequiresX86" value="False" />
      <setting name="ImageRequiresDefaultAppDomainAssemblyResolver" value="False" />
      <setting name="NumberOfTestWorkers" value="2" />
    </settings>
    <properties>
      <property name="_PID" value="4480" />
      <property name="_APPDOMAIN" value="domain-" />
    </properties>
    <test-suite type="TestSuite" id="0-1043" name="Task_1" fullname="Task_1" runstate="Runnable" testcasecount="38" result="Passed" start-time="2017-07-24 13:13:24Z" end-time="2017-07-24 13:13:26Z" duration="2.297315" total="38" passed="38" failed="0" warnings="0" inconclusive="0" skipped="0" asserts="44">
      <test-suite type="TestSuite" id="0-1044" name="DomainModel" fullname="Task_1.DomainModel" runstate="Runnable" testcasecount="29" result="Passed" start-time="2017-07-24 13:13:24Z" end-time="2017-07-24 13:13:26Z" duration="1.891695" total="29" passed="29" failed="0" warnings="0" inconclusive="0" skipped="0" asserts="32">
        <test-suite type="TestSuite" id="0-1045" name="Service" fullname="Task_1.DomainModel.Service" runstate="Runnable" testcasecount="29" result="Passed" start-time="2017-07-24 13:13:24Z" end-time="2017-07-24 13:13:26Z" duration="1.860126" total="29" passed="29" failed="0" warnings="0" inconclusive="0" skipped="0" asserts="32">
          <test-suite type="TestSuite" id="0-1046" name="Tests" fullname="Task_1.DomainModel.Service.Tests" runstate="Runnable" testcasecount="29" result="Passed" start-time="2017-07-24 13:13:24Z" end-time="2017-07-24 13:13:26Z" duration="1.829232" total="29" passed="29" failed="0" warnings="0" inconclusive="0" skipped="0" asserts="32">
            <test-suite type="TestFixture" id="0-1020" name="SubnetContainerManagerTests" fullname="Task_1.DomainModel.Service.Tests.SubnetContainerManagerTests" classname="Task_1.DomainModel.Service.Tests.SubnetContainerManagerTests" runstate="Runnable" testcasecount="11" result="Passed" start-time="2017-07-24 13:13:24Z" end-time="2017-07-24 13:13:25Z" duration="1.167195" total="11" passed="11" failed="0" warnings="0" inconclusive="0" skipped="0" asserts="13">
              <test-case id="0-1026" name="Create_ExistingIdSubnet_RepositoryMethodNotCalled" fullname="Task_1.DomainModel.Service.Tests.SubnetContainerManagerTests.Create_ExistingIdSubnet_RepositoryMethodNotCalled" methodname="Create_ExistingIdSubnet_RepositoryMethodNotCalled" classname="Task_1.DomainModel.Service.Tests.SubnetContainerManagerTests" runstate="Runnable" seed="1788435869" result="Passed" start-time="2017-07-24 13:13:24Z" end-time="2017-07-24 13:13:25Z" duration="0.756741" asserts="0" />
              <test-case id="0-1025" name="Create_ValidSubnet_RepositoryMethodCalled" fullname="Task_1.DomainModel.Service.Tests.SubnetContainerManagerTests.Create_ValidSubnet_RepositoryMethodCalled" methodname="Create_ValidSubnet_RepositoryMethodCalled" classname="Task_1.DomainModel.Service.Tests.SubnetContainerManagerTests" runstate="Runnable" seed="1013919001" result="Passed" start-time="2017-07-24 13:13:25Z" end-time="2017-07-24 13:13:25Z" duration="0.005641" asserts="0" />
              <test-case id="0-1027" name="Create_WrongAddressSubnet_RepositoryMethodNotCalled" fullname="Task_1.DomainModel.Service.Tests.SubnetContainerManagerTests.Create_WrongAddressSubnet_RepositoryMethodNotCalled" methodname="Create_WrongAddressSubnet_RepositoryMethodNotCalled" classname="Task_1.DomainModel.Service.Tests.SubnetContainerManagerTests" runstate="Runnable" seed="684772883" result="Passed" start-time="2017-07-24 13:13:25Z" end-time="2017-07-24 13:13:25Z" duration="0.003725" asserts="0" />
              <test-case id="0-1028" name="Create_WrongMaskSubnet_RepositoryMethodNotCalled" fullname="Task_1.DomainModel.Service.Tests.SubnetContainerManagerTests.Create_WrongMaskSubnet_RepositoryMethodNotCalled" methodname="Create_WrongMaskSubnet_RepositoryMethodNotCalled" classname="Task_1.DomainModel.Service.Tests.SubnetContainerManagerTests" runstate="Runnable" seed="748646827" result="Passed" start-time="2017-07-24 13:13:25Z" end-time="2017-07-24 13:13:25Z" duration="0.003560" asserts="0" />
              <test-case id="0-1031" name="Delete_EmptyId_RepositoryMethodNotCalled" fullname="Task_1.DomainModel.Service.Tests.SubnetContainerManagerTests.Delete_EmptyId_RepositoryMethodNotCalled" methodname="Delete_EmptyId_RepositoryMethodNotCalled" classname="Task_1.DomainModel.Service.Tests.SubnetContainerManagerTests" runstate="Runnable" seed="1127314612" result="Passed" start-time="2017-07-24 13:13:25Z" end-time="2017-07-24 13:13:25Z" duration="0.007251" asserts="0" />
              <test-case id="0-1030" name="Delete_LongId_RepositoryMethodNotCalled" fullname="Task_1.DomainModel.Service.Tests.SubnetContainerManagerTests.Delete_LongId_RepositoryMethodNotCalled" methodname="Delete_LongId_RepositoryMethodNotCalled" classname="Task_1.DomainModel.Service.Tests.SubnetContainerManagerTests" runstate="Runnable" seed="44964130" result="Passed" start-time="2017-07-24 13:13:25Z" end-time="2017-07-24 13:13:25Z" duration="0.005305" asserts="0" />
              <test-case id="0-1029" name="Delete_ValidId_RepositoryMethodCalled" fullname="Task_1.DomainModel.Service.Tests.SubnetContainerManagerTests.Delete_ValidId_RepositoryMethodCalled" methodname="Delete_ValidId_RepositoryMethodCalled" classname="Task_1.DomainModel.Service.Tests.SubnetContainerManagerTests" runstate="Runnable" seed="1294511874" result="Passed" start-time="2017-07-24 13:13:25Z" end-time="2017-07-24 13:13:25Z" duration="0.006117" asserts="0" />
              <test-case id="0-1022" name="GetTest_CollectionsOfDifferentCount" fullname="Task_1.DomainModel.Service.Tests.SubnetContainerManagerTests.GetTest_CollectionsOfDifferentCount" methodname="GetTest_CollectionsOfDifferentCount" classname="Task_1.DomainModel.Service.Tests.SubnetContainerManagerTests" runstate="Runnable" seed="679884777" result="Passed" start-time="2017-07-24 13:13:25Z" end-time="2017-07-24 13:13:25Z" duration="0.051887" asserts="1" />
              <test-case id="0-1023" name="GetTest_CollectionsOfDifferentElementsId" fullname="Task_1.DomainModel.Service.Tests.SubnetContainerManagerTests.GetTest_CollectionsOfDifferentElementsId" methodname="GetTest_CollectionsOfDifferentElementsId" classname="Task_1.DomainModel.Service.Tests.SubnetContainerManagerTests" runstate="Runnable" seed="2147159135" result="Passed" start-time="2017-07-24 13:13:25Z" end-time="2017-07-24 13:13:25Z" duration="0.010888" asserts="4" />
              <test-case id="0-1024" name="GetTest_CollectionsOfDifferentElementsNetworks" fullname="Task_1.DomainModel.Service.Tests.SubnetContainerManagerTests.GetTest_CollectionsOfDifferentElementsNetworks" methodname="GetTest_CollectionsOfDifferentElementsNetworks" classname="Task_1.DomainModel.Service.Tests.SubnetContainerManagerTests" runstate="Runnable" seed="1582870138" result="Passed" start-time="2017-07-24 13:13:25Z" end-time="2017-07-24 13:13:25Z" duration="0.009177" asserts="4" />
              <test-case id="0-1021" name="GetTest_SameCollections" fullname="Task_1.DomainModel.Service.Tests.SubnetContainerManagerTests.GetTest_SameCollections" methodname="GetTest_SameCollections" classname="Task_1.DomainModel.Service.Tests.SubnetContainerManagerTests" runstate="Runnable" seed="1447627982" result="Passed" start-time="2017-07-24 13:13:25Z" end-time="2017-07-24 13:13:25Z" duration="0.006081" asserts="4" />
            </test-suite>
            <test-suite type="TestFixture" id="0-1000" name="SubnetCoverageManagerTests" fullname="Task_1.DomainModel.Service.Tests.SubnetCoverageManagerTests" classname="Task_1.DomainModel.Service.Tests.SubnetCoverageManagerTests" runstate="Runnable" testcasecount="5" result="Passed" start-time="2017-07-24 13:13:25Z" end-time="2017-07-24 13:13:25Z" duration="0.187329" total="5" passed="5" failed="0" warnings="0" inconclusive="0" skipped="0" asserts="6">
              <test-case id="0-1001" name="GetMinimalCoverage_OneCoversAnother_Success" fullname="Task_1.DomainModel.Service.Tests.SubnetCoverageManagerTests.GetMinimalCoverage_OneCoversAnother_Success" methodname="GetMinimalCoverage_OneCoversAnother_Success" classname="Task_1.DomainModel.Service.Tests.SubnetCoverageManagerTests" runstate="Runnable" seed="1016965649" result="Passed" start-time="2017-07-24 13:13:25Z" end-time="2017-07-24 13:13:25Z" duration="0.036989" asserts="1" />
              <test-case id="0-1002" name="GetMinimalCoverage_OneCoversAnotherTwo_Success" fullname="Task_1.DomainModel.Service.Tests.SubnetCoverageManagerTests.GetMinimalCoverage_OneCoversAnotherTwo_Success" methodname="GetMinimalCoverage_OneCoversAnotherTwo_Success" classname="Task_1.DomainModel.Service.Tests.SubnetCoverageManagerTests" runstate="Runnable" seed="42133925" result="Passed" start-time="2017-07-24 13:13:25Z" end-time="2017-07-24 13:13:25Z" duration="0.005277" asserts="1" />
              <test-case id="0-1005" name="GetMinimalCoverage_SameNetwork_CoverBoth" fullname="Task_1.DomainModel.Service.Tests.SubnetCoverageManagerTests.GetMinimalCoverage_SameNetwork_CoverBoth" methodname="GetMinimalCoverage_SameNetwork_CoverBoth" classname="Task_1.DomainModel.Service.Tests.SubnetCoverageManagerTests" runstate="Runnable" seed="1501722827" result="Passed" start-time="2017-07-24 13:13:25Z" end-time="2017-07-24 13:13:25Z" duration="0.001439" asserts="1" />
              <test-case id="0-1004" name="GetMinimalCoverage_TransitiveCoverage_OneCoversAll" fullname="Task_1.DomainModel.Service.Tests.SubnetCoverageManagerTests.GetMinimalCoverage_TransitiveCoverage_OneCoversAll" methodname="GetMinimalCoverage_TransitiveCoverage_OneCoversAll" classname="Task_1.DomainModel.Service.Tests.SubnetCoverageManagerTests" runstate="Runnable" seed="850070599" result="Passed" start-time="2017-07-24 13:13:25Z" end-time="2017-07-24 13:13:25Z" duration="0.003245" asserts="1" />
              <test-case id="0-1003" name="GetMinimalCoverage_TwoCoverages_Success" fullname="Task_1.DomainModel.Service.Tests.SubnetCoverageManagerTests.GetMinimalCoverage_TwoCoverages_Success" methodname="GetMinimalCoverage_TwoCoverages_Success" classname="Task_1.DomainModel.Service.Tests.SubnetCoverageManagerTests" runstate="Runnable" seed="19655999" result="Passed" start-time="2017-07-24 13:13:25Z" end-time="2017-07-24 13:13:25Z" duration="0.003948" asserts="2" />
            </test-suite>
            <test-suite type="TestFixture" id="0-1006" name="SubnetValidatorTests" fullname="Task_1.DomainModel.Service.Tests.SubnetValidatorTests" classname="Task_1.DomainModel.Service.Tests.SubnetValidatorTests" runstate="Runnable" testcasecount="13" result="Passed" start-time="2017-07-24 13:13:25Z" end-time="2017-07-24 13:13:26Z" duration="0.392106" total="13" passed="13" failed="0" warnings="0" inconclusive="0" skipped="0" asserts="13">
              <test-case id="0-1012" name="IsValidAddress_NegativeAddress_Fail" fullname="Task_1.DomainModel.Service.Tests.SubnetValidatorTests.IsValidAddress_NegativeAddress_Fail" methodname="IsValidAddress_NegativeAddress_Fail" classname="Task_1.DomainModel.Service.Tests.SubnetValidatorTests" runstate="Runnable" seed="1353225612" result="Passed" start-time="2017-07-24 13:13:25Z" end-time="2017-07-24 13:13:25Z" duration="0.009221" asserts="1" />
              <test-case id="0-1010" name="IsValidAddress_NotAnAddress_Fail" fullname="Task_1.DomainModel.Service.Tests.SubnetValidatorTests.IsValidAddress_NotAnAddress_Fail" methodname="IsValidAddress_NotAnAddress_Fail" classname="Task_1.DomainModel.Service.Tests.SubnetValidatorTests" runstate="Runnable" seed="2067583314" result="Passed" start-time="2017-07-24 13:13:26Z" end-time="2017-07-24 13:13:26Z" duration="0.001071" asserts="1" />
              <test-case id="0-1007" name="IsValidAddress_RightAddress_Success" fullname="Task_1.DomainModel.Service.Tests.SubnetValidatorTests.IsValidAddress_RightAddress_Success" methodname="IsValidAddress_RightAddress_Success" classname="Task_1.DomainModel.Service.Tests.SubnetValidatorTests" runstate="Runnable" seed="831389961" result="Passed" start-time="2017-07-24 13:13:26Z" end-time="2017-07-24 13:13:26Z" duration="0.000974" asserts="1" />
              <test-case id="0-1009" name="IsValidAddress_RightMaskedAddress_Success" fullname="Task_1.DomainModel.Service.Tests.SubnetValidatorTests.IsValidAddress_RightMaskedAddress_Success" methodname="IsValidAddress_RightMaskedAddress_Success" classname="Task_1.DomainModel.Service.Tests.SubnetValidatorTests" runstate="Runnable" seed="1105497950" result="Passed" start-time="2017-07-24 13:13:26Z" end-time="2017-07-24 13:13:26Z" duration="0.001053" asserts="1" />
              <test-case id="0-1011" name="IsValidAddress_WrongMaskedAddress_Fail" fullname="Task_1.DomainModel.Service.Tests.SubnetValidatorTests.IsValidAddress_WrongMaskedAddress_Fail" methodname="IsValidAddress_WrongMaskedAddress_Fail" classname="Task_1.DomainModel.Service.Tests.SubnetValidatorTests" runstate="Runnable" seed="193501297" result="Passed" start-time="2017-07-24 13:13:26Z" end-time="2017-07-24 13:13:26Z" duration="0.001023" asserts="1" />
              <test-case id="0-1008" name="IsValidAddress_ZeroAddress_Success" fullname="Task_1.DomainModel.Service.Tests.SubnetValidatorTests.IsValidAddress_ZeroAddress_Success" methodname="IsValidAddress_ZeroAddress_Success" classname="Task_1.DomainModel.Service.Tests.SubnetValidatorTests" runstate="Runnable" seed="155126614" result="Passed" start-time="2017-07-24 13:13:26Z" end-time="2017-07-24 13:13:26Z" duration="0.001003" asserts="1" />
              <test-case id="0-1016" name="IsValidMask_AddressNotAStartForMask_Success" fullname="Task_1.DomainModel.Service.Tests.SubnetValidatorTests.IsValidMask_AddressNotAStartForMask_Success" methodname="IsValidMask_AddressNotAStartForMask_Success" classname="Task_1.DomainModel.Service.Tests.SubnetValidatorTests" runstate="Runnable" seed="1215585453" result="Passed" start-time="2017-07-24 13:13:26Z" end-time="2017-07-24 13:13:26Z" duration="0.000952" asserts="1" />
              <test-case id="0-1019" name="IsValidMask_EmptyMask_Fail" fullname="Task_1.DomainModel.Service.Tests.SubnetValidatorTests.IsValidMask_EmptyMask_Fail" methodname="IsValidMask_EmptyMask_Fail" classname="Task_1.DomainModel.Service.Tests.SubnetValidatorTests" runstate="Runnable" seed="1230888044" result="Passed" start-time="2017-07-24 13:13:26Z" end-time="2017-07-24 13:13:26Z" duration="0.001281" asserts="1" />
              <test-case id="0-1017" name="IsValidMask_LargeMask_Fail" fullname="Task_1.DomainModel.Service.Tests.SubnetValidatorTests.IsValidMask_LargeMask_Fail" methodname="IsValidMask_LargeMask_Fail" classname="Task_1.DomainModel.Service.Tests.SubnetValidatorTests" runstate="Runnable" seed="1300648847" result="Passed" start-time="2017-07-24 13:13:26Z" end-time="2017-07-24 13:13:26Z" duration="0.001086" asserts="1" />
              <test-case id="0-1018" name="IsValidMask_MoreThanTwoDigitMask_Fail" fullname="Task_1.DomainModel.Service.Tests.SubnetValidatorTests.IsValidMask_MoreThanTwoDigitMask_Fail" methodname="IsValidMask_MoreThanTwoDigitMask_Fail" classname="Task_1.DomainModel.Service.Tests.SubnetValidatorTests" runstate="Runnable" seed="1558261161" result="Passed" start-time="2017-07-24 13:13:26Z" end-time="2017-07-24 13:13:26Z" duration="0.001102" asserts="1" />
              <test-case id="0-1015" name="IsValidMask_NegativeMask_Success" fullname="Task_1.DomainModel.Service.Tests.SubnetValidatorTests.IsValidMask_NegativeMask_Success" methodname="IsValidMask_NegativeMask_Success" classname="Task_1.DomainModel.Service.Tests.SubnetValidatorTests" runstate="Runnable" seed="1021280390" result="Passed" start-time="2017-07-24 13:13:26Z" end-time="2017-07-24 13:13:26Z" duration="0.000642" asserts="1" />
              <test-case id="0-1013" name="IsValidMask_RightMask_Success" fullname="Task_1.DomainModel.Service.Tests.SubnetValidatorTests.IsValidMask_RightMask_Success" methodname="IsValidMask_RightMask_Success" classname="Task_1.DomainModel.Service.Tests.SubnetValidatorTests" runstate="Runnable" seed="2098336654" result="Passed" start-time="2017-07-24 13:13:26Z" end-time="2017-07-24 13:13:26Z" duration="0.000569" asserts="1" />
              <test-case id="0-1014" name="IsValidMask_ZeroMask_Success" fullname="Task_1.DomainModel.Service.Tests.SubnetValidatorTests.IsValidMask_ZeroMask_Success" methodname="IsValidMask_ZeroMask_Success" classname="Task_1.DomainModel.Service.Tests.SubnetValidatorTests" runstate="Runnable" seed="995739949" result="Passed" start-time="2017-07-24 13:13:26Z" end-time="2017-07-24 13:13:26Z" duration="0.000900" asserts="1" />
            </test-suite>
          </test-suite>
        </test-suite>
      </test-suite>
      <test-suite type="TestSuite" id="0-1047" name="Models" fullname="Task_1.Models" runstate="Runnable" testcasecount="9" result="Passed" start-time="2017-07-24 13:13:26Z" end-time="2017-07-24 13:13:26Z" duration="0.343233" total="9" passed="9" failed="0" warnings="0" inconclusive="0" skipped="0" asserts="12">
        <test-suite type="TestSuite" id="0-1048" name="Tests" fullname="Task_1.Models.Tests" runstate="Runnable" testcasecount="9" result="Passed" start-time="2017-07-24 13:13:26Z" end-time="2017-07-24 13:13:26Z" duration="0.312080" total="9" passed="9" failed="0" warnings="0" inconclusive="0" skipped="0" asserts="12">
          <test-suite type="TestFixture" id="0-1032" name="SubnetTests" fullname="Task_1.Models.Tests.SubnetTests" classname="Task_1.Models.Tests.SubnetTests" runstate="Runnable" testcasecount="9" result="Passed" start-time="2017-07-24 13:13:26Z" end-time="2017-07-24 13:13:26Z" duration="0.280901" total="9" passed="9" failed="0" warnings="0" inconclusive="0" skipped="0" asserts="12">
            <test-case id="0-1036" name="Equals_DifferentIds_Fail" fullname="Task_1.Models.Tests.SubnetTests.Equals_DifferentIds_Fail" methodname="Equals_DifferentIds_Fail" classname="Task_1.Models.Tests.SubnetTests" runstate="Runnable" seed="307406094" result="Passed" start-time="2017-07-24 13:13:26Z" end-time="2017-07-24 13:13:26Z" duration="0.001305" asserts="1" />
            <test-case id="0-1037" name="Equals_DifferentNetworks_Fail" fullname="Task_1.Models.Tests.SubnetTests.Equals_DifferentNetworks_Fail" methodname="Equals_DifferentNetworks_Fail" classname="Task_1.Models.Tests.SubnetTests" runstate="Runnable" seed="237644606" result="Passed" start-time="2017-07-24 13:13:26Z" end-time="2017-07-24 13:13:26Z" duration="0.001181" asserts="1" />
            <test-case id="0-1035" name="Equals_EqualSubnets_Success" fullname="Task_1.Models.Tests.SubnetTests.Equals_EqualSubnets_Success" methodname="Equals_EqualSubnets_Success" classname="Task_1.Models.Tests.SubnetTests" runstate="Runnable" seed="569052736" result="Passed" start-time="2017-07-24 13:13:26Z" end-time="2017-07-24 13:13:26Z" duration="0.002085" asserts="1" />
            <test-case id="0-1034" name="GetHashCode_SomeString_GivesIdHashCode" fullname="Task_1.Models.Tests.SubnetTests.GetHashCode_SomeString_GivesIdHashCode" methodname="GetHashCode_SomeString_GivesIdHashCode" classname="Task_1.Models.Tests.SubnetTests" runstate="Runnable" seed="1958417538" result="Passed" start-time="2017-07-24 13:13:26Z" end-time="2017-07-24 13:13:26Z" duration="0.001307" asserts="1" />
            <test-case id="0-1038" name="IsCovering_LargeSoversSmall_Success" fullname="Task_1.Models.Tests.SubnetTests.IsCovering_LargeSoversSmall_Success" methodname="IsCovering_LargeSoversSmall_Success" classname="Task_1.Models.Tests.SubnetTests" runstate="Runnable" seed="1939265797" result="Passed" start-time="2017-07-24 13:13:26Z" end-time="2017-07-24 13:13:26Z" duration="0.001260" asserts="1" />
            <test-case id="0-1040" name="IsCovering_SameSubnets_Success" fullname="Task_1.Models.Tests.SubnetTests.IsCovering_SameSubnets_Success" methodname="IsCovering_SameSubnets_Success" classname="Task_1.Models.Tests.SubnetTests" runstate="Runnable" seed="445597260" result="Passed" start-time="2017-07-24 13:13:26Z" end-time="2017-07-24 13:13:26Z" duration="0.001009" asserts="1" />
            <test-case id="0-1039" name="IsCovering_SmallCoveringLarge_Fail" fullname="Task_1.Models.Tests.SubnetTests.IsCovering_SmallCoveringLarge_Fail" methodname="IsCovering_SmallCoveringLarge_Fail" classname="Task_1.Models.Tests.SubnetTests" runstate="Runnable" seed="231885766" result="Passed" start-time="2017-07-24 13:13:26Z" end-time="2017-07-24 13:13:26Z" duration="0.001195" asserts="1" />
            <test-case id="0-1041" name="IsCovering_TransitiveCover_Success" fullname="Task_1.Models.Tests.SubnetTests.IsCovering_TransitiveCover_Success" methodname="IsCovering_TransitiveCover_Success" classname="Task_1.Models.Tests.SubnetTests" runstate="Runnable" seed="1042623692" result="Passed" start-time="2017-07-24 13:13:26Z" end-time="2017-07-24 13:13:26Z" duration="0.001349" asserts="3" />
            <test-case id="0-1033" name="Subnet_FixedParams_CreatedInstance" fullname="Task_1.Models.Tests.SubnetTests.Subnet_FixedParams_CreatedInstance" methodname="Subnet_FixedParams_CreatedInstance" classname="Task_1.Models.Tests.SubnetTests" runstate="Runnable" seed="1903898926" result="Passed" start-time="2017-07-24 13:13:26Z" end-time="2017-07-24 13:13:26Z" duration="0.001626" asserts="2" />
          </test-suite>
        </test-suite>
      </test-suite>
    </test-suite>
  </test-suite>
</test-run>