<?xml version="1.0" encoding="utf-8" standalone="no"?>
<test-run id="2" testcasecount="58" result="Passed" total="58" passed="58" failed="0" inconclusive="0" skipped="0" asserts="79" engine-version="3.7.0.0" clr-version="4.0.30319.42000" start-time="2017-07-31 10:07:01Z" end-time="2017-07-31 10:07:06Z" duration="5.125085">
  <command-line><![CDATA["C:\Users\golubev.dmitriy\Documents\Visual Studio 2015\Projects\Task 1\Task 1.Tests\..\packages\NUnit.ConsoleRunner.3.7.0\tools\nunit3-console.exe" "bin\Debug\Task 1.Tests.dll" --result:test-results.xml;format=nunit3 --workers=1]]></command-line>
  <test-suite type="Assembly" id="0-1064" name="Task 1.Tests.dll" fullname="C:\Users\golubev.dmitriy\Documents\Visual Studio 2015\Projects\Task 1\Task 1.Tests\bin\Debug\Task 1.Tests.dll" runstate="Runnable" testcasecount="58" result="Passed" start-time="2017-07-31 10:07:04Z" end-time="2017-07-31 10:07:06Z" duration="1.516508" total="58" passed="58" failed="0" warnings="0" inconclusive="0" skipped="0" asserts="79">
    <environment framework-version="3.7.1.0" clr-version="4.0.30319.42000" os-version="Microsoft Windows NT 6.1.7601 Service Pack 1" platform="Win32NT" cwd="C:\Users\golubev.dmitriy\Documents\Visual Studio 2015\Projects\Task 1\Task 1.Tests" machine-name="ITM90000916" user="golubev.dmitriy" user-domain="CORP" culture="ru-RU" uiculture="ru-RU" os-architecture="x64" />
    <settings>
      <setting name="DisposeRunners" value="True" />
      <setting name="WorkDirectory" value="C:\Users\golubev.dmitriy\Documents\Visual Studio 2015\Projects\Task 1\Task 1.Tests" />
      <setting name="NumberOfTestWorkers" value="1" />
      <setting name="ImageRuntimeVersion" value="4.0.30319" />
      <setting name="ImageTargetFrameworkName" value=".NETFramework,Version=v4.5.2" />
      <setting name="ImageRequiresX86" value="False" />
      <setting name="ImageRequiresDefaultAppDomainAssemblyResolver" value="False" />
    </settings>
    <properties>
      <property name="_PID" value="5692" />
      <property name="_APPDOMAIN" value="domain-" />
    </properties>
    <test-suite type="TestSuite" id="0-1073" name="DomainModel" fullname="DomainModel" runstate="Runnable" testcasecount="8" result="Passed" start-time="2017-07-31 10:07:04Z" end-time="2017-07-31 10:07:04Z" duration="0.169036" total="8" passed="8" failed="0" warnings="0" inconclusive="0" skipped="0" asserts="9">
      <test-suite type="TestSuite" id="0-1074" name="Models" fullname="DomainModel.Models" runstate="Runnable" testcasecount="8" result="Passed" start-time="2017-07-31 10:07:04Z" end-time="2017-07-31 10:07:04Z" duration="0.167018" total="8" passed="8" failed="0" warnings="0" inconclusive="0" skipped="0" asserts="9">
        <test-suite type="TestSuite" id="0-1075" name="Tests" fullname="DomainModel.Models.Tests" runstate="Runnable" testcasecount="8" result="Passed" start-time="2017-07-31 10:07:04Z" end-time="2017-07-31 10:07:04Z" duration="0.165738" total="8" passed="8" failed="0" warnings="0" inconclusive="0" skipped="0" asserts="9">
          <test-suite type="TestFixture" id="0-1055" name="ValidationLogTests" fullname="DomainModel.Models.Tests.ValidationLogTests" classname="DomainModel.Models.Tests.ValidationLogTests" runstate="Runnable" testcasecount="8" result="Passed" start-time="2017-07-31 10:07:04Z" end-time="2017-07-31 10:07:04Z" duration="0.163713" total="8" passed="8" failed="0" warnings="0" inconclusive="0" skipped="0" asserts="9">
            <test-case id="0-1061" name="ToString_AddressInvalid_Success" fullname="DomainModel.Models.Tests.ValidationLogTests.ToString_AddressInvalid_Success" methodname="ToString_AddressInvalid_Success" classname="DomainModel.Models.Tests.ValidationLogTests" runstate="Runnable" seed="2099924082" result="Passed" start-time="2017-07-31 10:07:04Z" end-time="2017-07-31 10:07:04Z" duration="0.068965" asserts="1" />
            <test-case id="0-1063" name="ToString_EverythingIsFine_Success" fullname="DomainModel.Models.Tests.ValidationLogTests.ToString_EverythingIsFine_Success" methodname="ToString_EverythingIsFine_Success" classname="DomainModel.Models.Tests.ValidationLogTests" runstate="Runnable" seed="1999489324" result="Passed" start-time="2017-07-31 10:07:04Z" end-time="2017-07-31 10:07:04Z" duration="0.043375" asserts="1" />
            <test-case id="0-1060" name="ToString_IdInvalid_Success" fullname="DomainModel.Models.Tests.ValidationLogTests.ToString_IdInvalid_Success" methodname="ToString_IdInvalid_Success" classname="DomainModel.Models.Tests.ValidationLogTests" runstate="Runnable" seed="1134670822" result="Passed" start-time="2017-07-31 10:07:04Z" end-time="2017-07-31 10:07:04Z" duration="0.000546" asserts="1" />
            <test-case id="0-1057" name="ToString_IdNoErrors_Success" fullname="DomainModel.Models.Tests.ValidationLogTests.ToString_IdNoErrors_Success" methodname="ToString_IdNoErrors_Success" classname="DomainModel.Models.Tests.ValidationLogTests" runstate="Runnable" seed="441352541" result="Passed" start-time="2017-07-31 10:07:04Z" end-time="2017-07-31 10:07:04Z" duration="0.002080" asserts="1" />
            <test-case id="0-1059" name="ToString_IdNotExists_Success" fullname="DomainModel.Models.Tests.ValidationLogTests.ToString_IdNotExists_Success" methodname="ToString_IdNotExists_Success" classname="DomainModel.Models.Tests.ValidationLogTests" runstate="Runnable" seed="56017774" result="Passed" start-time="2017-07-31 10:07:04Z" end-time="2017-07-31 10:07:04Z" duration="0.001121" asserts="1" />
            <test-case id="0-1058" name="ToString_IdNotUnique_Success" fullname="DomainModel.Models.Tests.ValidationLogTests.ToString_IdNotUnique_Success" methodname="ToString_IdNotUnique_Success" classname="DomainModel.Models.Tests.ValidationLogTests" runstate="Runnable" seed="1981861528" result="Passed" start-time="2017-07-31 10:07:04Z" end-time="2017-07-31 10:07:04Z" duration="0.001349" asserts="1" />
            <test-case id="0-1062" name="ToString_MaskInvalid_Success" fullname="DomainModel.Models.Tests.ValidationLogTests.ToString_MaskInvalid_Success" methodname="ToString_MaskInvalid_Success" classname="DomainModel.Models.Tests.ValidationLogTests" runstate="Runnable" seed="684029726" result="Passed" start-time="2017-07-31 10:07:04Z" end-time="2017-07-31 10:07:04Z" duration="0.002328" asserts="1" />
            <test-case id="0-1056" name="ValidationLog_ValidParams_Success" fullname="DomainModel.Models.Tests.ValidationLogTests.ValidationLog_ValidParams_Success" methodname="ValidationLog_ValidParams_Success" classname="DomainModel.Models.Tests.ValidationLogTests" runstate="Runnable" seed="1102882348" result="Passed" start-time="2017-07-31 10:07:04Z" end-time="2017-07-31 10:07:04Z" duration="0.003612" asserts="2" />
          </test-suite>
        </test-suite>
      </test-suite>
    </test-suite>
    <test-suite type="TestSuite" id="0-1065" name="Task_1" fullname="Task_1" runstate="Runnable" testcasecount="50" result="Passed" start-time="2017-07-31 10:07:04Z" end-time="2017-07-31 10:07:06Z" duration="1.329032" total="50" passed="50" failed="0" warnings="0" inconclusive="0" skipped="0" asserts="70">
      <test-suite type="TestSuite" id="0-1068" name="DomainModel" fullname="Task_1.DomainModel" runstate="Runnable" testcasecount="40" result="Passed" start-time="2017-07-31 10:07:04Z" end-time="2017-07-31 10:07:06Z" duration="1.299536" total="40" passed="40" failed="0" warnings="0" inconclusive="0" skipped="0" asserts="57">
        <test-suite type="TestSuite" id="0-1071" name="Repository" fullname="Task_1.DomainModel.Repository" runstate="Runnable" testcasecount="6" result="Passed" start-time="2017-07-31 10:07:04Z" end-time="2017-07-31 10:07:05Z" duration="0.567969" total="6" passed="6" failed="0" warnings="0" inconclusive="0" skipped="0" asserts="6">
          <test-suite type="TestSuite" id="0-1072" name="Tests" fullname="Task_1.DomainModel.Repository.Tests" runstate="Runnable" testcasecount="6" result="Passed" start-time="2017-07-31 10:07:04Z" end-time="2017-07-31 10:07:05Z" duration="0.565984" total="6" passed="6" failed="0" warnings="0" inconclusive="0" skipped="0" asserts="6">
            <test-suite type="TestFixture" id="0-1048" name="FileRepositoryTests" fullname="Task_1.DomainModel.Repository.Tests.FileRepositoryTests" classname="Task_1.DomainModel.Repository.Tests.FileRepositoryTests" runstate="Runnable" testcasecount="6" result="Passed" start-time="2017-07-31 10:07:04Z" end-time="2017-07-31 10:07:05Z" duration="0.564045" total="6" passed="6" failed="0" warnings="0" inconclusive="0" skipped="0" asserts="6">
              <test-case id="0-1053" name="Create_RigthData_SubnetsUpdated" fullname="Task_1.DomainModel.Repository.Tests.FileRepositoryTests.Create_RigthData_SubnetsUpdated" methodname="Create_RigthData_SubnetsUpdated" classname="Task_1.DomainModel.Repository.Tests.FileRepositoryTests" runstate="Runnable" seed="771072696" result="Passed" start-time="2017-07-31 10:07:04Z" end-time="2017-07-31 10:07:05Z" duration="0.409081" asserts="1" />
              <test-case id="0-1054" name="Delete_RigthData_SubnetsUpdated" fullname="Task_1.DomainModel.Repository.Tests.FileRepositoryTests.Delete_RigthData_SubnetsUpdated" methodname="Delete_RigthData_SubnetsUpdated" classname="Task_1.DomainModel.Repository.Tests.FileRepositoryTests" runstate="Runnable" seed="1515067537" result="Passed" start-time="2017-07-31 10:07:05Z" end-time="2017-07-31 10:07:05Z" duration="0.027865" asserts="1" />
              <test-case id="0-1050" name="FileRepository_NotExistingFile_Exception" fullname="Task_1.DomainModel.Repository.Tests.FileRepositoryTests.FileRepository_NotExistingFile_Exception" methodname="FileRepository_NotExistingFile_Exception" classname="Task_1.DomainModel.Repository.Tests.FileRepositoryTests" runstate="Runnable" seed="937662329" result="Passed" start-time="2017-07-31 10:07:05Z" end-time="2017-07-31 10:07:05Z" duration="0.062508" asserts="1" />
              <test-case id="0-1049" name="FileRepository_RightFile_NoExceptions" fullname="Task_1.DomainModel.Repository.Tests.FileRepositoryTests.FileRepository_RightFile_NoExceptions" methodname="FileRepository_RightFile_NoExceptions" classname="Task_1.DomainModel.Repository.Tests.FileRepositoryTests" runstate="Runnable" seed="971300912" result="Passed" start-time="2017-07-31 10:07:05Z" end-time="2017-07-31 10:07:05Z" duration="0.004028" asserts="1" />
              <test-case id="0-1051" name="FileRepository_WrongDataFile_Exception" fullname="Task_1.DomainModel.Repository.Tests.FileRepositoryTests.FileRepository_WrongDataFile_Exception" methodname="FileRepository_WrongDataFile_Exception" classname="Task_1.DomainModel.Repository.Tests.FileRepositoryTests" runstate="Runnable" seed="1603654605" result="Passed" start-time="2017-07-31 10:07:05Z" end-time="2017-07-31 10:07:05Z" duration="0.041785" asserts="1" />
              <test-case id="0-1052" name="GetData_RigthData_Success" fullname="Task_1.DomainModel.Repository.Tests.FileRepositoryTests.GetData_RigthData_Success" methodname="GetData_RigthData_Success" classname="Task_1.DomainModel.Repository.Tests.FileRepositoryTests" runstate="Runnable" seed="1347415998" result="Passed" start-time="2017-07-31 10:07:05Z" end-time="2017-07-31 10:07:05Z" duration="0.001661" asserts="1" />
            </test-suite>
          </test-suite>
        </test-suite>
        <test-suite type="TestSuite" id="0-1069" name="Service" fullname="Task_1.DomainModel.Service" runstate="Runnable" testcasecount="34" result="Passed" start-time="2017-07-31 10:07:05Z" end-time="2017-07-31 10:07:06Z" duration="0.726848" total="34" passed="34" failed="0" warnings="0" inconclusive="0" skipped="0" asserts="51">
          <test-suite type="TestSuite" id="0-1070" name="Tests" fullname="Task_1.DomainModel.Service.Tests" runstate="Runnable" testcasecount="34" result="Passed" start-time="2017-07-31 10:07:05Z" end-time="2017-07-31 10:07:06Z" duration="0.725057" total="34" passed="34" failed="0" warnings="0" inconclusive="0" skipped="0" asserts="51">
            <test-suite type="TestFixture" id="0-1031" name="SubnetContainerManagerTests" fullname="Task_1.DomainModel.Service.Tests.SubnetContainerManagerTests" classname="Task_1.DomainModel.Service.Tests.SubnetContainerManagerTests" runstate="Runnable" testcasecount="16" result="Passed" start-time="2017-07-31 10:07:05Z" end-time="2017-07-31 10:07:06Z" duration="0.663773" total="16" passed="16" failed="0" warnings="0" inconclusive="0" skipped="0" asserts="19">
              <test-case id="0-1037" name="Create_ExistingIdSubnet_RepositoryMethodNotCalled" fullname="Task_1.DomainModel.Service.Tests.SubnetContainerManagerTests.Create_ExistingIdSubnet_RepositoryMethodNotCalled" methodname="Create_ExistingIdSubnet_RepositoryMethodNotCalled" classname="Task_1.DomainModel.Service.Tests.SubnetContainerManagerTests" runstate="Runnable" seed="175308334" result="Passed" start-time="2017-07-31 10:07:05Z" end-time="2017-07-31 10:07:05Z" duration="0.473141" asserts="0" />
              <test-case id="0-1040" name="Create_LongId_RepositoryMethodNotCalled" fullname="Task_1.DomainModel.Service.Tests.SubnetContainerManagerTests.Create_LongId_RepositoryMethodNotCalled" methodname="Create_LongId_RepositoryMethodNotCalled" classname="Task_1.DomainModel.Service.Tests.SubnetContainerManagerTests" runstate="Runnable" seed="742728027" result="Passed" start-time="2017-07-31 10:07:05Z" end-time="2017-07-31 10:07:05Z" duration="0.011208" asserts="0" />
              <test-case id="0-1036" name="Create_ValidSubnet_RepositoryMethodCalled" fullname="Task_1.DomainModel.Service.Tests.SubnetContainerManagerTests.Create_ValidSubnet_RepositoryMethodCalled" methodname="Create_ValidSubnet_RepositoryMethodCalled" classname="Task_1.DomainModel.Service.Tests.SubnetContainerManagerTests" runstate="Runnable" seed="1896824052" result="Passed" start-time="2017-07-31 10:07:05Z" end-time="2017-07-31 10:07:05Z" duration="0.028711" asserts="0" />
              <test-case id="0-1038" name="Create_WrongAddressSubnet_RepositoryMethodNotCalled" fullname="Task_1.DomainModel.Service.Tests.SubnetContainerManagerTests.Create_WrongAddressSubnet_RepositoryMethodNotCalled" methodname="Create_WrongAddressSubnet_RepositoryMethodNotCalled" classname="Task_1.DomainModel.Service.Tests.SubnetContainerManagerTests" runstate="Runnable" seed="1646999151" result="Passed" start-time="2017-07-31 10:07:05Z" end-time="2017-07-31 10:07:05Z" duration="0.003713" asserts="2" />
              <test-case id="0-1039" name="Create_WrongMaskSubnet_RepositoryMethodNotCalled" fullname="Task_1.DomainModel.Service.Tests.SubnetContainerManagerTests.Create_WrongMaskSubnet_RepositoryMethodNotCalled" methodname="Create_WrongMaskSubnet_RepositoryMethodNotCalled" classname="Task_1.DomainModel.Service.Tests.SubnetContainerManagerTests" runstate="Runnable" seed="370244463" result="Passed" start-time="2017-07-31 10:07:05Z" end-time="2017-07-31 10:07:06Z" duration="0.004437" asserts="2" />
              <test-case id="0-1043" name="Delete_EmptyId_RepositoryMethodNotCalled" fullname="Task_1.DomainModel.Service.Tests.SubnetContainerManagerTests.Delete_EmptyId_RepositoryMethodNotCalled" methodname="Delete_EmptyId_RepositoryMethodNotCalled" classname="Task_1.DomainModel.Service.Tests.SubnetContainerManagerTests" runstate="Runnable" seed="95404547" result="Passed" start-time="2017-07-31 10:07:06Z" end-time="2017-07-31 10:07:06Z" duration="0.004345" asserts="0" />
              <test-case id="0-1042" name="Delete_LongId_RepositoryMethodNotCalled" fullname="Task_1.DomainModel.Service.Tests.SubnetContainerManagerTests.Delete_LongId_RepositoryMethodNotCalled" methodname="Delete_LongId_RepositoryMethodNotCalled" classname="Task_1.DomainModel.Service.Tests.SubnetContainerManagerTests" runstate="Runnable" seed="1992925066" result="Passed" start-time="2017-07-31 10:07:06Z" end-time="2017-07-31 10:07:06Z" duration="0.003157" asserts="0" />
              <test-case id="0-1041" name="Delete_ValidId_RepositoryMethodCalled" fullname="Task_1.DomainModel.Service.Tests.SubnetContainerManagerTests.Delete_ValidId_RepositoryMethodCalled" methodname="Delete_ValidId_RepositoryMethodCalled" classname="Task_1.DomainModel.Service.Tests.SubnetContainerManagerTests" runstate="Runnable" seed="1715368939" result="Passed" start-time="2017-07-31 10:07:06Z" end-time="2017-07-31 10:07:06Z" duration="0.003412" asserts="0" />
              <test-case id="0-1045" name="Edit_IDsAreSame_RepositoryMethodCalled" fullname="Task_1.DomainModel.Service.Tests.SubnetContainerManagerTests.Edit_IDsAreSame_RepositoryMethodCalled" methodname="Edit_IDsAreSame_RepositoryMethodCalled" classname="Task_1.DomainModel.Service.Tests.SubnetContainerManagerTests" runstate="Runnable" seed="2041043748" result="Passed" start-time="2017-07-31 10:07:06Z" end-time="2017-07-31 10:07:06Z" duration="0.006163" asserts="0" />
              <test-case id="0-1047" name="Edit_InvalidNewId_RepositoryMethodNotCalled" fullname="Task_1.DomainModel.Service.Tests.SubnetContainerManagerTests.Edit_InvalidNewId_RepositoryMethodNotCalled" methodname="Edit_InvalidNewId_RepositoryMethodNotCalled" classname="Task_1.DomainModel.Service.Tests.SubnetContainerManagerTests" runstate="Runnable" seed="2126455564" result="Passed" start-time="2017-07-31 10:07:06Z" end-time="2017-07-31 10:07:06Z" duration="0.004465" asserts="0" />
              <test-case id="0-1046" name="Edit_NotExistingOldId_RepositoryMethodNotCalled" fullname="Task_1.DomainModel.Service.Tests.SubnetContainerManagerTests.Edit_NotExistingOldId_RepositoryMethodNotCalled" methodname="Edit_NotExistingOldId_RepositoryMethodNotCalled" classname="Task_1.DomainModel.Service.Tests.SubnetContainerManagerTests" runstate="Runnable" seed="1221638055" result="Passed" start-time="2017-07-31 10:07:06Z" end-time="2017-07-31 10:07:06Z" duration="0.005099" asserts="2" />
              <test-case id="0-1044" name="Edit_ValidIds_RepositoryMethodCalled" fullname="Task_1.DomainModel.Service.Tests.SubnetContainerManagerTests.Edit_ValidIds_RepositoryMethodCalled" methodname="Edit_ValidIds_RepositoryMethodCalled" classname="Task_1.DomainModel.Service.Tests.SubnetContainerManagerTests" runstate="Runnable" seed="1422472645" result="Passed" start-time="2017-07-31 10:07:06Z" end-time="2017-07-31 10:07:06Z" duration="0.004410" asserts="0" />
              <test-case id="0-1033" name="GetTest_CollectionsOfDifferentCount" fullname="Task_1.DomainModel.Service.Tests.SubnetContainerManagerTests.GetTest_CollectionsOfDifferentCount" methodname="GetTest_CollectionsOfDifferentCount" classname="Task_1.DomainModel.Service.Tests.SubnetContainerManagerTests" runstate="Runnable" seed="1021698445" result="Passed" start-time="2017-07-31 10:07:06Z" end-time="2017-07-31 10:07:06Z" duration="0.008747" asserts="1" />
              <test-case id="0-1034" name="GetTest_CollectionsOfDifferentElementsId" fullname="Task_1.DomainModel.Service.Tests.SubnetContainerManagerTests.GetTest_CollectionsOfDifferentElementsId" methodname="GetTest_CollectionsOfDifferentElementsId" classname="Task_1.DomainModel.Service.Tests.SubnetContainerManagerTests" runstate="Runnable" seed="1286676163" result="Passed" start-time="2017-07-31 10:07:06Z" end-time="2017-07-31 10:07:06Z" duration="0.006538" asserts="4" />
              <test-case id="0-1035" name="GetTest_CollectionsOfDifferentElementsNetworks" fullname="Task_1.DomainModel.Service.Tests.SubnetContainerManagerTests.GetTest_CollectionsOfDifferentElementsNetworks" methodname="GetTest_CollectionsOfDifferentElementsNetworks" classname="Task_1.DomainModel.Service.Tests.SubnetContainerManagerTests" runstate="Runnable" seed="1131664448" result="Passed" start-time="2017-07-31 10:07:06Z" end-time="2017-07-31 10:07:06Z" duration="0.003704" asserts="4" />
              <test-case id="0-1032" name="GetTest_SameCollections" fullname="Task_1.DomainModel.Service.Tests.SubnetContainerManagerTests.GetTest_SameCollections" methodname="GetTest_SameCollections" classname="Task_1.DomainModel.Service.Tests.SubnetContainerManagerTests" runstate="Runnable" seed="1700003210" result="Passed" start-time="2017-07-31 10:07:06Z" end-time="2017-07-31 10:07:06Z" duration="0.004978" asserts="4" />
            </test-suite>
            <test-suite type="TestFixture" id="0-1011" name="SubnetCoverageManagerTests" fullname="Task_1.DomainModel.Service.Tests.SubnetCoverageManagerTests" classname="Task_1.DomainModel.Service.Tests.SubnetCoverageManagerTests" runstate="Runnable" testcasecount="5" result="Passed" start-time="2017-07-31 10:07:06Z" end-time="2017-07-31 10:07:06Z" duration="0.029063" total="5" passed="5" failed="0" warnings="0" inconclusive="0" skipped="0" asserts="6">
              <test-case id="0-1012" name="GetMinimalCoverage_OneCoversAnother_Success" fullname="Task_1.DomainModel.Service.Tests.SubnetCoverageManagerTests.GetMinimalCoverage_OneCoversAnother_Success" methodname="GetMinimalCoverage_OneCoversAnother_Success" classname="Task_1.DomainModel.Service.Tests.SubnetCoverageManagerTests" runstate="Runnable" seed="958102004" result="Passed" start-time="2017-07-31 10:07:06Z" end-time="2017-07-31 10:07:06Z" duration="0.016054" asserts="1" />
              <test-case id="0-1013" name="GetMinimalCoverage_OneCoversAnotherTwo_Success" fullname="Task_1.DomainModel.Service.Tests.SubnetCoverageManagerTests.GetMinimalCoverage_OneCoversAnotherTwo_Success" methodname="GetMinimalCoverage_OneCoversAnotherTwo_Success" classname="Task_1.DomainModel.Service.Tests.SubnetCoverageManagerTests" runstate="Runnable" seed="562099953" result="Passed" start-time="2017-07-31 10:07:06Z" end-time="2017-07-31 10:07:06Z" duration="0.001876" asserts="1" />
              <test-case id="0-1016" name="GetMinimalCoverage_SameNetwork_CoverBoth" fullname="Task_1.DomainModel.Service.Tests.SubnetCoverageManagerTests.GetMinimalCoverage_SameNetwork_CoverBoth" methodname="GetMinimalCoverage_SameNetwork_CoverBoth" classname="Task_1.DomainModel.Service.Tests.SubnetCoverageManagerTests" runstate="Runnable" seed="636851436" result="Passed" start-time="2017-07-31 10:07:06Z" end-time="2017-07-31 10:07:06Z" duration="0.000926" asserts="1" />
              <test-case id="0-1015" name="GetMinimalCoverage_TransitiveCoverage_OneCoversAll" fullname="Task_1.DomainModel.Service.Tests.SubnetCoverageManagerTests.GetMinimalCoverage_TransitiveCoverage_OneCoversAll" methodname="GetMinimalCoverage_TransitiveCoverage_OneCoversAll" classname="Task_1.DomainModel.Service.Tests.SubnetCoverageManagerTests" runstate="Runnable" seed="144672334" result="Passed" start-time="2017-07-31 10:07:06Z" end-time="2017-07-31 10:07:06Z" duration="0.001049" asserts="1" />
              <test-case id="0-1014" name="GetMinimalCoverage_TwoCoverages_Success" fullname="Task_1.DomainModel.Service.Tests.SubnetCoverageManagerTests.GetMinimalCoverage_TwoCoverages_Success" methodname="GetMinimalCoverage_TwoCoverages_Success" classname="Task_1.DomainModel.Service.Tests.SubnetCoverageManagerTests" runstate="Runnable" seed="1232498631" result="Passed" start-time="2017-07-31 10:07:06Z" end-time="2017-07-31 10:07:06Z" duration="0.001555" asserts="2" />
            </test-suite>
            <test-suite type="TestFixture" id="0-1017" name="SubnetValidatorTests" fullname="Task_1.DomainModel.Service.Tests.SubnetValidatorTests" classname="Task_1.DomainModel.Service.Tests.SubnetValidatorTests" runstate="Runnable" testcasecount="13" result="Passed" start-time="2017-07-31 10:07:06Z" end-time="2017-07-31 10:07:06Z" duration="0.026031" total="13" passed="13" failed="0" warnings="0" inconclusive="0" skipped="0" asserts="26">
              <test-case id="0-1023" name="IsValidAddress_NegativeAddress_Fail" fullname="Task_1.DomainModel.Service.Tests.SubnetValidatorTests.IsValidAddress_NegativeAddress_Fail" methodname="IsValidAddress_NegativeAddress_Fail" classname="Task_1.DomainModel.Service.Tests.SubnetValidatorTests" runstate="Runnable" seed="484090496" result="Passed" start-time="2017-07-31 10:07:06Z" end-time="2017-07-31 10:07:06Z" duration="0.000410" asserts="2" />
              <test-case id="0-1021" name="IsValidAddress_NotAnAddress_Fail" fullname="Task_1.DomainModel.Service.Tests.SubnetValidatorTests.IsValidAddress_NotAnAddress_Fail" methodname="IsValidAddress_NotAnAddress_Fail" classname="Task_1.DomainModel.Service.Tests.SubnetValidatorTests" runstate="Runnable" seed="1698399141" result="Passed" start-time="2017-07-31 10:07:06Z" end-time="2017-07-31 10:07:06Z" duration="0.000446" asserts="2" />
              <test-case id="0-1018" name="IsValidAddress_RightAddress_Success" fullname="Task_1.DomainModel.Service.Tests.SubnetValidatorTests.IsValidAddress_RightAddress_Success" methodname="IsValidAddress_RightAddress_Success" classname="Task_1.DomainModel.Service.Tests.SubnetValidatorTests" runstate="Runnable" seed="854644828" result="Passed" start-time="2017-07-31 10:07:06Z" end-time="2017-07-31 10:07:06Z" duration="0.000373" asserts="2" />
              <test-case id="0-1020" name="IsValidAddress_RightMaskedAddress_Success" fullname="Task_1.DomainModel.Service.Tests.SubnetValidatorTests.IsValidAddress_RightMaskedAddress_Success" methodname="IsValidAddress_RightMaskedAddress_Success" classname="Task_1.DomainModel.Service.Tests.SubnetValidatorTests" runstate="Runnable" seed="357647591" result="Passed" start-time="2017-07-31 10:07:06Z" end-time="2017-07-31 10:07:06Z" duration="0.000909" asserts="2" />
              <test-case id="0-1022" name="IsValidAddress_WrongMaskedAddress_Fail" fullname="Task_1.DomainModel.Service.Tests.SubnetValidatorTests.IsValidAddress_WrongMaskedAddress_Fail" methodname="IsValidAddress_WrongMaskedAddress_Fail" classname="Task_1.DomainModel.Service.Tests.SubnetValidatorTests" runstate="Runnable" seed="662727162" result="Passed" start-time="2017-07-31 10:07:06Z" end-time="2017-07-31 10:07:06Z" duration="0.000445" asserts="2" />
              <test-case id="0-1019" name="IsValidAddress_ZeroAddress_Success" fullname="Task_1.DomainModel.Service.Tests.SubnetValidatorTests.IsValidAddress_ZeroAddress_Success" methodname="IsValidAddress_ZeroAddress_Success" classname="Task_1.DomainModel.Service.Tests.SubnetValidatorTests" runstate="Runnable" seed="604208089" result="Passed" start-time="2017-07-31 10:07:06Z" end-time="2017-07-31 10:07:06Z" duration="0.000374" asserts="2" />
              <test-case id="0-1027" name="IsValidMask_AddressNotAStartForMask_Success" fullname="Task_1.DomainModel.Service.Tests.SubnetValidatorTests.IsValidMask_AddressNotAStartForMask_Success" methodname="IsValidMask_AddressNotAStartForMask_Success" classname="Task_1.DomainModel.Service.Tests.SubnetValidatorTests" runstate="Runnable" seed="1330090226" result="Passed" start-time="2017-07-31 10:07:06Z" end-time="2017-07-31 10:07:06Z" duration="0.000426" asserts="2" />
              <test-case id="0-1030" name="IsValidMask_EmptyMask_Fail" fullname="Task_1.DomainModel.Service.Tests.SubnetValidatorTests.IsValidMask_EmptyMask_Fail" methodname="IsValidMask_EmptyMask_Fail" classname="Task_1.DomainModel.Service.Tests.SubnetValidatorTests" runstate="Runnable" seed="1293350857" result="Passed" start-time="2017-07-31 10:07:06Z" end-time="2017-07-31 10:07:06Z" duration="0.000376" asserts="2" />
              <test-case id="0-1028" name="IsValidMask_LargeMask_Fail" fullname="Task_1.DomainModel.Service.Tests.SubnetValidatorTests.IsValidMask_LargeMask_Fail" methodname="IsValidMask_LargeMask_Fail" classname="Task_1.DomainModel.Service.Tests.SubnetValidatorTests" runstate="Runnable" seed="1565889026" result="Passed" start-time="2017-07-31 10:07:06Z" end-time="2017-07-31 10:07:06Z" duration="0.000427" asserts="2" />
              <test-case id="0-1029" name="IsValidMask_MoreThanTwoDigitMask_Fail" fullname="Task_1.DomainModel.Service.Tests.SubnetValidatorTests.IsValidMask_MoreThanTwoDigitMask_Fail" methodname="IsValidMask_MoreThanTwoDigitMask_Fail" classname="Task_1.DomainModel.Service.Tests.SubnetValidatorTests" runstate="Runnable" seed="685309727" result="Passed" start-time="2017-07-31 10:07:06Z" end-time="2017-07-31 10:07:06Z" duration="0.000423" asserts="2" />
              <test-case id="0-1026" name="IsValidMask_NegativeMask_Fail" fullname="Task_1.DomainModel.Service.Tests.SubnetValidatorTests.IsValidMask_NegativeMask_Fail" methodname="IsValidMask_NegativeMask_Fail" classname="Task_1.DomainModel.Service.Tests.SubnetValidatorTests" runstate="Runnable" seed="1459572982" result="Passed" start-time="2017-07-31 10:07:06Z" end-time="2017-07-31 10:07:06Z" duration="0.000395" asserts="2" />
              <test-case id="0-1024" name="IsValidMask_RightMask_Success" fullname="Task_1.DomainModel.Service.Tests.SubnetValidatorTests.IsValidMask_RightMask_Success" methodname="IsValidMask_RightMask_Success" classname="Task_1.DomainModel.Service.Tests.SubnetValidatorTests" runstate="Runnable" seed="1037240682" result="Passed" start-time="2017-07-31 10:07:06Z" end-time="2017-07-31 10:07:06Z" duration="0.000404" asserts="2" />
              <test-case id="0-1025" name="IsValidMask_ZeroMask_Success" fullname="Task_1.DomainModel.Service.Tests.SubnetValidatorTests.IsValidMask_ZeroMask_Success" methodname="IsValidMask_ZeroMask_Success" classname="Task_1.DomainModel.Service.Tests.SubnetValidatorTests" runstate="Runnable" seed="726656212" result="Passed" start-time="2017-07-31 10:07:06Z" end-time="2017-07-31 10:07:06Z" duration="0.000388" asserts="2" />
            </test-suite>
          </test-suite>
        </test-suite>
      </test-suite>
      <test-suite type="TestSuite" id="0-1066" name="Models" fullname="Task_1.Models" runstate="Runnable" testcasecount="10" result="Passed" start-time="2017-07-31 10:07:06Z" end-time="2017-07-31 10:07:06Z" duration="0.026975" total="10" passed="10" failed="0" warnings="0" inconclusive="0" skipped="0" asserts="13">
        <test-suite type="TestSuite" id="0-1067" name="Tests" fullname="Task_1.Models.Tests" runstate="Runnable" testcasecount="10" result="Passed" start-time="2017-07-31 10:07:06Z" end-time="2017-07-31 10:07:06Z" duration="0.024023" total="10" passed="10" failed="0" warnings="0" inconclusive="0" skipped="0" asserts="13">
          <test-suite type="TestFixture" id="0-1000" name="SubnetTests" fullname="Task_1.Models.Tests.SubnetTests" classname="Task_1.Models.Tests.SubnetTests" runstate="Runnable" testcasecount="10" result="Passed" start-time="2017-07-31 10:07:06Z" end-time="2017-07-31 10:07:06Z" duration="0.022032" total="10" passed="10" failed="0" warnings="0" inconclusive="0" skipped="0" asserts="13">
            <test-case id="0-1004" name="Equals_DifferentIds_Fail" fullname="Task_1.Models.Tests.SubnetTests.Equals_DifferentIds_Fail" methodname="Equals_DifferentIds_Fail" classname="Task_1.Models.Tests.SubnetTests" runstate="Runnable" seed="1087026466" result="Passed" start-time="2017-07-31 10:07:06Z" end-time="2017-07-31 10:07:06Z" duration="0.000529" asserts="1" />
            <test-case id="0-1005" name="Equals_DifferentNetworks_Fail" fullname="Task_1.Models.Tests.SubnetTests.Equals_DifferentNetworks_Fail" methodname="Equals_DifferentNetworks_Fail" classname="Task_1.Models.Tests.SubnetTests" runstate="Runnable" seed="1390741096" result="Passed" start-time="2017-07-31 10:07:06Z" end-time="2017-07-31 10:07:06Z" duration="0.000411" asserts="1" />
            <test-case id="0-1003" name="Equals_EqualSubnets_Success" fullname="Task_1.Models.Tests.SubnetTests.Equals_EqualSubnets_Success" methodname="Equals_EqualSubnets_Success" classname="Task_1.Models.Tests.SubnetTests" runstate="Runnable" seed="1170885379" result="Passed" start-time="2017-07-31 10:07:06Z" end-time="2017-07-31 10:07:06Z" duration="0.001236" asserts="1" />
            <test-case id="0-1006" name="Equals_NotASubnet_Fail" fullname="Task_1.Models.Tests.SubnetTests.Equals_NotASubnet_Fail" methodname="Equals_NotASubnet_Fail" classname="Task_1.Models.Tests.SubnetTests" runstate="Runnable" seed="1470509134" result="Passed" start-time="2017-07-31 10:07:06Z" end-time="2017-07-31 10:07:06Z" duration="0.001274" asserts="1" />
            <test-case id="0-1002" name="GetHashCode_SomeString_GivesIdHashCode" fullname="Task_1.Models.Tests.SubnetTests.GetHashCode_SomeString_GivesIdHashCode" methodname="GetHashCode_SomeString_GivesIdHashCode" classname="Task_1.Models.Tests.SubnetTests" runstate="Runnable" seed="1883647012" result="Passed" start-time="2017-07-31 10:07:06Z" end-time="2017-07-31 10:07:06Z" duration="0.000530" asserts="1" />
            <test-case id="0-1007" name="IsCovering_LargeSoversSmall_Success" fullname="Task_1.Models.Tests.SubnetTests.IsCovering_LargeSoversSmall_Success" methodname="IsCovering_LargeSoversSmall_Success" classname="Task_1.Models.Tests.SubnetTests" runstate="Runnable" seed="1018886912" result="Passed" start-time="2017-07-31 10:07:06Z" end-time="2017-07-31 10:07:06Z" duration="0.000436" asserts="1" />
            <test-case id="0-1009" name="IsCovering_SameSubnets_Success" fullname="Task_1.Models.Tests.SubnetTests.IsCovering_SameSubnets_Success" methodname="IsCovering_SameSubnets_Success" classname="Task_1.Models.Tests.SubnetTests" runstate="Runnable" seed="1812206180" result="Passed" start-time="2017-07-31 10:07:06Z" end-time="2017-07-31 10:07:06Z" duration="0.000354" asserts="1" />
            <test-case id="0-1008" name="IsCovering_SmallCoveringLarge_Fail" fullname="Task_1.Models.Tests.SubnetTests.IsCovering_SmallCoveringLarge_Fail" methodname="IsCovering_SmallCoveringLarge_Fail" classname="Task_1.Models.Tests.SubnetTests" runstate="Runnable" seed="579864130" result="Passed" start-time="2017-07-31 10:07:06Z" end-time="2017-07-31 10:07:06Z" duration="0.000493" asserts="1" />
            <test-case id="0-1010" name="IsCovering_TransitiveCover_Success" fullname="Task_1.Models.Tests.SubnetTests.IsCovering_TransitiveCover_Success" methodname="IsCovering_TransitiveCover_Success" classname="Task_1.Models.Tests.SubnetTests" runstate="Runnable" seed="1390828736" result="Passed" start-time="2017-07-31 10:07:06Z" end-time="2017-07-31 10:07:06Z" duration="0.000609" asserts="3" />
            <test-case id="0-1001" name="Subnet_FixedParams_CreatedInstance" fullname="Task_1.Models.Tests.SubnetTests.Subnet_FixedParams_CreatedInstance" methodname="Subnet_FixedParams_CreatedInstance" classname="Task_1.Models.Tests.SubnetTests" runstate="Runnable" seed="1377646595" result="Passed" start-time="2017-07-31 10:07:06Z" end-time="2017-07-31 10:07:06Z" duration="0.000521" asserts="2" />
          </test-suite>
        </test-suite>
      </test-suite>
    </test-suite>
  </test-suite>
</test-run>