<?xml version="1.0" encoding="utf-8" standalone="no"?>
<test-run id="2" testcasecount="71" result="Passed" total="71" passed="71" failed="0" inconclusive="0" skipped="0" asserts="93" engine-version="3.7.0.0" clr-version="4.0.30319.42000" start-time="2017-08-08 10:16:02Z" end-time="2017-08-08 10:16:09Z" duration="7.344728">
  <command-line><![CDATA["C:\Users\golubev.dmitriy\Documents\Visual Studio 2015\Projects\Task 1\Task 1.Tests\..\packages\NUnit.ConsoleRunner.3.7.0\tools\nunit3-console.exe" "bin\Debug\Task 1.Tests.dll" --result:test-results.xml;format=nunit3 --workers=1]]></command-line>
  <test-suite type="Assembly" id="0-1077" name="Task 1.Tests.dll" fullname="C:\Users\golubev.dmitriy\Documents\Visual Studio 2015\Projects\Task 1\Task 1.Tests\bin\Debug\Task 1.Tests.dll" runstate="Runnable" testcasecount="71" result="Passed" start-time="2017-08-08 10:16:07Z" end-time="2017-08-08 10:16:09Z" duration="2.385521" total="71" passed="71" failed="0" warnings="0" inconclusive="0" skipped="0" asserts="93">
    <environment framework-version="3.7.1.0" clr-version="4.0.30319.42000" os-version="Microsoft Windows NT 6.1.7601 Service Pack 1" platform="Win32NT" cwd="C:\Users\golubev.dmitriy\Documents\Visual Studio 2015\Projects\Task 1\Task 1.Tests" machine-name="ITM90000916" user="golubev.dmitriy" user-domain="CORP" culture="ru-RU" uiculture="ru-RU" os-architecture="x64" />
    <settings>
      <setting name="DisposeRunners" value="True" />
      <setting name="WorkDirectory" value="C:\Users\golubev.dmitriy\Documents\Visual Studio 2015\Projects\Task 1\Task 1.Tests" />
      <setting name="NumberOfTestWorkers" value="1" />
      <setting name="ImageRuntimeVersion" value="4.0.30319" />
      <setting name="ImageTargetFrameworkName" value=".NETFramework,Version=v4.5.2" />
      <setting name="ImageRequiresX86" value="False" />
      <setting name="ImageRequiresDefaultAppDomainAssemblyResolver" value="False" />
    </settings>
    <properties>
      <property name="_PID" value="4316" />
      <property name="_APPDOMAIN" value="domain-" />
    </properties>
    <test-suite type="TestSuite" id="0-1084" name="DomainModel" fullname="DomainModel" runstate="Runnable" testcasecount="21" result="Passed" start-time="2017-08-08 10:16:07Z" end-time="2017-08-08 10:16:09Z" duration="2.359119" total="21" passed="21" failed="0" warnings="0" inconclusive="0" skipped="0" asserts="22">
      <test-suite type="TestSuite" id="0-1085" name="Repository" fullname="DomainModel.Repository" runstate="Runnable" testcasecount="13" result="Passed" start-time="2017-08-08 10:16:07Z" end-time="2017-08-08 10:16:08Z" duration="1.649110" total="13" passed="13" failed="0" warnings="0" inconclusive="0" skipped="0" asserts="13">
        <test-suite type="TestSuite" id="0-1086" name="Tests" fullname="DomainModel.Repository.Tests" runstate="Runnable" testcasecount="13" result="Passed" start-time="2017-08-08 10:16:07Z" end-time="2017-08-08 10:16:08Z" duration="1.646072" total="13" passed="13" failed="0" warnings="0" inconclusive="0" skipped="0" asserts="13">
          <test-suite type="TestFixture" id="0-1054" name="DBRepositoryTests" fullname="DomainModel.Repository.Tests.DBRepositoryTests" classname="DomainModel.Repository.Tests.DBRepositoryTests" runstate="Runnable" testcasecount="13" result="Passed" start-time="2017-08-08 10:16:07Z" end-time="2017-08-08 10:16:08Z" duration="1.638034" total="13" passed="13" failed="0" warnings="0" inconclusive="0" skipped="0" asserts="13">
            <test-case id="0-1060" name="Create_NullId_ThrowsException" fullname="DomainModel.Repository.Tests.DBRepositoryTests.Create_NullId_ThrowsException" methodname="Create_NullId_ThrowsException" classname="DomainModel.Repository.Tests.DBRepositoryTests" runstate="Runnable" seed="1998929875" result="Passed" start-time="2017-08-08 10:16:07Z" end-time="2017-08-08 10:16:08Z" duration="0.263846" asserts="1" />
            <test-case id="0-1061" name="Create_NullSubnet_ThrowsException" fullname="DomainModel.Repository.Tests.DBRepositoryTests.Create_NullSubnet_ThrowsException" methodname="Create_NullSubnet_ThrowsException" classname="DomainModel.Repository.Tests.DBRepositoryTests" runstate="Runnable" seed="1012865388" result="Passed" start-time="2017-08-08 10:16:08Z" end-time="2017-08-08 10:16:08Z" duration="0.063754" asserts="1" />
            <test-case id="0-1059" name="Create_ValidData_Success" fullname="DomainModel.Repository.Tests.DBRepositoryTests.Create_ValidData_Success" methodname="Create_ValidData_Success" classname="DomainModel.Repository.Tests.DBRepositoryTests" runstate="Runnable" seed="1140235359" result="Passed" start-time="2017-08-08 10:16:08Z" end-time="2017-08-08 10:16:08Z" duration="0.139965" asserts="1" />
            <test-case id="0-1058" name="DBRepository_NullConnectionString_ThrowsException" fullname="DomainModel.Repository.Tests.DBRepositoryTests.DBRepository_NullConnectionString_ThrowsException" methodname="DBRepository_NullConnectionString_ThrowsException" classname="DomainModel.Repository.Tests.DBRepositoryTests" runstate="Runnable" seed="2045722302" result="Passed" start-time="2017-08-08 10:16:08Z" end-time="2017-08-08 10:16:08Z" duration="0.004293" asserts="1" />
            <test-case id="0-1057" name="DBRepository_NullTableName_ThrowsException" fullname="DomainModel.Repository.Tests.DBRepositoryTests.DBRepository_NullTableName_ThrowsException" methodname="DBRepository_NullTableName_ThrowsException" classname="DomainModel.Repository.Tests.DBRepositoryTests" runstate="Runnable" seed="735974043" result="Passed" start-time="2017-08-08 10:16:08Z" end-time="2017-08-08 10:16:08Z" duration="0.002883" asserts="1" />
            <test-case id="0-1055" name="DBRepository_RightConnectionString_Success" fullname="DomainModel.Repository.Tests.DBRepositoryTests.DBRepository_RightConnectionString_Success" methodname="DBRepository_RightConnectionString_Success" classname="DomainModel.Repository.Tests.DBRepositoryTests" runstate="Runnable" seed="1604355894" result="Passed" start-time="2017-08-08 10:16:08Z" end-time="2017-08-08 10:16:08Z" duration="0.028905" asserts="1" />
            <test-case id="0-1056" name="DBRepository_WrongConnectionString_ThrowsException" fullname="DomainModel.Repository.Tests.DBRepositoryTests.DBRepository_WrongConnectionString_ThrowsException" methodname="DBRepository_WrongConnectionString_ThrowsException" classname="DomainModel.Repository.Tests.DBRepositoryTests" runstate="Runnable" seed="1604977919" result="Passed" start-time="2017-08-08 10:16:08Z" end-time="2017-08-08 10:16:08Z" duration="0.004870" asserts="1" />
            <test-case id="0-1063" name="Delete_NullId_ThrowsException" fullname="DomainModel.Repository.Tests.DBRepositoryTests.Delete_NullId_ThrowsException" methodname="Delete_NullId_ThrowsException" classname="DomainModel.Repository.Tests.DBRepositoryTests" runstate="Runnable" seed="512192719" result="Passed" start-time="2017-08-08 10:16:08Z" end-time="2017-08-08 10:16:08Z" duration="0.083408" asserts="1" />
            <test-case id="0-1062" name="Delete_ValidData_Success" fullname="DomainModel.Repository.Tests.DBRepositoryTests.Delete_ValidData_Success" methodname="Delete_ValidData_Success" classname="DomainModel.Repository.Tests.DBRepositoryTests" runstate="Runnable" seed="538178819" result="Passed" start-time="2017-08-08 10:16:08Z" end-time="2017-08-08 10:16:08Z" duration="0.197722" asserts="1" />
            <test-case id="0-1066" name="Edit_NullNewId_ThrowsException" fullname="DomainModel.Repository.Tests.DBRepositoryTests.Edit_NullNewId_ThrowsException" methodname="Edit_NullNewId_ThrowsException" classname="DomainModel.Repository.Tests.DBRepositoryTests" runstate="Runnable" seed="708640968" result="Passed" start-time="2017-08-08 10:16:08Z" end-time="2017-08-08 10:16:08Z" duration="0.027362" asserts="1" />
            <test-case id="0-1065" name="Edit_NullOldId_ThrowsException" fullname="DomainModel.Repository.Tests.DBRepositoryTests.Edit_NullOldId_ThrowsException" methodname="Edit_NullOldId_ThrowsException" classname="DomainModel.Repository.Tests.DBRepositoryTests" runstate="Runnable" seed="1872207005" result="Passed" start-time="2017-08-08 10:16:08Z" end-time="2017-08-08 10:16:08Z" duration="0.025641" asserts="1" />
            <test-case id="0-1067" name="Edit_NullSubnet_ThrowsException" fullname="DomainModel.Repository.Tests.DBRepositoryTests.Edit_NullSubnet_ThrowsException" methodname="Edit_NullSubnet_ThrowsException" classname="DomainModel.Repository.Tests.DBRepositoryTests" runstate="Runnable" seed="517886112" result="Passed" start-time="2017-08-08 10:16:08Z" end-time="2017-08-08 10:16:08Z" duration="0.034785" asserts="1" />
            <test-case id="0-1064" name="Edit_ValidData_Success" fullname="DomainModel.Repository.Tests.DBRepositoryTests.Edit_ValidData_Success" methodname="Edit_ValidData_Success" classname="DomainModel.Repository.Tests.DBRepositoryTests" runstate="Runnable" seed="2009334389" result="Passed" start-time="2017-08-08 10:16:08Z" end-time="2017-08-08 10:16:08Z" duration="0.147817" asserts="1" />
          </test-suite>
        </test-suite>
      </test-suite>
      <test-suite type="TestSuite" id="0-1087" name="Models" fullname="DomainModel.Models" runstate="Runnable" testcasecount="8" result="Passed" start-time="2017-08-08 10:16:07Z" end-time="2017-08-08 10:16:09Z" duration="2.357604" total="8" passed="8" failed="0" warnings="0" inconclusive="0" skipped="0" asserts="9">
        <test-suite type="TestSuite" id="0-1088" name="Tests" fullname="DomainModel.Models.Tests" runstate="Runnable" testcasecount="8" result="Passed" start-time="2017-08-08 10:16:07Z" end-time="2017-08-08 10:16:09Z" duration="2.355134" total="8" passed="8" failed="0" warnings="0" inconclusive="0" skipped="0" asserts="9">
          <test-suite type="TestFixture" id="0-1068" name="ValidationLogTests" fullname="DomainModel.Models.Tests.ValidationLogTests" classname="DomainModel.Models.Tests.ValidationLogTests" runstate="Runnable" testcasecount="8" result="Passed" start-time="2017-08-08 10:16:08Z" end-time="2017-08-08 10:16:09Z" duration="0.695079" total="8" passed="8" failed="0" warnings="0" inconclusive="0" skipped="0" asserts="9">
            <properties>
              <property name="ParallelScope" value="Self" />
            </properties>
            <test-case id="0-1074" name="ToString_AddressInvalid_Success" fullname="DomainModel.Models.Tests.ValidationLogTests.ToString_AddressInvalid_Success" methodname="ToString_AddressInvalid_Success" classname="DomainModel.Models.Tests.ValidationLogTests" runstate="Runnable" seed="1637346467" result="Passed" start-time="2017-08-08 10:16:08Z" end-time="2017-08-08 10:16:08Z" duration="0.003853" asserts="1" />
            <test-case id="0-1076" name="ToString_EverythingIsFine_Success" fullname="DomainModel.Models.Tests.ValidationLogTests.ToString_EverythingIsFine_Success" methodname="ToString_EverythingIsFine_Success" classname="DomainModel.Models.Tests.ValidationLogTests" runstate="Runnable" seed="314603469" result="Passed" start-time="2017-08-08 10:16:08Z" end-time="2017-08-08 10:16:08Z" duration="0.001811" asserts="1" />
            <test-case id="0-1073" name="ToString_IdInvalid_Success" fullname="DomainModel.Models.Tests.ValidationLogTests.ToString_IdInvalid_Success" methodname="ToString_IdInvalid_Success" classname="DomainModel.Models.Tests.ValidationLogTests" runstate="Runnable" seed="919208243" result="Passed" start-time="2017-08-08 10:16:08Z" end-time="2017-08-08 10:16:08Z" duration="0.002170" asserts="1" />
            <test-case id="0-1070" name="ToString_IdNoErrors_Success" fullname="DomainModel.Models.Tests.ValidationLogTests.ToString_IdNoErrors_Success" methodname="ToString_IdNoErrors_Success" classname="DomainModel.Models.Tests.ValidationLogTests" runstate="Runnable" seed="1327747065" result="Passed" start-time="2017-08-08 10:16:08Z" end-time="2017-08-08 10:16:08Z" duration="0.001616" asserts="1" />
            <test-case id="0-1072" name="ToString_IdNotExists_Success" fullname="DomainModel.Models.Tests.ValidationLogTests.ToString_IdNotExists_Success" methodname="ToString_IdNotExists_Success" classname="DomainModel.Models.Tests.ValidationLogTests" runstate="Runnable" seed="313664332" result="Passed" start-time="2017-08-08 10:16:08Z" end-time="2017-08-08 10:16:08Z" duration="0.000441" asserts="1" />
            <test-case id="0-1071" name="ToString_IdNotUnique_Success" fullname="DomainModel.Models.Tests.ValidationLogTests.ToString_IdNotUnique_Success" methodname="ToString_IdNotUnique_Success" classname="DomainModel.Models.Tests.ValidationLogTests" runstate="Runnable" seed="425924637" result="Passed" start-time="2017-08-08 10:16:08Z" end-time="2017-08-08 10:16:08Z" duration="0.000830" asserts="1" />
            <test-case id="0-1075" name="ToString_MaskInvalid_Success" fullname="DomainModel.Models.Tests.ValidationLogTests.ToString_MaskInvalid_Success" methodname="ToString_MaskInvalid_Success" classname="DomainModel.Models.Tests.ValidationLogTests" runstate="Runnable" seed="1770645228" result="Passed" start-time="2017-08-08 10:16:08Z" end-time="2017-08-08 10:16:08Z" duration="0.000480" asserts="1" />
            <test-case id="0-1069" name="ValidationLog_ValidParams_Success" fullname="DomainModel.Models.Tests.ValidationLogTests.ValidationLog_ValidParams_Success" methodname="ValidationLog_ValidParams_Success" classname="DomainModel.Models.Tests.ValidationLogTests" runstate="Runnable" seed="1421946817" result="Passed" start-time="2017-08-08 10:16:08Z" end-time="2017-08-08 10:16:08Z" duration="0.004217" asserts="2" />
          </test-suite>
        </test-suite>
      </test-suite>
    </test-suite>
    <test-suite type="TestSuite" id="0-1078" name="Task_1" fullname="Task_1" runstate="Runnable" testcasecount="50" result="Passed" start-time="2017-08-08 10:16:08Z" end-time="2017-08-08 10:16:09Z" duration="0.715047" total="50" passed="50" failed="0" warnings="0" inconclusive="0" skipped="0" asserts="71">
      <test-suite type="TestSuite" id="0-1079" name="DomainModel" fullname="Task_1.DomainModel" runstate="Runnable" testcasecount="40" result="Passed" start-time="2017-08-08 10:16:08Z" end-time="2017-08-08 10:16:09Z" duration="0.710049" total="40" passed="40" failed="0" warnings="0" inconclusive="0" skipped="0" asserts="58">
        <test-suite type="TestSuite" id="0-1080" name="Service" fullname="Task_1.DomainModel.Service" runstate="Runnable" testcasecount="40" result="Passed" start-time="2017-08-08 10:16:08Z" end-time="2017-08-08 10:16:09Z" duration="0.708049" total="40" passed="40" failed="0" warnings="0" inconclusive="0" skipped="0" asserts="58">
          <test-suite type="TestSuite" id="0-1081" name="Tests" fullname="Task_1.DomainModel.Service.Tests" runstate="Runnable" testcasecount="40" result="Passed" start-time="2017-08-08 10:16:08Z" end-time="2017-08-08 10:16:09Z" duration="0.706050" total="40" passed="40" failed="0" warnings="0" inconclusive="0" skipped="0" asserts="58">
            <test-suite type="TestFixture" id="0-1020" name="SubnetContainerManagerTests" fullname="Task_1.DomainModel.Service.Tests.SubnetContainerManagerTests" classname="Task_1.DomainModel.Service.Tests.SubnetContainerManagerTests" runstate="Runnable" testcasecount="22" result="Passed" start-time="2017-08-08 10:16:08Z" end-time="2017-08-08 10:16:09Z" duration="0.669842" total="22" passed="22" failed="0" warnings="0" inconclusive="0" skipped="0" asserts="26">
              <properties>
                <property name="ParallelScope" value="Self" />
              </properties>
              <test-case id="0-1028" name="Create_ExistingIdSubnet_RepositoryMethodNotCalled" fullname="Task_1.DomainModel.Service.Tests.SubnetContainerManagerTests.Create_ExistingIdSubnet_RepositoryMethodNotCalled" methodname="Create_ExistingIdSubnet_RepositoryMethodNotCalled" classname="Task_1.DomainModel.Service.Tests.SubnetContainerManagerTests" runstate="Runnable" seed="474478169" result="Passed" start-time="2017-08-08 10:16:08Z" end-time="2017-08-08 10:16:09Z" duration="0.435133" asserts="0" />
              <test-case id="0-1031" name="Create_LongId_RepositoryMethodNotCalled" fullname="Task_1.DomainModel.Service.Tests.SubnetContainerManagerTests.Create_LongId_RepositoryMethodNotCalled" methodname="Create_LongId_RepositoryMethodNotCalled" classname="Task_1.DomainModel.Service.Tests.SubnetContainerManagerTests" runstate="Runnable" seed="1028703835" result="Passed" start-time="2017-08-08 10:16:09Z" end-time="2017-08-08 10:16:09Z" duration="0.004070" asserts="0" />
              <test-case id="0-1026" name="Create_NullId_ThrowsException" fullname="Task_1.DomainModel.Service.Tests.SubnetContainerManagerTests.Create_NullId_ThrowsException" methodname="Create_NullId_ThrowsException" classname="Task_1.DomainModel.Service.Tests.SubnetContainerManagerTests" runstate="Runnable" seed="774079317" result="Passed" start-time="2017-08-08 10:16:09Z" end-time="2017-08-08 10:16:09Z" duration="0.000952" asserts="1" />
              <test-case id="0-1027" name="Create_NullSubnet_ThrowsException" fullname="Task_1.DomainModel.Service.Tests.SubnetContainerManagerTests.Create_NullSubnet_ThrowsException" methodname="Create_NullSubnet_ThrowsException" classname="Task_1.DomainModel.Service.Tests.SubnetContainerManagerTests" runstate="Runnable" seed="958947343" result="Passed" start-time="2017-08-08 10:16:09Z" end-time="2017-08-08 10:16:09Z" duration="0.002248" asserts="1" />
              <test-case id="0-1025" name="Create_ValidSubnet_RepositoryMethodCalled" fullname="Task_1.DomainModel.Service.Tests.SubnetContainerManagerTests.Create_ValidSubnet_RepositoryMethodCalled" methodname="Create_ValidSubnet_RepositoryMethodCalled" classname="Task_1.DomainModel.Service.Tests.SubnetContainerManagerTests" runstate="Runnable" seed="1907151700" result="Passed" start-time="2017-08-08 10:16:09Z" end-time="2017-08-08 10:16:09Z" duration="0.006146" asserts="0" />
              <test-case id="0-1029" name="Create_WrongAddressSubnet_RepositoryMethodNotCalled" fullname="Task_1.DomainModel.Service.Tests.SubnetContainerManagerTests.Create_WrongAddressSubnet_RepositoryMethodNotCalled" methodname="Create_WrongAddressSubnet_RepositoryMethodNotCalled" classname="Task_1.DomainModel.Service.Tests.SubnetContainerManagerTests" runstate="Runnable" seed="698116522" result="Passed" start-time="2017-08-08 10:16:09Z" end-time="2017-08-08 10:16:09Z" duration="0.004483" asserts="2" />
              <test-case id="0-1030" name="Create_WrongMaskSubnet_RepositoryMethodNotCalled" fullname="Task_1.DomainModel.Service.Tests.SubnetContainerManagerTests.Create_WrongMaskSubnet_RepositoryMethodNotCalled" methodname="Create_WrongMaskSubnet_RepositoryMethodNotCalled" classname="Task_1.DomainModel.Service.Tests.SubnetContainerManagerTests" runstate="Runnable" seed="147059242" result="Passed" start-time="2017-08-08 10:16:09Z" end-time="2017-08-08 10:16:09Z" duration="0.004510" asserts="2" />
              <test-case id="0-1034" name="Delete_EmptyId_ThrowsException" fullname="Task_1.DomainModel.Service.Tests.SubnetContainerManagerTests.Delete_EmptyId_ThrowsException" methodname="Delete_EmptyId_ThrowsException" classname="Task_1.DomainModel.Service.Tests.SubnetContainerManagerTests" runstate="Runnable" seed="1487774414" result="Passed" start-time="2017-08-08 10:16:09Z" end-time="2017-08-08 10:16:09Z" duration="0.002565" asserts="1" />
              <test-case id="0-1035" name="Delete_LongId_RepositoryMethodNotCalled" fullname="Task_1.DomainModel.Service.Tests.SubnetContainerManagerTests.Delete_LongId_RepositoryMethodNotCalled" methodname="Delete_LongId_RepositoryMethodNotCalled" classname="Task_1.DomainModel.Service.Tests.SubnetContainerManagerTests" runstate="Runnable" seed="290148875" result="Passed" start-time="2017-08-08 10:16:09Z" end-time="2017-08-08 10:16:09Z" duration="0.003710" asserts="0" />
              <test-case id="0-1033" name="Delete_NullId_ThrowsException" fullname="Task_1.DomainModel.Service.Tests.SubnetContainerManagerTests.Delete_NullId_ThrowsException" methodname="Delete_NullId_ThrowsException" classname="Task_1.DomainModel.Service.Tests.SubnetContainerManagerTests" runstate="Runnable" seed="201026278" result="Passed" start-time="2017-08-08 10:16:09Z" end-time="2017-08-08 10:16:09Z" duration="0.003390" asserts="1" />
              <test-case id="0-1032" name="Delete_ValidId_RepositoryMethodCalled" fullname="Task_1.DomainModel.Service.Tests.SubnetContainerManagerTests.Delete_ValidId_RepositoryMethodCalled" methodname="Delete_ValidId_RepositoryMethodCalled" classname="Task_1.DomainModel.Service.Tests.SubnetContainerManagerTests" runstate="Runnable" seed="69830107" result="Passed" start-time="2017-08-08 10:16:09Z" end-time="2017-08-08 10:16:09Z" duration="0.004177" asserts="0" />
              <test-case id="0-1040" name="Edit_IDsAreSame_RepositoryMethodCalled" fullname="Task_1.DomainModel.Service.Tests.SubnetContainerManagerTests.Edit_IDsAreSame_RepositoryMethodCalled" methodname="Edit_IDsAreSame_RepositoryMethodCalled" classname="Task_1.DomainModel.Service.Tests.SubnetContainerManagerTests" runstate="Runnable" seed="1869923753" result="Passed" start-time="2017-08-08 10:16:09Z" end-time="2017-08-08 10:16:09Z" duration="0.006442" asserts="0" />
              <test-case id="0-1042" name="Edit_InvalidNewId_RepositoryMethodNotCalled" fullname="Task_1.DomainModel.Service.Tests.SubnetContainerManagerTests.Edit_InvalidNewId_RepositoryMethodNotCalled" methodname="Edit_InvalidNewId_RepositoryMethodNotCalled" classname="Task_1.DomainModel.Service.Tests.SubnetContainerManagerTests" runstate="Runnable" seed="1497254970" result="Passed" start-time="2017-08-08 10:16:09Z" end-time="2017-08-08 10:16:09Z" duration="0.004850" asserts="0" />
              <test-case id="0-1041" name="Edit_NotExistingOldId_RepositoryMethodNotCalled" fullname="Task_1.DomainModel.Service.Tests.SubnetContainerManagerTests.Edit_NotExistingOldId_RepositoryMethodNotCalled" methodname="Edit_NotExistingOldId_RepositoryMethodNotCalled" classname="Task_1.DomainModel.Service.Tests.SubnetContainerManagerTests" runstate="Runnable" seed="1592046037" result="Passed" start-time="2017-08-08 10:16:09Z" end-time="2017-08-08 10:16:09Z" duration="0.004484" asserts="2" />
              <test-case id="0-1038" name="Edit_NullNewId_ThrowsException" fullname="Task_1.DomainModel.Service.Tests.SubnetContainerManagerTests.Edit_NullNewId_ThrowsException" methodname="Edit_NullNewId_ThrowsException" classname="Task_1.DomainModel.Service.Tests.SubnetContainerManagerTests" runstate="Runnable" seed="26423177" result="Passed" start-time="2017-08-08 10:16:09Z" end-time="2017-08-08 10:16:09Z" duration="0.000814" asserts="1" />
              <test-case id="0-1037" name="Edit_NullOldId_ThrowsException" fullname="Task_1.DomainModel.Service.Tests.SubnetContainerManagerTests.Edit_NullOldId_ThrowsException" methodname="Edit_NullOldId_ThrowsException" classname="Task_1.DomainModel.Service.Tests.SubnetContainerManagerTests" runstate="Runnable" seed="1341542150" result="Passed" start-time="2017-08-08 10:16:09Z" end-time="2017-08-08 10:16:09Z" duration="0.002129" asserts="1" />
              <test-case id="0-1039" name="Edit_NullSubnet_ThrowsException" fullname="Task_1.DomainModel.Service.Tests.SubnetContainerManagerTests.Edit_NullSubnet_ThrowsException" methodname="Edit_NullSubnet_ThrowsException" classname="Task_1.DomainModel.Service.Tests.SubnetContainerManagerTests" runstate="Runnable" seed="556720416" result="Passed" start-time="2017-08-08 10:16:09Z" end-time="2017-08-08 10:16:09Z" duration="0.000845" asserts="1" />
              <test-case id="0-1036" name="Edit_ValidIds_RepositoryMethodCalled" fullname="Task_1.DomainModel.Service.Tests.SubnetContainerManagerTests.Edit_ValidIds_RepositoryMethodCalled" methodname="Edit_ValidIds_RepositoryMethodCalled" classname="Task_1.DomainModel.Service.Tests.SubnetContainerManagerTests" runstate="Runnable" seed="2072697696" result="Passed" start-time="2017-08-08 10:16:09Z" end-time="2017-08-08 10:16:09Z" duration="0.004874" asserts="0" />
              <test-case id="0-1022" name="GetTest_CollectionsOfDifferentCount" fullname="Task_1.DomainModel.Service.Tests.SubnetContainerManagerTests.GetTest_CollectionsOfDifferentCount" methodname="GetTest_CollectionsOfDifferentCount" classname="Task_1.DomainModel.Service.Tests.SubnetContainerManagerTests" runstate="Runnable" seed="1625462721" result="Passed" start-time="2017-08-08 10:16:09Z" end-time="2017-08-08 10:16:09Z" duration="0.007977" asserts="1" />
              <test-case id="0-1023" name="GetTest_CollectionsOfDifferentElementsId" fullname="Task_1.DomainModel.Service.Tests.SubnetContainerManagerTests.GetTest_CollectionsOfDifferentElementsId" methodname="GetTest_CollectionsOfDifferentElementsId" classname="Task_1.DomainModel.Service.Tests.SubnetContainerManagerTests" runstate="Runnable" seed="1768802593" result="Passed" start-time="2017-08-08 10:16:09Z" end-time="2017-08-08 10:16:09Z" duration="0.003018" asserts="4" />
              <test-case id="0-1024" name="GetTest_CollectionsOfDifferentElementsNetworks" fullname="Task_1.DomainModel.Service.Tests.SubnetContainerManagerTests.GetTest_CollectionsOfDifferentElementsNetworks" methodname="GetTest_CollectionsOfDifferentElementsNetworks" classname="Task_1.DomainModel.Service.Tests.SubnetContainerManagerTests" runstate="Runnable" seed="13348807" result="Passed" start-time="2017-08-08 10:16:09Z" end-time="2017-08-08 10:16:09Z" duration="0.002533" asserts="4" />
              <test-case id="0-1021" name="GetTest_SameCollections" fullname="Task_1.DomainModel.Service.Tests.SubnetContainerManagerTests.GetTest_SameCollections" methodname="GetTest_SameCollections" classname="Task_1.DomainModel.Service.Tests.SubnetContainerManagerTests" runstate="Runnable" seed="1742134404" result="Passed" start-time="2017-08-08 10:16:09Z" end-time="2017-08-08 10:16:09Z" duration="0.003292" asserts="4" />
            </test-suite>
            <test-suite type="TestFixture" id="0-1000" name="SubnetCoverageManagerTests" fullname="Task_1.DomainModel.Service.Tests.SubnetCoverageManagerTests" classname="Task_1.DomainModel.Service.Tests.SubnetCoverageManagerTests" runstate="Runnable" testcasecount="5" result="Passed" start-time="2017-08-08 10:16:09Z" end-time="2017-08-08 10:16:09Z" duration="0.106015" total="5" passed="5" failed="0" warnings="0" inconclusive="0" skipped="0" asserts="6">
              <properties>
                <property name="ParallelScope" value="Self" />
              </properties>
              <test-case id="0-1001" name="GetMinimalCoverage_OneCoversAnother_Success" fullname="Task_1.DomainModel.Service.Tests.SubnetCoverageManagerTests.GetMinimalCoverage_OneCoversAnother_Success" methodname="GetMinimalCoverage_OneCoversAnother_Success" classname="Task_1.DomainModel.Service.Tests.SubnetCoverageManagerTests" runstate="Runnable" seed="24023457" result="Passed" start-time="2017-08-08 10:16:09Z" end-time="2017-08-08 10:16:09Z" duration="0.008797" asserts="1" />
              <test-case id="0-1002" name="GetMinimalCoverage_OneCoversAnotherTwo_Success" fullname="Task_1.DomainModel.Service.Tests.SubnetCoverageManagerTests.GetMinimalCoverage_OneCoversAnotherTwo_Success" methodname="GetMinimalCoverage_OneCoversAnotherTwo_Success" classname="Task_1.DomainModel.Service.Tests.SubnetCoverageManagerTests" runstate="Runnable" seed="1413257019" result="Passed" start-time="2017-08-08 10:16:09Z" end-time="2017-08-08 10:16:09Z" duration="0.002491" asserts="1" />
              <test-case id="0-1005" name="GetMinimalCoverage_SameNetwork_CoverBoth" fullname="Task_1.DomainModel.Service.Tests.SubnetCoverageManagerTests.GetMinimalCoverage_SameNetwork_CoverBoth" methodname="GetMinimalCoverage_SameNetwork_CoverBoth" classname="Task_1.DomainModel.Service.Tests.SubnetCoverageManagerTests" runstate="Runnable" seed="2076687295" result="Passed" start-time="2017-08-08 10:16:09Z" end-time="2017-08-08 10:16:09Z" duration="0.001086" asserts="1" />
              <test-case id="0-1004" name="GetMinimalCoverage_TransitiveCoverage_OneCoversAll" fullname="Task_1.DomainModel.Service.Tests.SubnetCoverageManagerTests.GetMinimalCoverage_TransitiveCoverage_OneCoversAll" methodname="GetMinimalCoverage_TransitiveCoverage_OneCoversAll" classname="Task_1.DomainModel.Service.Tests.SubnetCoverageManagerTests" runstate="Runnable" seed="2142420074" result="Passed" start-time="2017-08-08 10:16:09Z" end-time="2017-08-08 10:16:09Z" duration="0.001609" asserts="1" />
              <test-case id="0-1003" name="GetMinimalCoverage_TwoCoverages_Success" fullname="Task_1.DomainModel.Service.Tests.SubnetCoverageManagerTests.GetMinimalCoverage_TwoCoverages_Success" methodname="GetMinimalCoverage_TwoCoverages_Success" classname="Task_1.DomainModel.Service.Tests.SubnetCoverageManagerTests" runstate="Runnable" seed="1591285767" result="Passed" start-time="2017-08-08 10:16:09Z" end-time="2017-08-08 10:16:09Z" duration="0.003001" asserts="2" />
            </test-suite>
            <test-suite type="TestFixture" id="0-1006" name="SubnetValidatorTests" fullname="Task_1.DomainModel.Service.Tests.SubnetValidatorTests" classname="Task_1.DomainModel.Service.Tests.SubnetValidatorTests" runstate="Runnable" testcasecount="13" result="Passed" start-time="2017-08-08 10:16:09Z" end-time="2017-08-08 10:16:09Z" duration="0.078877" total="13" passed="13" failed="0" warnings="0" inconclusive="0" skipped="0" asserts="26">
              <properties>
                <property name="ParallelScope" value="Self" />
              </properties>
              <test-case id="0-1012" name="IsValidAddress_NegativeAddress_Fail" fullname="Task_1.DomainModel.Service.Tests.SubnetValidatorTests.IsValidAddress_NegativeAddress_Fail" methodname="IsValidAddress_NegativeAddress_Fail" classname="Task_1.DomainModel.Service.Tests.SubnetValidatorTests" runstate="Runnable" seed="1921858817" result="Passed" start-time="2017-08-08 10:16:09Z" end-time="2017-08-08 10:16:09Z" duration="0.000701" asserts="2" />
              <test-case id="0-1010" name="IsValidAddress_NotAnAddress_Fail" fullname="Task_1.DomainModel.Service.Tests.SubnetValidatorTests.IsValidAddress_NotAnAddress_Fail" methodname="IsValidAddress_NotAnAddress_Fail" classname="Task_1.DomainModel.Service.Tests.SubnetValidatorTests" runstate="Runnable" seed="74936659" result="Passed" start-time="2017-08-08 10:16:09Z" end-time="2017-08-08 10:16:09Z" duration="0.000485" asserts="2" />
              <test-case id="0-1007" name="IsValidAddress_RightAddress_Success" fullname="Task_1.DomainModel.Service.Tests.SubnetValidatorTests.IsValidAddress_RightAddress_Success" methodname="IsValidAddress_RightAddress_Success" classname="Task_1.DomainModel.Service.Tests.SubnetValidatorTests" runstate="Runnable" seed="1682447129" result="Passed" start-time="2017-08-08 10:16:09Z" end-time="2017-08-08 10:16:09Z" duration="0.002102" asserts="2" />
              <test-case id="0-1009" name="IsValidAddress_RightMaskedAddress_Success" fullname="Task_1.DomainModel.Service.Tests.SubnetValidatorTests.IsValidAddress_RightMaskedAddress_Success" methodname="IsValidAddress_RightMaskedAddress_Success" classname="Task_1.DomainModel.Service.Tests.SubnetValidatorTests" runstate="Runnable" seed="893092130" result="Passed" start-time="2017-08-08 10:16:09Z" end-time="2017-08-08 10:16:09Z" duration="0.001588" asserts="2" />
              <test-case id="0-1011" name="IsValidAddress_WrongMaskedAddress_Fail" fullname="Task_1.DomainModel.Service.Tests.SubnetValidatorTests.IsValidAddress_WrongMaskedAddress_Fail" methodname="IsValidAddress_WrongMaskedAddress_Fail" classname="Task_1.DomainModel.Service.Tests.SubnetValidatorTests" runstate="Runnable" seed="1669398711" result="Passed" start-time="2017-08-08 10:16:09Z" end-time="2017-08-08 10:16:09Z" duration="0.000392" asserts="2" />
              <test-case id="0-1008" name="IsValidAddress_ZeroAddress_Success" fullname="Task_1.DomainModel.Service.Tests.SubnetValidatorTests.IsValidAddress_ZeroAddress_Success" methodname="IsValidAddress_ZeroAddress_Success" classname="Task_1.DomainModel.Service.Tests.SubnetValidatorTests" runstate="Runnable" seed="647656472" result="Passed" start-time="2017-08-08 10:16:09Z" end-time="2017-08-08 10:16:09Z" duration="0.001261" asserts="2" />
              <test-case id="0-1016" name="IsValidMask_AddressNotAStartForMask_Success" fullname="Task_1.DomainModel.Service.Tests.SubnetValidatorTests.IsValidMask_AddressNotAStartForMask_Success" methodname="IsValidMask_AddressNotAStartForMask_Success" classname="Task_1.DomainModel.Service.Tests.SubnetValidatorTests" runstate="Runnable" seed="726285846" result="Passed" start-time="2017-08-08 10:16:09Z" end-time="2017-08-08 10:16:09Z" duration="0.002713" asserts="2" />
              <test-case id="0-1019" name="IsValidMask_EmptyMask_Fail" fullname="Task_1.DomainModel.Service.Tests.SubnetValidatorTests.IsValidMask_EmptyMask_Fail" methodname="IsValidMask_EmptyMask_Fail" classname="Task_1.DomainModel.Service.Tests.SubnetValidatorTests" runstate="Runnable" seed="1613113615" result="Passed" start-time="2017-08-08 10:16:09Z" end-time="2017-08-08 10:16:09Z" duration="0.000578" asserts="2" />
              <test-case id="0-1017" name="IsValidMask_LargeMask_Fail" fullname="Task_1.DomainModel.Service.Tests.SubnetValidatorTests.IsValidMask_LargeMask_Fail" methodname="IsValidMask_LargeMask_Fail" classname="Task_1.DomainModel.Service.Tests.SubnetValidatorTests" runstate="Runnable" seed="60794071" result="Passed" start-time="2017-08-08 10:16:09Z" end-time="2017-08-08 10:16:09Z" duration="0.001023" asserts="2" />
              <test-case id="0-1018" name="IsValidMask_MoreThanTwoDigitMask_Fail" fullname="Task_1.DomainModel.Service.Tests.SubnetValidatorTests.IsValidMask_MoreThanTwoDigitMask_Fail" methodname="IsValidMask_MoreThanTwoDigitMask_Fail" classname="Task_1.DomainModel.Service.Tests.SubnetValidatorTests" runstate="Runnable" seed="2118944591" result="Passed" start-time="2017-08-08 10:16:09Z" end-time="2017-08-08 10:16:09Z" duration="0.001259" asserts="2" />
              <test-case id="0-1015" name="IsValidMask_NegativeMask_Fail" fullname="Task_1.DomainModel.Service.Tests.SubnetValidatorTests.IsValidMask_NegativeMask_Fail" methodname="IsValidMask_NegativeMask_Fail" classname="Task_1.DomainModel.Service.Tests.SubnetValidatorTests" runstate="Runnable" seed="490342122" result="Passed" start-time="2017-08-08 10:16:09Z" end-time="2017-08-08 10:16:09Z" duration="0.001183" asserts="2" />
              <test-case id="0-1013" name="IsValidMask_RightMask_Success" fullname="Task_1.DomainModel.Service.Tests.SubnetValidatorTests.IsValidMask_RightMask_Success" methodname="IsValidMask_RightMask_Success" classname="Task_1.DomainModel.Service.Tests.SubnetValidatorTests" runstate="Runnable" seed="1461446168" result="Passed" start-time="2017-08-08 10:16:09Z" end-time="2017-08-08 10:16:09Z" duration="0.001091" asserts="2" />
              <test-case id="0-1014" name="IsValidMask_ZeroMask_Success" fullname="Task_1.DomainModel.Service.Tests.SubnetValidatorTests.IsValidMask_ZeroMask_Success" methodname="IsValidMask_ZeroMask_Success" classname="Task_1.DomainModel.Service.Tests.SubnetValidatorTests" runstate="Runnable" seed="1956546465" result="Passed" start-time="2017-08-08 10:16:09Z" end-time="2017-08-08 10:16:09Z" duration="0.000995" asserts="2" />
            </test-suite>
          </test-suite>
        </test-suite>
      </test-suite>
      <test-suite type="TestSuite" id="0-1082" name="Models" fullname="Task_1.Models" runstate="Runnable" testcasecount="10" result="Passed" start-time="2017-08-08 10:16:08Z" end-time="2017-08-08 10:16:09Z" duration="0.709217" total="10" passed="10" failed="0" warnings="0" inconclusive="0" skipped="0" asserts="13">
        <test-suite type="TestSuite" id="0-1083" name="Tests" fullname="Task_1.Models.Tests" runstate="Runnable" testcasecount="10" result="Passed" start-time="2017-08-08 10:16:08Z" end-time="2017-08-08 10:16:09Z" duration="0.707150" total="10" passed="10" failed="0" warnings="0" inconclusive="0" skipped="0" asserts="13">
          <test-suite type="TestFixture" id="0-1043" name="SubnetTests" fullname="Task_1.Models.Tests.SubnetTests" classname="Task_1.Models.Tests.SubnetTests" runstate="Runnable" testcasecount="10" result="Passed" start-time="2017-08-08 10:16:09Z" end-time="2017-08-08 10:16:09Z" duration="0.042902" total="10" passed="10" failed="0" warnings="0" inconclusive="0" skipped="0" asserts="13">
            <properties>
              <property name="ParallelScope" value="Self" />
            </properties>
            <test-case id="0-1047" name="Equals_DifferentIds_Fail" fullname="Task_1.Models.Tests.SubnetTests.Equals_DifferentIds_Fail" methodname="Equals_DifferentIds_Fail" classname="Task_1.Models.Tests.SubnetTests" runstate="Runnable" seed="454105582" result="Passed" start-time="2017-08-08 10:16:09Z" end-time="2017-08-08 10:16:09Z" duration="0.000948" asserts="1" />
            <test-case id="0-1048" name="Equals_DifferentNetworks_Fail" fullname="Task_1.Models.Tests.SubnetTests.Equals_DifferentNetworks_Fail" methodname="Equals_DifferentNetworks_Fail" classname="Task_1.Models.Tests.SubnetTests" runstate="Runnable" seed="2051725784" result="Passed" start-time="2017-08-08 10:16:09Z" end-time="2017-08-08 10:16:09Z" duration="0.002639" asserts="1" />
            <test-case id="0-1046" name="Equals_EqualSubnets_Success" fullname="Task_1.Models.Tests.SubnetTests.Equals_EqualSubnets_Success" methodname="Equals_EqualSubnets_Success" classname="Task_1.Models.Tests.SubnetTests" runstate="Runnable" seed="1433484963" result="Passed" start-time="2017-08-08 10:16:09Z" end-time="2017-08-08 10:16:09Z" duration="0.000465" asserts="1" />
            <test-case id="0-1049" name="Equals_NotASubnet_Fail" fullname="Task_1.Models.Tests.SubnetTests.Equals_NotASubnet_Fail" methodname="Equals_NotASubnet_Fail" classname="Task_1.Models.Tests.SubnetTests" runstate="Runnable" seed="2097121307" result="Passed" start-time="2017-08-08 10:16:09Z" end-time="2017-08-08 10:16:09Z" duration="0.001171" asserts="1" />
            <test-case id="0-1045" name="GetHashCode_SomeString_GivesIdHashCode" fullname="Task_1.Models.Tests.SubnetTests.GetHashCode_SomeString_GivesIdHashCode" methodname="GetHashCode_SomeString_GivesIdHashCode" classname="Task_1.Models.Tests.SubnetTests" runstate="Runnable" seed="585114124" result="Passed" start-time="2017-08-08 10:16:09Z" end-time="2017-08-08 10:16:09Z" duration="0.000490" asserts="1" />
            <test-case id="0-1050" name="IsCovering_LargeSoversSmall_Success" fullname="Task_1.Models.Tests.SubnetTests.IsCovering_LargeSoversSmall_Success" methodname="IsCovering_LargeSoversSmall_Success" classname="Task_1.Models.Tests.SubnetTests" runstate="Runnable" seed="635410306" result="Passed" start-time="2017-08-08 10:16:09Z" end-time="2017-08-08 10:16:09Z" duration="0.000460" asserts="1" />
            <test-case id="0-1052" name="IsCovering_SameSubnets_Success" fullname="Task_1.Models.Tests.SubnetTests.IsCovering_SameSubnets_Success" methodname="IsCovering_SameSubnets_Success" classname="Task_1.Models.Tests.SubnetTests" runstate="Runnable" seed="425332645" result="Passed" start-time="2017-08-08 10:16:09Z" end-time="2017-08-08 10:16:09Z" duration="0.001426" asserts="1" />
            <test-case id="0-1051" name="IsCovering_SmallCoveringLarge_Fail" fullname="Task_1.Models.Tests.SubnetTests.IsCovering_SmallCoveringLarge_Fail" methodname="IsCovering_SmallCoveringLarge_Fail" classname="Task_1.Models.Tests.SubnetTests" runstate="Runnable" seed="769657210" result="Passed" start-time="2017-08-08 10:16:09Z" end-time="2017-08-08 10:16:09Z" duration="0.001089" asserts="1" />
            <test-case id="0-1053" name="IsCovering_TransitiveCover_Success" fullname="Task_1.Models.Tests.SubnetTests.IsCovering_TransitiveCover_Success" methodname="IsCovering_TransitiveCover_Success" classname="Task_1.Models.Tests.SubnetTests" runstate="Runnable" seed="1556167801" result="Passed" start-time="2017-08-08 10:16:09Z" end-time="2017-08-08 10:16:09Z" duration="0.000983" asserts="3" />
            <test-case id="0-1044" name="Subnet_FixedParams_CreatedInstance" fullname="Task_1.Models.Tests.SubnetTests.Subnet_FixedParams_CreatedInstance" methodname="Subnet_FixedParams_CreatedInstance" classname="Task_1.Models.Tests.SubnetTests" runstate="Runnable" seed="875067738" result="Passed" start-time="2017-08-08 10:16:09Z" end-time="2017-08-08 10:16:09Z" duration="0.000552" asserts="2" />
          </test-suite>
        </test-suite>
      </test-suite>
    </test-suite>
  </test-suite>
</test-run>