<?xml version="1.0" encoding="utf-8" standalone="no"?>
<test-run id="2" testcasecount="46" result="Passed" total="46" passed="46" failed="0" inconclusive="0" skipped="0" asserts="52" engine-version="3.7.0.0" clr-version="4.0.30319.42000" start-time="2017-07-26 10:48:13Z" end-time="2017-07-26 10:48:18Z" duration="4.881632">
  <command-line><![CDATA["C:\Users\golubev.dmitriy\Documents\Visual Studio 2015\Projects\Task 1\Task 1.Tests\..\packages\NUnit.ConsoleRunner.3.7.0\tools\nunit3-console.exe" "bin\Debug\Task 1.Tests.dll" --result:test-results.xml;format=nunit3 --workers=1]]></command-line>
  <test-suite type="Assembly" id="0-1051" name="Task 1.Tests.dll" fullname="C:\Users\golubev.dmitriy\Documents\Visual Studio 2015\Projects\Task 1\Task 1.Tests\bin\Debug\Task 1.Tests.dll" runstate="Runnable" testcasecount="46" result="Passed" start-time="2017-07-26 10:48:16Z" end-time="2017-07-26 10:48:18Z" duration="1.299466" total="46" passed="46" failed="0" warnings="0" inconclusive="0" skipped="0" asserts="52">
    <environment framework-version="3.7.1.0" clr-version="4.0.30319.42000" os-version="Microsoft Windows NT 6.1.7601 Service Pack 1" platform="Win32NT" cwd="C:\Users\golubev.dmitriy\Documents\Visual Studio 2015\Projects\Task 1\Task 1.Tests" machine-name="ITM90000916" user="golubev.dmitriy" user-domain="CORP" culture="ru-RU" uiculture="ru-RU" os-architecture="x64" />
    <settings>
      <setting name="DisposeRunners" value="True" />
      <setting name="WorkDirectory" value="C:\Users\golubev.dmitriy\Documents\Visual Studio 2015\Projects\Task 1\Task 1.Tests" />
      <setting name="NumberOfTestWorkers" value="1" />
      <setting name="ImageRuntimeVersion" value="4.0.30319" />
      <setting name="ImageTargetFrameworkName" value=".NETFramework,Version=v4.5.2" />
      <setting name="ImageRequiresX86" value="False" />
      <setting name="ImageRequiresDefaultAppDomainAssemblyResolver" value="False" />
    </settings>
    <properties>
      <property name="_PID" value="7020" />
      <property name="_APPDOMAIN" value="domain-" />
    </properties>
    <test-suite type="TestSuite" id="0-1052" name="Task_1" fullname="Task_1" runstate="Runnable" testcasecount="46" result="Passed" start-time="2017-07-26 10:48:16Z" end-time="2017-07-26 10:48:18Z" duration="1.282071" total="46" passed="46" failed="0" warnings="0" inconclusive="0" skipped="0" asserts="52">
      <test-suite type="TestSuite" id="0-1055" name="DomainModel" fullname="Task_1.DomainModel" runstate="Runnable" testcasecount="36" result="Passed" start-time="2017-07-26 10:48:16Z" end-time="2017-07-26 10:48:18Z" duration="1.253074" total="36" passed="36" failed="0" warnings="0" inconclusive="0" skipped="0" asserts="39">
        <test-suite type="TestSuite" id="0-1058" name="Repository" fullname="Task_1.DomainModel.Repository" runstate="Runnable" testcasecount="7" result="Passed" start-time="2017-07-26 10:48:16Z" end-time="2017-07-26 10:48:17Z" duration="0.700055" total="7" passed="7" failed="0" warnings="0" inconclusive="0" skipped="0" asserts="7">
          <test-suite type="TestSuite" id="0-1059" name="Tests" fullname="Task_1.DomainModel.Repository.Tests" runstate="Runnable" testcasecount="7" result="Passed" start-time="2017-07-26 10:48:16Z" end-time="2017-07-26 10:48:17Z" duration="0.698766" total="7" passed="7" failed="0" warnings="0" inconclusive="0" skipped="0" asserts="7">
            <test-suite type="TestFixture" id="0-1043" name="FileRepositoryTests" fullname="Task_1.DomainModel.Repository.Tests.FileRepositoryTests" classname="Task_1.DomainModel.Repository.Tests.FileRepositoryTests" runstate="Runnable" testcasecount="7" result="Passed" start-time="2017-07-26 10:48:16Z" end-time="2017-07-26 10:48:17Z" duration="0.696827" total="7" passed="7" failed="0" warnings="0" inconclusive="0" skipped="0" asserts="7">
              <test-case id="0-1049" name="Create_RigthData_SubnetsUpdated" fullname="Task_1.DomainModel.Repository.Tests.FileRepositoryTests.Create_RigthData_SubnetsUpdated" methodname="Create_RigthData_SubnetsUpdated" classname="Task_1.DomainModel.Repository.Tests.FileRepositoryTests" runstate="Runnable" seed="1016549218" result="Passed" start-time="2017-07-26 10:48:17Z" end-time="2017-07-26 10:48:17Z" duration="0.507091" asserts="1" />
              <test-case id="0-1050" name="Delete_RigthData_SubnetsUpdated" fullname="Task_1.DomainModel.Repository.Tests.FileRepositoryTests.Delete_RigthData_SubnetsUpdated" methodname="Delete_RigthData_SubnetsUpdated" classname="Task_1.DomainModel.Repository.Tests.FileRepositoryTests" runstate="Runnable" seed="135534584" result="Passed" start-time="2017-07-26 10:48:17Z" end-time="2017-07-26 10:48:17Z" duration="0.025967" asserts="1" />
              <test-case id="0-1045" name="FileRepository_NotExistingFile_Exception" fullname="Task_1.DomainModel.Repository.Tests.FileRepositoryTests.FileRepository_NotExistingFile_Exception" methodname="FileRepository_NotExistingFile_Exception" classname="Task_1.DomainModel.Repository.Tests.FileRepositoryTests" runstate="Runnable" seed="355328918" result="Passed" start-time="2017-07-26 10:48:17Z" end-time="2017-07-26 10:48:17Z" duration="0.062906" asserts="1" />
              <test-case id="0-1044" name="FileRepository_RightFile_NoExceptions" fullname="Task_1.DomainModel.Repository.Tests.FileRepositoryTests.FileRepository_RightFile_NoExceptions" methodname="FileRepository_RightFile_NoExceptions" classname="Task_1.DomainModel.Repository.Tests.FileRepositoryTests" runstate="Runnable" seed="1045485407" result="Passed" start-time="2017-07-26 10:48:17Z" end-time="2017-07-26 10:48:17Z" duration="0.002836" asserts="1" />
              <test-case id="0-1046" name="FileRepository_WrongDataFile_Exception" fullname="Task_1.DomainModel.Repository.Tests.FileRepositoryTests.FileRepository_WrongDataFile_Exception" methodname="FileRepository_WrongDataFile_Exception" classname="Task_1.DomainModel.Repository.Tests.FileRepositoryTests" runstate="Runnable" seed="1914056238" result="Passed" start-time="2017-07-26 10:48:17Z" end-time="2017-07-26 10:48:17Z" duration="0.039712" asserts="1" />
              <test-case id="0-1047" name="GetData_RigthData_Success" fullname="Task_1.DomainModel.Repository.Tests.FileRepositoryTests.GetData_RigthData_Success" methodname="GetData_RigthData_Success" classname="Task_1.DomainModel.Repository.Tests.FileRepositoryTests" runstate="Runnable" seed="1318388263" result="Passed" start-time="2017-07-26 10:48:17Z" end-time="2017-07-26 10:48:17Z" duration="0.000811" asserts="1" />
              <test-case id="0-1048" name="GetDataFromPhysicalSource_NewData_SubnetsUpdated" fullname="Task_1.DomainModel.Repository.Tests.FileRepositoryTests.GetDataFromPhysicalSource_NewData_SubnetsUpdated" methodname="GetDataFromPhysicalSource_NewData_SubnetsUpdated" classname="Task_1.DomainModel.Repository.Tests.FileRepositoryTests" runstate="Runnable" seed="329165179" result="Passed" start-time="2017-07-26 10:48:17Z" end-time="2017-07-26 10:48:17Z" duration="0.027052" asserts="1" />
            </test-suite>
          </test-suite>
        </test-suite>
        <test-suite type="TestSuite" id="0-1056" name="Service" fullname="Task_1.DomainModel.Service" runstate="Runnable" testcasecount="29" result="Passed" start-time="2017-07-26 10:48:17Z" end-time="2017-07-26 10:48:18Z" duration="0.549043" total="29" passed="29" failed="0" warnings="0" inconclusive="0" skipped="0" asserts="32">
          <test-suite type="TestSuite" id="0-1057" name="Tests" fullname="Task_1.DomainModel.Service.Tests" runstate="Runnable" testcasecount="29" result="Passed" start-time="2017-07-26 10:48:17Z" end-time="2017-07-26 10:48:18Z" duration="0.546781" total="29" passed="29" failed="0" warnings="0" inconclusive="0" skipped="0" asserts="32">
            <test-suite type="TestFixture" id="0-1031" name="SubnetContainerManagerTests" fullname="Task_1.DomainModel.Service.Tests.SubnetContainerManagerTests" classname="Task_1.DomainModel.Service.Tests.SubnetContainerManagerTests" runstate="Runnable" testcasecount="11" result="Passed" start-time="2017-07-26 10:48:17Z" end-time="2017-07-26 10:48:18Z" duration="0.488048" total="11" passed="11" failed="0" warnings="0" inconclusive="0" skipped="0" asserts="13">
              <test-case id="0-1037" name="Create_ExistingIdSubnet_RepositoryMethodNotCalled" fullname="Task_1.DomainModel.Service.Tests.SubnetContainerManagerTests.Create_ExistingIdSubnet_RepositoryMethodNotCalled" methodname="Create_ExistingIdSubnet_RepositoryMethodNotCalled" classname="Task_1.DomainModel.Service.Tests.SubnetContainerManagerTests" runstate="Runnable" seed="406619638" result="Passed" start-time="2017-07-26 10:48:17Z" end-time="2017-07-26 10:48:18Z" duration="0.431884" asserts="0" />
              <test-case id="0-1036" name="Create_ValidSubnet_RepositoryMethodCalled" fullname="Task_1.DomainModel.Service.Tests.SubnetContainerManagerTests.Create_ValidSubnet_RepositoryMethodCalled" methodname="Create_ValidSubnet_RepositoryMethodCalled" classname="Task_1.DomainModel.Service.Tests.SubnetContainerManagerTests" runstate="Runnable" seed="1134275028" result="Passed" start-time="2017-07-26 10:48:18Z" end-time="2017-07-26 10:48:18Z" duration="0.005904" asserts="0" />
              <test-case id="0-1038" name="Create_WrongAddressSubnet_RepositoryMethodNotCalled" fullname="Task_1.DomainModel.Service.Tests.SubnetContainerManagerTests.Create_WrongAddressSubnet_RepositoryMethodNotCalled" methodname="Create_WrongAddressSubnet_RepositoryMethodNotCalled" classname="Task_1.DomainModel.Service.Tests.SubnetContainerManagerTests" runstate="Runnable" seed="1044214690" result="Passed" start-time="2017-07-26 10:48:18Z" end-time="2017-07-26 10:48:18Z" duration="0.003969" asserts="0" />
              <test-case id="0-1039" name="Create_WrongMaskSubnet_RepositoryMethodNotCalled" fullname="Task_1.DomainModel.Service.Tests.SubnetContainerManagerTests.Create_WrongMaskSubnet_RepositoryMethodNotCalled" methodname="Create_WrongMaskSubnet_RepositoryMethodNotCalled" classname="Task_1.DomainModel.Service.Tests.SubnetContainerManagerTests" runstate="Runnable" seed="1085495913" result="Passed" start-time="2017-07-26 10:48:18Z" end-time="2017-07-26 10:48:18Z" duration="0.005276" asserts="0" />
              <test-case id="0-1042" name="Delete_EmptyId_RepositoryMethodNotCalled" fullname="Task_1.DomainModel.Service.Tests.SubnetContainerManagerTests.Delete_EmptyId_RepositoryMethodNotCalled" methodname="Delete_EmptyId_RepositoryMethodNotCalled" classname="Task_1.DomainModel.Service.Tests.SubnetContainerManagerTests" runstate="Runnable" seed="17894777" result="Passed" start-time="2017-07-26 10:48:18Z" end-time="2017-07-26 10:48:18Z" duration="0.002975" asserts="0" />
              <test-case id="0-1041" name="Delete_LongId_RepositoryMethodNotCalled" fullname="Task_1.DomainModel.Service.Tests.SubnetContainerManagerTests.Delete_LongId_RepositoryMethodNotCalled" methodname="Delete_LongId_RepositoryMethodNotCalled" classname="Task_1.DomainModel.Service.Tests.SubnetContainerManagerTests" runstate="Runnable" seed="1817153612" result="Passed" start-time="2017-07-26 10:48:18Z" end-time="2017-07-26 10:48:18Z" duration="0.002328" asserts="0" />
              <test-case id="0-1040" name="Delete_ValidId_RepositoryMethodCalled" fullname="Task_1.DomainModel.Service.Tests.SubnetContainerManagerTests.Delete_ValidId_RepositoryMethodCalled" methodname="Delete_ValidId_RepositoryMethodCalled" classname="Task_1.DomainModel.Service.Tests.SubnetContainerManagerTests" runstate="Runnable" seed="304683491" result="Passed" start-time="2017-07-26 10:48:18Z" end-time="2017-07-26 10:48:18Z" duration="0.002451" asserts="0" />
              <test-case id="0-1033" name="GetTest_CollectionsOfDifferentCount" fullname="Task_1.DomainModel.Service.Tests.SubnetContainerManagerTests.GetTest_CollectionsOfDifferentCount" methodname="GetTest_CollectionsOfDifferentCount" classname="Task_1.DomainModel.Service.Tests.SubnetContainerManagerTests" runstate="Runnable" seed="1131875035" result="Passed" start-time="2017-07-26 10:48:18Z" end-time="2017-07-26 10:48:18Z" duration="0.009321" asserts="1" />
              <test-case id="0-1034" name="GetTest_CollectionsOfDifferentElementsId" fullname="Task_1.DomainModel.Service.Tests.SubnetContainerManagerTests.GetTest_CollectionsOfDifferentElementsId" methodname="GetTest_CollectionsOfDifferentElementsId" classname="Task_1.DomainModel.Service.Tests.SubnetContainerManagerTests" runstate="Runnable" seed="1394596273" result="Passed" start-time="2017-07-26 10:48:18Z" end-time="2017-07-26 10:48:18Z" duration="0.002690" asserts="4" />
              <test-case id="0-1035" name="GetTest_CollectionsOfDifferentElementsNetworks" fullname="Task_1.DomainModel.Service.Tests.SubnetContainerManagerTests.GetTest_CollectionsOfDifferentElementsNetworks" methodname="GetTest_CollectionsOfDifferentElementsNetworks" classname="Task_1.DomainModel.Service.Tests.SubnetContainerManagerTests" runstate="Runnable" seed="121195946" result="Passed" start-time="2017-07-26 10:48:18Z" end-time="2017-07-26 10:48:18Z" duration="0.002055" asserts="4" />
              <test-case id="0-1032" name="GetTest_SameCollections" fullname="Task_1.DomainModel.Service.Tests.SubnetContainerManagerTests.GetTest_SameCollections" methodname="GetTest_SameCollections" classname="Task_1.DomainModel.Service.Tests.SubnetContainerManagerTests" runstate="Runnable" seed="237344435" result="Passed" start-time="2017-07-26 10:48:18Z" end-time="2017-07-26 10:48:18Z" duration="0.002308" asserts="4" />
            </test-suite>
            <test-suite type="TestFixture" id="0-1011" name="SubnetCoverageManagerTests" fullname="Task_1.DomainModel.Service.Tests.SubnetCoverageManagerTests" classname="Task_1.DomainModel.Service.Tests.SubnetCoverageManagerTests" runstate="Runnable" testcasecount="5" result="Passed" start-time="2017-07-26 10:48:18Z" end-time="2017-07-26 10:48:18Z" duration="0.022032" total="5" passed="5" failed="0" warnings="0" inconclusive="0" skipped="0" asserts="6">
              <test-case id="0-1012" name="GetMinimalCoverage_OneCoversAnother_Success" fullname="Task_1.DomainModel.Service.Tests.SubnetCoverageManagerTests.GetMinimalCoverage_OneCoversAnother_Success" methodname="GetMinimalCoverage_OneCoversAnother_Success" classname="Task_1.DomainModel.Service.Tests.SubnetCoverageManagerTests" runstate="Runnable" seed="890007086" result="Passed" start-time="2017-07-26 10:48:18Z" end-time="2017-07-26 10:48:18Z" duration="0.010735" asserts="1" />
              <test-case id="0-1013" name="GetMinimalCoverage_OneCoversAnotherTwo_Success" fullname="Task_1.DomainModel.Service.Tests.SubnetCoverageManagerTests.GetMinimalCoverage_OneCoversAnotherTwo_Success" methodname="GetMinimalCoverage_OneCoversAnotherTwo_Success" classname="Task_1.DomainModel.Service.Tests.SubnetCoverageManagerTests" runstate="Runnable" seed="364087853" result="Passed" start-time="2017-07-26 10:48:18Z" end-time="2017-07-26 10:48:18Z" duration="0.001256" asserts="1" />
              <test-case id="0-1016" name="GetMinimalCoverage_SameNetwork_CoverBoth" fullname="Task_1.DomainModel.Service.Tests.SubnetCoverageManagerTests.GetMinimalCoverage_SameNetwork_CoverBoth" methodname="GetMinimalCoverage_SameNetwork_CoverBoth" classname="Task_1.DomainModel.Service.Tests.SubnetCoverageManagerTests" runstate="Runnable" seed="516555467" result="Passed" start-time="2017-07-26 10:48:18Z" end-time="2017-07-26 10:48:18Z" duration="0.000888" asserts="1" />
              <test-case id="0-1015" name="GetMinimalCoverage_TransitiveCoverage_OneCoversAll" fullname="Task_1.DomainModel.Service.Tests.SubnetCoverageManagerTests.GetMinimalCoverage_TransitiveCoverage_OneCoversAll" methodname="GetMinimalCoverage_TransitiveCoverage_OneCoversAll" classname="Task_1.DomainModel.Service.Tests.SubnetCoverageManagerTests" runstate="Runnable" seed="736512339" result="Passed" start-time="2017-07-26 10:48:18Z" end-time="2017-07-26 10:48:18Z" duration="0.000962" asserts="1" />
              <test-case id="0-1014" name="GetMinimalCoverage_TwoCoverages_Success" fullname="Task_1.DomainModel.Service.Tests.SubnetCoverageManagerTests.GetMinimalCoverage_TwoCoverages_Success" methodname="GetMinimalCoverage_TwoCoverages_Success" classname="Task_1.DomainModel.Service.Tests.SubnetCoverageManagerTests" runstate="Runnable" seed="799302658" result="Passed" start-time="2017-07-26 10:48:18Z" end-time="2017-07-26 10:48:18Z" duration="0.001133" asserts="2" />
            </test-suite>
            <test-suite type="TestFixture" id="0-1017" name="SubnetValidatorTests" fullname="Task_1.DomainModel.Service.Tests.SubnetValidatorTests" classname="Task_1.DomainModel.Service.Tests.SubnetValidatorTests" runstate="Runnable" testcasecount="13" result="Passed" start-time="2017-07-26 10:48:18Z" end-time="2017-07-26 10:48:18Z" duration="0.031037" total="13" passed="13" failed="0" warnings="0" inconclusive="0" skipped="0" asserts="13">
              <test-case id="0-1023" name="IsValidAddress_NegativeAddress_Fail" fullname="Task_1.DomainModel.Service.Tests.SubnetValidatorTests.IsValidAddress_NegativeAddress_Fail" methodname="IsValidAddress_NegativeAddress_Fail" classname="Task_1.DomainModel.Service.Tests.SubnetValidatorTests" runstate="Runnable" seed="608408557" result="Passed" start-time="2017-07-26 10:48:18Z" end-time="2017-07-26 10:48:18Z" duration="0.002520" asserts="1" />
              <test-case id="0-1021" name="IsValidAddress_NotAnAddress_Fail" fullname="Task_1.DomainModel.Service.Tests.SubnetValidatorTests.IsValidAddress_NotAnAddress_Fail" methodname="IsValidAddress_NotAnAddress_Fail" classname="Task_1.DomainModel.Service.Tests.SubnetValidatorTests" runstate="Runnable" seed="400249105" result="Passed" start-time="2017-07-26 10:48:18Z" end-time="2017-07-26 10:48:18Z" duration="0.000709" asserts="1" />
              <test-case id="0-1018" name="IsValidAddress_RightAddress_Success" fullname="Task_1.DomainModel.Service.Tests.SubnetValidatorTests.IsValidAddress_RightAddress_Success" methodname="IsValidAddress_RightAddress_Success" classname="Task_1.DomainModel.Service.Tests.SubnetValidatorTests" runstate="Runnable" seed="1216784062" result="Passed" start-time="2017-07-26 10:48:18Z" end-time="2017-07-26 10:48:18Z" duration="0.000266" asserts="1" />
              <test-case id="0-1020" name="IsValidAddress_RightMaskedAddress_Success" fullname="Task_1.DomainModel.Service.Tests.SubnetValidatorTests.IsValidAddress_RightMaskedAddress_Success" methodname="IsValidAddress_RightMaskedAddress_Success" classname="Task_1.DomainModel.Service.Tests.SubnetValidatorTests" runstate="Runnable" seed="214651341" result="Passed" start-time="2017-07-26 10:48:18Z" end-time="2017-07-26 10:48:18Z" duration="0.000254" asserts="1" />
              <test-case id="0-1022" name="IsValidAddress_WrongMaskedAddress_Fail" fullname="Task_1.DomainModel.Service.Tests.SubnetValidatorTests.IsValidAddress_WrongMaskedAddress_Fail" methodname="IsValidAddress_WrongMaskedAddress_Fail" classname="Task_1.DomainModel.Service.Tests.SubnetValidatorTests" runstate="Runnable" seed="184056431" result="Passed" start-time="2017-07-26 10:48:18Z" end-time="2017-07-26 10:48:18Z" duration="0.000380" asserts="1" />
              <test-case id="0-1019" name="IsValidAddress_ZeroAddress_Success" fullname="Task_1.DomainModel.Service.Tests.SubnetValidatorTests.IsValidAddress_ZeroAddress_Success" methodname="IsValidAddress_ZeroAddress_Success" classname="Task_1.DomainModel.Service.Tests.SubnetValidatorTests" runstate="Runnable" seed="1596794248" result="Passed" start-time="2017-07-26 10:48:18Z" end-time="2017-07-26 10:48:18Z" duration="0.000260" asserts="1" />
              <test-case id="0-1027" name="IsValidMask_AddressNotAStartForMask_Success" fullname="Task_1.DomainModel.Service.Tests.SubnetValidatorTests.IsValidMask_AddressNotAStartForMask_Success" methodname="IsValidMask_AddressNotAStartForMask_Success" classname="Task_1.DomainModel.Service.Tests.SubnetValidatorTests" runstate="Runnable" seed="235620781" result="Passed" start-time="2017-07-26 10:48:18Z" end-time="2017-07-26 10:48:18Z" duration="0.000289" asserts="1" />
              <test-case id="0-1030" name="IsValidMask_EmptyMask_Fail" fullname="Task_1.DomainModel.Service.Tests.SubnetValidatorTests.IsValidMask_EmptyMask_Fail" methodname="IsValidMask_EmptyMask_Fail" classname="Task_1.DomainModel.Service.Tests.SubnetValidatorTests" runstate="Runnable" seed="873882049" result="Passed" start-time="2017-07-26 10:48:18Z" end-time="2017-07-26 10:48:18Z" duration="0.000942" asserts="1" />
              <test-case id="0-1028" name="IsValidMask_LargeMask_Fail" fullname="Task_1.DomainModel.Service.Tests.SubnetValidatorTests.IsValidMask_LargeMask_Fail" methodname="IsValidMask_LargeMask_Fail" classname="Task_1.DomainModel.Service.Tests.SubnetValidatorTests" runstate="Runnable" seed="1327674388" result="Passed" start-time="2017-07-26 10:48:18Z" end-time="2017-07-26 10:48:18Z" duration="0.000314" asserts="1" />
              <test-case id="0-1029" name="IsValidMask_MoreThanTwoDigitMask_Fail" fullname="Task_1.DomainModel.Service.Tests.SubnetValidatorTests.IsValidMask_MoreThanTwoDigitMask_Fail" methodname="IsValidMask_MoreThanTwoDigitMask_Fail" classname="Task_1.DomainModel.Service.Tests.SubnetValidatorTests" runstate="Runnable" seed="742880868" result="Passed" start-time="2017-07-26 10:48:18Z" end-time="2017-07-26 10:48:18Z" duration="0.000275" asserts="1" />
              <test-case id="0-1026" name="IsValidMask_NegativeMask_Success" fullname="Task_1.DomainModel.Service.Tests.SubnetValidatorTests.IsValidMask_NegativeMask_Success" methodname="IsValidMask_NegativeMask_Success" classname="Task_1.DomainModel.Service.Tests.SubnetValidatorTests" runstate="Runnable" seed="32023260" result="Passed" start-time="2017-07-26 10:48:18Z" end-time="2017-07-26 10:48:18Z" duration="0.000267" asserts="1" />
              <test-case id="0-1024" name="IsValidMask_RightMask_Success" fullname="Task_1.DomainModel.Service.Tests.SubnetValidatorTests.IsValidMask_RightMask_Success" methodname="IsValidMask_RightMask_Success" classname="Task_1.DomainModel.Service.Tests.SubnetValidatorTests" runstate="Runnable" seed="1424709329" result="Passed" start-time="2017-07-26 10:48:18Z" end-time="2017-07-26 10:48:18Z" duration="0.000770" asserts="1" />
              <test-case id="0-1025" name="IsValidMask_ZeroMask_Success" fullname="Task_1.DomainModel.Service.Tests.SubnetValidatorTests.IsValidMask_ZeroMask_Success" methodname="IsValidMask_ZeroMask_Success" classname="Task_1.DomainModel.Service.Tests.SubnetValidatorTests" runstate="Runnable" seed="1185846646" result="Passed" start-time="2017-07-26 10:48:18Z" end-time="2017-07-26 10:48:18Z" duration="0.000261" asserts="1" />
            </test-suite>
          </test-suite>
        </test-suite>
      </test-suite>
      <test-suite type="TestSuite" id="0-1053" name="Models" fullname="Task_1.Models" runstate="Runnable" testcasecount="10" result="Passed" start-time="2017-07-26 10:48:18Z" end-time="2017-07-26 10:48:18Z" duration="0.025020" total="10" passed="10" failed="0" warnings="0" inconclusive="0" skipped="0" asserts="13">
        <test-suite type="TestSuite" id="0-1054" name="Tests" fullname="Task_1.Models.Tests" runstate="Runnable" testcasecount="10" result="Passed" start-time="2017-07-26 10:48:18Z" end-time="2017-07-26 10:48:18Z" duration="0.023035" total="10" passed="10" failed="0" warnings="0" inconclusive="0" skipped="0" asserts="13">
          <test-suite type="TestFixture" id="0-1000" name="SubnetTests" fullname="Task_1.Models.Tests.SubnetTests" classname="Task_1.Models.Tests.SubnetTests" runstate="Runnable" testcasecount="10" result="Passed" start-time="2017-07-26 10:48:18Z" end-time="2017-07-26 10:48:18Z" duration="0.021076" total="10" passed="10" failed="0" warnings="0" inconclusive="0" skipped="0" asserts="13">
            <test-case id="0-1004" name="Equals_DifferentIds_Fail" fullname="Task_1.Models.Tests.SubnetTests.Equals_DifferentIds_Fail" methodname="Equals_DifferentIds_Fail" classname="Task_1.Models.Tests.SubnetTests" runstate="Runnable" seed="1845149291" result="Passed" start-time="2017-07-26 10:48:18Z" end-time="2017-07-26 10:48:18Z" duration="0.000401" asserts="1" />
            <test-case id="0-1005" name="Equals_DifferentNetworks_Fail" fullname="Task_1.Models.Tests.SubnetTests.Equals_DifferentNetworks_Fail" methodname="Equals_DifferentNetworks_Fail" classname="Task_1.Models.Tests.SubnetTests" runstate="Runnable" seed="435737140" result="Passed" start-time="2017-07-26 10:48:18Z" end-time="2017-07-26 10:48:18Z" duration="0.000347" asserts="1" />
            <test-case id="0-1003" name="Equals_EqualSubnets_Success" fullname="Task_1.Models.Tests.SubnetTests.Equals_EqualSubnets_Success" methodname="Equals_EqualSubnets_Success" classname="Task_1.Models.Tests.SubnetTests" runstate="Runnable" seed="321214019" result="Passed" start-time="2017-07-26 10:48:18Z" end-time="2017-07-26 10:48:18Z" duration="0.000542" asserts="1" />
            <test-case id="0-1006" name="Equals_NotASubnet_Fail" fullname="Task_1.Models.Tests.SubnetTests.Equals_NotASubnet_Fail" methodname="Equals_NotASubnet_Fail" classname="Task_1.Models.Tests.SubnetTests" runstate="Runnable" seed="2092370547" result="Passed" start-time="2017-07-26 10:48:18Z" end-time="2017-07-26 10:48:18Z" duration="0.001130" asserts="1" />
            <test-case id="0-1002" name="GetHashCode_SomeString_GivesIdHashCode" fullname="Task_1.Models.Tests.SubnetTests.GetHashCode_SomeString_GivesIdHashCode" methodname="GetHashCode_SomeString_GivesIdHashCode" classname="Task_1.Models.Tests.SubnetTests" runstate="Runnable" seed="1200494876" result="Passed" start-time="2017-07-26 10:48:18Z" end-time="2017-07-26 10:48:18Z" duration="0.000441" asserts="1" />
            <test-case id="0-1007" name="IsCovering_LargeSoversSmall_Success" fullname="Task_1.Models.Tests.SubnetTests.IsCovering_LargeSoversSmall_Success" methodname="IsCovering_LargeSoversSmall_Success" classname="Task_1.Models.Tests.SubnetTests" runstate="Runnable" seed="1093012204" result="Passed" start-time="2017-07-26 10:48:18Z" end-time="2017-07-26 10:48:18Z" duration="0.000373" asserts="1" />
            <test-case id="0-1009" name="IsCovering_SameSubnets_Success" fullname="Task_1.Models.Tests.SubnetTests.IsCovering_SameSubnets_Success" methodname="IsCovering_SameSubnets_Success" classname="Task_1.Models.Tests.SubnetTests" runstate="Runnable" seed="464716667" result="Passed" start-time="2017-07-26 10:48:18Z" end-time="2017-07-26 10:48:18Z" duration="0.000321" asserts="1" />
            <test-case id="0-1008" name="IsCovering_SmallCoveringLarge_Fail" fullname="Task_1.Models.Tests.SubnetTests.IsCovering_SmallCoveringLarge_Fail" methodname="IsCovering_SmallCoveringLarge_Fail" classname="Task_1.Models.Tests.SubnetTests" runstate="Runnable" seed="1040826216" result="Passed" start-time="2017-07-26 10:48:18Z" end-time="2017-07-26 10:48:18Z" duration="0.000900" asserts="1" />
            <test-case id="0-1010" name="IsCovering_TransitiveCover_Success" fullname="Task_1.Models.Tests.SubnetTests.IsCovering_TransitiveCover_Success" methodname="IsCovering_TransitiveCover_Success" classname="Task_1.Models.Tests.SubnetTests" runstate="Runnable" seed="1355597870" result="Passed" start-time="2017-07-26 10:48:18Z" end-time="2017-07-26 10:48:18Z" duration="0.000401" asserts="3" />
            <test-case id="0-1001" name="Subnet_FixedParams_CreatedInstance" fullname="Task_1.Models.Tests.SubnetTests.Subnet_FixedParams_CreatedInstance" methodname="Subnet_FixedParams_CreatedInstance" classname="Task_1.Models.Tests.SubnetTests" runstate="Runnable" seed="733274338" result="Passed" start-time="2017-07-26 10:48:18Z" end-time="2017-07-26 10:48:18Z" duration="0.000489" asserts="2" />
          </test-suite>
        </test-suite>
      </test-suite>
    </test-suite>
  </test-suite>
</test-run>